<!DOCTYPE html>
<html>
<head>
    <title>KARTAGO SK ||| https://kartagosk.stg.dtweb.cz/</title>
    <meta name="generator" content="HTMLTestRunner 1.0.17"/>
    <meta http-equiv="Content-Type" content="text/html; charset=UTF-8"/>
    <link rel="stylesheet" href="stylesheet.css">
    <script src="script.js"></script>
    <style>
        
    </style>
    <script>
        
    </script>
</head>
<body>
<div class='heading'>
    <h1 style="margin-left:1ex;">KARTAGO SK ||| https://kartagosk.stg.dtweb.cz/</h1>
    
    <p class='attribute'><strong>Start Time : </strong> 2024-05-24 16:09:24</p>
    
    <p class='attribute'><strong>Duration : </strong> 0:01:41.925293</p>
    
    <p class='attribute'><strong>Status : </strong> Error 24</p>
    
    <p class='attribute'><strong>Descrition : </strong> KARTAGO SK WEB Suite Report - version --- KTGSK- FWSK release 2024-04-24 ---</p>
    
    <p class='attribute'><strong>Tested By : </strong> Unknown</p>
    
</div>
<div>
    <p id='show_detail_line'><b>Show</b>
        <button><a href='javascript:showCase(0)' style="color:#660066;">Summary</a></button>
        <button><a href='javascript:showCase(1)' style="color:#660066;">Failed</a></button>
        <button><a href='javascript:showCase(2)' style="color:#660066;">Passed</a></button>
        <button><a href='javascript:showCase(3)' style="color:#660066;">All</a></button>
    </p>
    <table id='result_table'>
        <colgroup>
            <col align='left'/>
            <col align='right'/>
            <col align='right'/>
            <col align='right'/>
            <col align='right'/>
            <col align='right'/>
        </colgroup>
        <tr id='header_row'>
            <td>Test Group/Test case</td>
            <td>Count</td>
            <td>Pass</td>
            <td>Fail</td>
            <td>Error</td>
            <td>View</td>
        </tr>
        
        <tr class='errorClass' style="font-weight:bold;color:white;">
            <td><a href="javascript:showClassDetail('c1','1')">KTGSK_Automation_Local_Deploy_PyCharm.Detail_D.TestDetailHotelu_D</a></td>
            <td>1</td>
            <td>0</td>
            <td>0</td>
            <td>1</td>
            <td>
                <button><a href="javascript:showClassDetail('c1','1')"
                           style="color:#660066;">Detail</a></button>
            </td>
        </tr>
            
            <tr id="ft1.1" class='none'>
                <td class='errorCase'>
                    <div class='testcase'>
                        <a class="popup_link" onfocus='this.blur();'
                           href="javascript:showTestDetail('div_ft1.1')">test_detail_D</a>
                    </div>
                </td>
                <td colspan='5' align='center'>
                    <div>
                        <!--css div popup start-->
                        <button>
                            <a class="popup_link" onfocus='this.blur();'
                               href="javascript:showTestDetail('div_ft1.1')" style="color:#660066;">
                                ERROR
                            </a></button>
                        <div id='div_ft1.1' class="popup_window">
                            <div style='text-align: right; color:red;cursor:pointer'>
                                <a onfocus='this.blur();'
                                   onclick="document.getElementById('div_ft1.1').style.display = 'none'; "
                                   style="color:red;">
                                    [x]</a>
                            </div>
                            <pre></pre>
                            <pre style="color: red;">Traceback (most recent call last):
  File "C:\Users\KADOUN\Desktop\Automatization_Project_Master_QA\KTGSK_Automation_Local_Deploy_PyCharm\Detail_D.py", line 13, in setUp
    setUp(self)
  File "C:\Users\KADOUN\Desktop\Automatization_Project_Master_QA\KTGSK_Automation_Local_Deploy_PyCharm\to_import.py", line 63, in setUp
    self.driver = webdriver.Chrome(executable_path=chrome_driver_path)
  File "C:\Users\KADOUN\AppData\Roaming\Python\Python38\site-packages\selenium\webdriver\chrome\webdriver.py", line 76, in __init__
    RemoteWebDriver.__init__(
  File "C:\Users\KADOUN\AppData\Roaming\Python\Python38\site-packages\selenium\webdriver\remote\webdriver.py", line 157, in __init__
    self.start_session(capabilities, browser_profile)
  File "C:\Users\KADOUN\AppData\Roaming\Python\Python38\site-packages\selenium\webdriver\remote\webdriver.py", line 252, in start_session
    response = self.execute(Command.NEW_SESSION, parameters)
  File "C:\Users\KADOUN\AppData\Roaming\Python\Python38\site-packages\selenium\webdriver\remote\webdriver.py", line 321, in execute
    self.error_handler.check_response(response)
  File "C:\Users\KADOUN\AppData\Roaming\Python\Python38\site-packages\selenium\webdriver\remote\errorhandler.py", line 242, in check_response
    raise exception_class(message, screen, stacktrace)
selenium.common.exceptions.SessionNotCreatedException: Message: session not created: This version of ChromeDriver only supports Chrome version 123
Current browser version is 125.0.6422.77 with binary path C:\Program Files (x86)\Google\Chrome\Application\chrome.exe

</pre>
                        </div>
                        <!--css div popup end-->
                    </div>
                </td>
            </tr>
            
        
        <tr class='errorClass' style="font-weight:bold;color:white;">
            <td><a href="javascript:showClassDetail('c2','3')">KTGSK_Automation_Local_Deploy_PyCharm.Detail_C.TestDetailHotelu_C</a></td>
            <td>3</td>
            <td>0</td>
            <td>0</td>
            <td>3</td>
            <td>
                <button><a href="javascript:showClassDetail('c2','3')"
                           style="color:#660066;">Detail</a></button>
            </td>
        </tr>
            
            <tr id="ft2.1" class='none'>
                <td class='errorCase'>
                    <div class='testcase'>
                        <a class="popup_link" onfocus='this.blur();'
                           href="javascript:showTestDetail('div_ft2.1')">test_detail_fotka</a>
                    </div>
                </td>
                <td colspan='5' align='center'>
                    <div>
                        <!--css div popup start-->
                        <button>
                            <a class="popup_link" onfocus='this.blur();'
                               href="javascript:showTestDetail('div_ft2.1')" style="color:#660066;">
                                ERROR
                            </a></button>
                        <div id='div_ft2.1' class="popup_window">
                            <div style='text-align: right; color:red;cursor:pointer'>
                                <a onfocus='this.blur();'
                                   onclick="document.getElementById('div_ft2.1').style.display = 'none'; "
                                   style="color:red;">
                                    [x]</a>
                            </div>
                            <pre></pre>
                            <pre style="color: red;">Traceback (most recent call last):
  File "C:\Users\KADOUN\Desktop\Automatization_Project_Master_QA\KTGSK_Automation_Local_Deploy_PyCharm\Detail_C.py", line 37, in setUp
    setUp(self)
  File "C:\Users\KADOUN\Desktop\Automatization_Project_Master_QA\KTGSK_Automation_Local_Deploy_PyCharm\to_import.py", line 63, in setUp
    self.driver = webdriver.Chrome(executable_path=chrome_driver_path)
  File "C:\Users\KADOUN\AppData\Roaming\Python\Python38\site-packages\selenium\webdriver\chrome\webdriver.py", line 76, in __init__
    RemoteWebDriver.__init__(
  File "C:\Users\KADOUN\AppData\Roaming\Python\Python38\site-packages\selenium\webdriver\remote\webdriver.py", line 157, in __init__
    self.start_session(capabilities, browser_profile)
  File "C:\Users\KADOUN\AppData\Roaming\Python\Python38\site-packages\selenium\webdriver\remote\webdriver.py", line 252, in start_session
    response = self.execute(Command.NEW_SESSION, parameters)
  File "C:\Users\KADOUN\AppData\Roaming\Python\Python38\site-packages\selenium\webdriver\remote\webdriver.py", line 321, in execute
    self.error_handler.check_response(response)
  File "C:\Users\KADOUN\AppData\Roaming\Python\Python38\site-packages\selenium\webdriver\remote\errorhandler.py", line 242, in check_response
    raise exception_class(message, screen, stacktrace)
selenium.common.exceptions.SessionNotCreatedException: Message: session not created: This version of ChromeDriver only supports Chrome version 123
Current browser version is 125.0.6422.77 with binary path C:\Program Files (x86)\Google\Chrome\Application\chrome.exe

</pre>
                        </div>
                        <!--css div popup end-->
                    </div>
                </td>
            </tr>
            
            <tr id="ft2.2" class='none'>
                <td class='errorCase'>
                    <div class='testcase'>
                        <a class="popup_link" onfocus='this.blur();'
                           href="javascript:showTestDetail('div_ft2.2')">test_detail_terminy_filtr_meal</a>
                    </div>
                </td>
                <td colspan='5' align='center'>
                    <div>
                        <!--css div popup start-->
                        <button>
                            <a class="popup_link" onfocus='this.blur();'
                               href="javascript:showTestDetail('div_ft2.2')" style="color:#660066;">
                                ERROR
                            </a></button>
                        <div id='div_ft2.2' class="popup_window">
                            <div style='text-align: right; color:red;cursor:pointer'>
                                <a onfocus='this.blur();'
                                   onclick="document.getElementById('div_ft2.2').style.display = 'none'; "
                                   style="color:red;">
                                    [x]</a>
                            </div>
                            <pre></pre>
                            <pre style="color: red;">Traceback (most recent call last):
  File "C:\Users\KADOUN\Desktop\Automatization_Project_Master_QA\KTGSK_Automation_Local_Deploy_PyCharm\Detail_C.py", line 37, in setUp
    setUp(self)
  File "C:\Users\KADOUN\Desktop\Automatization_Project_Master_QA\KTGSK_Automation_Local_Deploy_PyCharm\to_import.py", line 63, in setUp
    self.driver = webdriver.Chrome(executable_path=chrome_driver_path)
  File "C:\Users\KADOUN\AppData\Roaming\Python\Python38\site-packages\selenium\webdriver\chrome\webdriver.py", line 76, in __init__
    RemoteWebDriver.__init__(
  File "C:\Users\KADOUN\AppData\Roaming\Python\Python38\site-packages\selenium\webdriver\remote\webdriver.py", line 157, in __init__
    self.start_session(capabilities, browser_profile)
  File "C:\Users\KADOUN\AppData\Roaming\Python\Python38\site-packages\selenium\webdriver\remote\webdriver.py", line 252, in start_session
    response = self.execute(Command.NEW_SESSION, parameters)
  File "C:\Users\KADOUN\AppData\Roaming\Python\Python38\site-packages\selenium\webdriver\remote\webdriver.py", line 321, in execute
    self.error_handler.check_response(response)
  File "C:\Users\KADOUN\AppData\Roaming\Python\Python38\site-packages\selenium\webdriver\remote\errorhandler.py", line 242, in check_response
    raise exception_class(message, screen, stacktrace)
selenium.common.exceptions.SessionNotCreatedException: Message: session not created: This version of ChromeDriver only supports Chrome version 123
Current browser version is 125.0.6422.77 with binary path C:\Program Files (x86)\Google\Chrome\Application\chrome.exe

</pre>
                        </div>
                        <!--css div popup end-->
                    </div>
                </td>
            </tr>
            
            <tr id="ft2.3" class='none'>
                <td class='errorCase'>
                    <div class='testcase'>
                        <a class="popup_link" onfocus='this.blur();'
                           href="javascript:showTestDetail('div_ft2.3')">test_detail_terminy_filtr_airport</a>
                    </div>
                </td>
                <td colspan='5' align='center'>
                    <div>
                        <!--css div popup start-->
                        <button>
                            <a class="popup_link" onfocus='this.blur();'
                               href="javascript:showTestDetail('div_ft2.3')" style="color:#660066;">
                                ERROR
                            </a></button>
                        <div id='div_ft2.3' class="popup_window">
                            <div style='text-align: right; color:red;cursor:pointer'>
                                <a onfocus='this.blur();'
                                   onclick="document.getElementById('div_ft2.3').style.display = 'none'; "
                                   style="color:red;">
                                    [x]</a>
                            </div>
                            <pre></pre>
                            <pre style="color: red;">Traceback (most recent call last):
  File "C:\Users\KADOUN\Desktop\Automatization_Project_Master_QA\KTGSK_Automation_Local_Deploy_PyCharm\Detail_C.py", line 37, in setUp
    setUp(self)
  File "C:\Users\KADOUN\Desktop\Automatization_Project_Master_QA\KTGSK_Automation_Local_Deploy_PyCharm\to_import.py", line 63, in setUp
    self.driver = webdriver.Chrome(executable_path=chrome_driver_path)
  File "C:\Users\KADOUN\AppData\Roaming\Python\Python38\site-packages\selenium\webdriver\chrome\webdriver.py", line 76, in __init__
    RemoteWebDriver.__init__(
  File "C:\Users\KADOUN\AppData\Roaming\Python\Python38\site-packages\selenium\webdriver\remote\webdriver.py", line 157, in __init__
    self.start_session(capabilities, browser_profile)
  File "C:\Users\KADOUN\AppData\Roaming\Python\Python38\site-packages\selenium\webdriver\remote\webdriver.py", line 252, in start_session
    response = self.execute(Command.NEW_SESSION, parameters)
  File "C:\Users\KADOUN\AppData\Roaming\Python\Python38\site-packages\selenium\webdriver\remote\webdriver.py", line 321, in execute
    self.error_handler.check_response(response)
  File "C:\Users\KADOUN\AppData\Roaming\Python\Python38\site-packages\selenium\webdriver\remote\errorhandler.py", line 242, in check_response
    raise exception_class(message, screen, stacktrace)
selenium.common.exceptions.SessionNotCreatedException: Message: session not created: This version of ChromeDriver only supports Chrome version 123
Current browser version is 125.0.6422.77 with binary path C:\Program Files (x86)\Google\Chrome\Application\chrome.exe

</pre>
                        </div>
                        <!--css div popup end-->
                    </div>
                </td>
            </tr>
            
        
        <tr class='errorClass' style="font-weight:bold;color:white;">
            <td><a href="javascript:showClassDetail('c3','1')">KTGSK_Automation_Local_Deploy_PyCharm.DetskeKluby_D.TestDetskeKluby_D</a></td>
            <td>1</td>
            <td>0</td>
            <td>0</td>
            <td>1</td>
            <td>
                <button><a href="javascript:showClassDetail('c3','1')"
                           style="color:#660066;">Detail</a></button>
            </td>
        </tr>
            
            <tr id="ft3.1" class='none'>
                <td class='errorCase'>
                    <div class='testcase'>
                        <a class="popup_link" onfocus='this.blur();'
                           href="javascript:showTestDetail('div_ft3.1')">test_kluby_D</a>
                    </div>
                </td>
                <td colspan='5' align='center'>
                    <div>
                        <!--css div popup start-->
                        <button>
                            <a class="popup_link" onfocus='this.blur();'
                               href="javascript:showTestDetail('div_ft3.1')" style="color:#660066;">
                                ERROR
                            </a></button>
                        <div id='div_ft3.1' class="popup_window">
                            <div style='text-align: right; color:red;cursor:pointer'>
                                <a onfocus='this.blur();'
                                   onclick="document.getElementById('div_ft3.1').style.display = 'none'; "
                                   style="color:red;">
                                    [x]</a>
                            </div>
                            <pre></pre>
                            <pre style="color: red;">Traceback (most recent call last):
  File "C:\Users\KADOUN\Desktop\Automatization_Project_Master_QA\KTGSK_Automation_Local_Deploy_PyCharm\DetskeKluby_D.py", line 10, in setUp
    setUp(self)
  File "C:\Users\KADOUN\Desktop\Automatization_Project_Master_QA\KTGSK_Automation_Local_Deploy_PyCharm\to_import.py", line 63, in setUp
    self.driver = webdriver.Chrome(executable_path=chrome_driver_path)
  File "C:\Users\KADOUN\AppData\Roaming\Python\Python38\site-packages\selenium\webdriver\chrome\webdriver.py", line 76, in __init__
    RemoteWebDriver.__init__(
  File "C:\Users\KADOUN\AppData\Roaming\Python\Python38\site-packages\selenium\webdriver\remote\webdriver.py", line 157, in __init__
    self.start_session(capabilities, browser_profile)
  File "C:\Users\KADOUN\AppData\Roaming\Python\Python38\site-packages\selenium\webdriver\remote\webdriver.py", line 252, in start_session
    response = self.execute(Command.NEW_SESSION, parameters)
  File "C:\Users\KADOUN\AppData\Roaming\Python\Python38\site-packages\selenium\webdriver\remote\webdriver.py", line 321, in execute
    self.error_handler.check_response(response)
  File "C:\Users\KADOUN\AppData\Roaming\Python\Python38\site-packages\selenium\webdriver\remote\errorhandler.py", line 242, in check_response
    raise exception_class(message, screen, stacktrace)
selenium.common.exceptions.SessionNotCreatedException: Message: session not created: This version of ChromeDriver only supports Chrome version 123
Current browser version is 125.0.6422.77 with binary path C:\Program Files (x86)\Google\Chrome\Application\chrome.exe

</pre>
                        </div>
                        <!--css div popup end-->
                    </div>
                </td>
            </tr>
            
        
        <tr class='errorClass' style="font-weight:bold;color:white;">
            <td><a href="javascript:showClassDetail('c4','1')">KTGSK_Automation_Local_Deploy_PyCharm.FM_D.TestFM_D</a></td>
            <td>1</td>
            <td>0</td>
            <td>0</td>
            <td>1</td>
            <td>
                <button><a href="javascript:showClassDetail('c4','1')"
                           style="color:#660066;">Detail</a></button>
            </td>
        </tr>
            
            <tr id="ft4.1" class='none'>
                <td class='errorCase'>
                    <div class='testcase'>
                        <a class="popup_link" onfocus='this.blur();'
                           href="javascript:showTestDetail('div_ft4.1')">test_FM_D</a>
                    </div>
                </td>
                <td colspan='5' align='center'>
                    <div>
                        <!--css div popup start-->
                        <button>
                            <a class="popup_link" onfocus='this.blur();'
                               href="javascript:showTestDetail('div_ft4.1')" style="color:#660066;">
                                ERROR
                            </a></button>
                        <div id='div_ft4.1' class="popup_window">
                            <div style='text-align: right; color:red;cursor:pointer'>
                                <a onfocus='this.blur();'
                                   onclick="document.getElementById('div_ft4.1').style.display = 'none'; "
                                   style="color:red;">
                                    [x]</a>
                            </div>
                            <pre></pre>
                            <pre style="color: red;">Traceback (most recent call last):
  File "C:\Users\KADOUN\Desktop\Automatization_Project_Master_QA\KTGSK_Automation_Local_Deploy_PyCharm\FM_D.py", line 13, in setUp
    setUp(self)
  File "C:\Users\KADOUN\Desktop\Automatization_Project_Master_QA\KTGSK_Automation_Local_Deploy_PyCharm\to_import.py", line 63, in setUp
    self.driver = webdriver.Chrome(executable_path=chrome_driver_path)
  File "C:\Users\KADOUN\AppData\Roaming\Python\Python38\site-packages\selenium\webdriver\chrome\webdriver.py", line 76, in __init__
    RemoteWebDriver.__init__(
  File "C:\Users\KADOUN\AppData\Roaming\Python\Python38\site-packages\selenium\webdriver\remote\webdriver.py", line 157, in __init__
    self.start_session(capabilities, browser_profile)
  File "C:\Users\KADOUN\AppData\Roaming\Python\Python38\site-packages\selenium\webdriver\remote\webdriver.py", line 252, in start_session
    response = self.execute(Command.NEW_SESSION, parameters)
  File "C:\Users\KADOUN\AppData\Roaming\Python\Python38\site-packages\selenium\webdriver\remote\webdriver.py", line 321, in execute
    self.error_handler.check_response(response)
  File "C:\Users\KADOUN\AppData\Roaming\Python\Python38\site-packages\selenium\webdriver\remote\errorhandler.py", line 242, in check_response
    raise exception_class(message, screen, stacktrace)
selenium.common.exceptions.SessionNotCreatedException: Message: session not created: This version of ChromeDriver only supports Chrome version 123
Current browser version is 125.0.6422.77 with binary path C:\Program Files (x86)\Google\Chrome\Application\chrome.exe

</pre>
                        </div>
                        <!--css div popup end-->
                    </div>
                </td>
            </tr>
            
        
        <tr class='errorClass' style="font-weight:bold;color:white;">
            <td><a href="javascript:showClassDetail('c5','2')">KTGSK_Automation_Local_Deploy_PyCharm.fulltext_C.Test_Fulltext_C</a></td>
            <td>2</td>
            <td>0</td>
            <td>0</td>
            <td>2</td>
            <td>
                <button><a href="javascript:showClassDetail('c5','2')"
                           style="color:#660066;">Detail</a></button>
            </td>
        </tr>
            
            <tr id="ft5.1" class='none'>
                <td class='errorCase'>
                    <div class='testcase'>
                        <a class="popup_link" onfocus='this.blur();'
                           href="javascript:showTestDetail('div_ft5.1')">test_fulltext_naseptavac</a>
                    </div>
                </td>
                <td colspan='5' align='center'>
                    <div>
                        <!--css div popup start-->
                        <button>
                            <a class="popup_link" onfocus='this.blur();'
                               href="javascript:showTestDetail('div_ft5.1')" style="color:#660066;">
                                ERROR
                            </a></button>
                        <div id='div_ft5.1' class="popup_window">
                            <div style='text-align: right; color:red;cursor:pointer'>
                                <a onfocus='this.blur();'
                                   onclick="document.getElementById('div_ft5.1').style.display = 'none'; "
                                   style="color:red;">
                                    [x]</a>
                            </div>
                            <pre></pre>
                            <pre style="color: red;">Traceback (most recent call last):
  File "C:\Users\KADOUN\Desktop\Automatization_Project_Master_QA\KTGSK_Automation_Local_Deploy_PyCharm\fulltext_C.py", line 15, in setUp
    setUp(self)
  File "C:\Users\KADOUN\Desktop\Automatization_Project_Master_QA\KTGSK_Automation_Local_Deploy_PyCharm\to_import.py", line 63, in setUp
    self.driver = webdriver.Chrome(executable_path=chrome_driver_path)
  File "C:\Users\KADOUN\AppData\Roaming\Python\Python38\site-packages\selenium\webdriver\chrome\webdriver.py", line 76, in __init__
    RemoteWebDriver.__init__(
  File "C:\Users\KADOUN\AppData\Roaming\Python\Python38\site-packages\selenium\webdriver\remote\webdriver.py", line 157, in __init__
    self.start_session(capabilities, browser_profile)
  File "C:\Users\KADOUN\AppData\Roaming\Python\Python38\site-packages\selenium\webdriver\remote\webdriver.py", line 252, in start_session
    response = self.execute(Command.NEW_SESSION, parameters)
  File "C:\Users\KADOUN\AppData\Roaming\Python\Python38\site-packages\selenium\webdriver\remote\webdriver.py", line 321, in execute
    self.error_handler.check_response(response)
  File "C:\Users\KADOUN\AppData\Roaming\Python\Python38\site-packages\selenium\webdriver\remote\errorhandler.py", line 242, in check_response
    raise exception_class(message, screen, stacktrace)
selenium.common.exceptions.SessionNotCreatedException: Message: session not created: This version of ChromeDriver only supports Chrome version 123
Current browser version is 125.0.6422.77 with binary path C:\Program Files (x86)\Google\Chrome\Application\chrome.exe

</pre>
                        </div>
                        <!--css div popup end-->
                    </div>
                </td>
            </tr>
            
            <tr id="ft5.2" class='none'>
                <td class='errorCase'>
                    <div class='testcase'>
                        <a class="popup_link" onfocus='this.blur();'
                           href="javascript:showTestDetail('div_ft5.2')">test_fulltext_results_status_check</a>
                    </div>
                </td>
                <td colspan='5' align='center'>
                    <div>
                        <!--css div popup start-->
                        <button>
                            <a class="popup_link" onfocus='this.blur();'
                               href="javascript:showTestDetail('div_ft5.2')" style="color:#660066;">
                                ERROR
                            </a></button>
                        <div id='div_ft5.2' class="popup_window">
                            <div style='text-align: right; color:red;cursor:pointer'>
                                <a onfocus='this.blur();'
                                   onclick="document.getElementById('div_ft5.2').style.display = 'none'; "
                                   style="color:red;">
                                    [x]</a>
                            </div>
                            <pre></pre>
                            <pre style="color: red;">Traceback (most recent call last):
  File "C:\Users\KADOUN\Desktop\Automatization_Project_Master_QA\KTGSK_Automation_Local_Deploy_PyCharm\fulltext_C.py", line 15, in setUp
    setUp(self)
  File "C:\Users\KADOUN\Desktop\Automatization_Project_Master_QA\KTGSK_Automation_Local_Deploy_PyCharm\to_import.py", line 63, in setUp
    self.driver = webdriver.Chrome(executable_path=chrome_driver_path)
  File "C:\Users\KADOUN\AppData\Roaming\Python\Python38\site-packages\selenium\webdriver\chrome\webdriver.py", line 76, in __init__
    RemoteWebDriver.__init__(
  File "C:\Users\KADOUN\AppData\Roaming\Python\Python38\site-packages\selenium\webdriver\remote\webdriver.py", line 157, in __init__
    self.start_session(capabilities, browser_profile)
  File "C:\Users\KADOUN\AppData\Roaming\Python\Python38\site-packages\selenium\webdriver\remote\webdriver.py", line 252, in start_session
    response = self.execute(Command.NEW_SESSION, parameters)
  File "C:\Users\KADOUN\AppData\Roaming\Python\Python38\site-packages\selenium\webdriver\remote\webdriver.py", line 321, in execute
    self.error_handler.check_response(response)
  File "C:\Users\KADOUN\AppData\Roaming\Python\Python38\site-packages\selenium\webdriver\remote\errorhandler.py", line 242, in check_response
    raise exception_class(message, screen, stacktrace)
selenium.common.exceptions.SessionNotCreatedException: Message: session not created: This version of ChromeDriver only supports Chrome version 123
Current browser version is 125.0.6422.77 with binary path C:\Program Files (x86)\Google\Chrome\Application\chrome.exe

</pre>
                        </div>
                        <!--css div popup end-->
                    </div>
                </td>
            </tr>
            
        
        <tr class='errorClass' style="font-weight:bold;color:white;">
            <td><a href="javascript:showClassDetail('c6','1')">KTGSK_Automation_Local_Deploy_PyCharm.groupsearch_D.Test_Groupsearch_D</a></td>
            <td>1</td>
            <td>0</td>
            <td>0</td>
            <td>1</td>
            <td>
                <button><a href="javascript:showClassDetail('c6','1')"
                           style="color:#660066;">Detail</a></button>
            </td>
        </tr>
            
            <tr id="ft6.1" class='none'>
                <td class='errorCase'>
                    <div class='testcase'>
                        <a class="popup_link" onfocus='this.blur();'
                           href="javascript:showTestDetail('div_ft6.1')">test_groupsearch_D</a>
                    </div>
                </td>
                <td colspan='5' align='center'>
                    <div>
                        <!--css div popup start-->
                        <button>
                            <a class="popup_link" onfocus='this.blur();'
                               href="javascript:showTestDetail('div_ft6.1')" style="color:#660066;">
                                ERROR
                            </a></button>
                        <div id='div_ft6.1' class="popup_window">
                            <div style='text-align: right; color:red;cursor:pointer'>
                                <a onfocus='this.blur();'
                                   onclick="document.getElementById('div_ft6.1').style.display = 'none'; "
                                   style="color:red;">
                                    [x]</a>
                            </div>
                            <pre></pre>
                            <pre style="color: red;">Traceback (most recent call last):
  File "C:\Users\KADOUN\Desktop\Automatization_Project_Master_QA\KTGSK_Automation_Local_Deploy_PyCharm\groupsearch_D.py", line 13, in setUp
    setUp(self)
  File "C:\Users\KADOUN\Desktop\Automatization_Project_Master_QA\KTGSK_Automation_Local_Deploy_PyCharm\to_import.py", line 63, in setUp
    self.driver = webdriver.Chrome(executable_path=chrome_driver_path)
  File "C:\Users\KADOUN\AppData\Roaming\Python\Python38\site-packages\selenium\webdriver\chrome\webdriver.py", line 76, in __init__
    RemoteWebDriver.__init__(
  File "C:\Users\KADOUN\AppData\Roaming\Python\Python38\site-packages\selenium\webdriver\remote\webdriver.py", line 157, in __init__
    self.start_session(capabilities, browser_profile)
  File "C:\Users\KADOUN\AppData\Roaming\Python\Python38\site-packages\selenium\webdriver\remote\webdriver.py", line 252, in start_session
    response = self.execute(Command.NEW_SESSION, parameters)
  File "C:\Users\KADOUN\AppData\Roaming\Python\Python38\site-packages\selenium\webdriver\remote\webdriver.py", line 321, in execute
    self.error_handler.check_response(response)
  File "C:\Users\KADOUN\AppData\Roaming\Python\Python38\site-packages\selenium\webdriver\remote\errorhandler.py", line 242, in check_response
    raise exception_class(message, screen, stacktrace)
selenium.common.exceptions.SessionNotCreatedException: Message: session not created: This version of ChromeDriver only supports Chrome version 123
Current browser version is 125.0.6422.77 with binary path C:\Program Files (x86)\Google\Chrome\Application\chrome.exe

</pre>
                        </div>
                        <!--css div popup end-->
                    </div>
                </td>
            </tr>
            
        
        <tr class='errorClass' style="font-weight:bold;color:white;">
            <td><a href="javascript:showClassDetail('c7','1')">KTGSK_Automation_Local_Deploy_PyCharm.HP_D.TestHP_D</a></td>
            <td>1</td>
            <td>0</td>
            <td>0</td>
            <td>1</td>
            <td>
                <button><a href="javascript:showClassDetail('c7','1')"
                           style="color:#660066;">Detail</a></button>
            </td>
        </tr>
            
            <tr id="ft7.1" class='none'>
                <td class='errorCase'>
                    <div class='testcase'>
                        <a class="popup_link" onfocus='this.blur();'
                           href="javascript:showTestDetail('div_ft7.1')">test_homePage_D</a>
                    </div>
                </td>
                <td colspan='5' align='center'>
                    <div>
                        <!--css div popup start-->
                        <button>
                            <a class="popup_link" onfocus='this.blur();'
                               href="javascript:showTestDetail('div_ft7.1')" style="color:#660066;">
                                ERROR
                            </a></button>
                        <div id='div_ft7.1' class="popup_window">
                            <div style='text-align: right; color:red;cursor:pointer'>
                                <a onfocus='this.blur();'
                                   onclick="document.getElementById('div_ft7.1').style.display = 'none'; "
                                   style="color:red;">
                                    [x]</a>
                            </div>
                            <pre></pre>
                            <pre style="color: red;">Traceback (most recent call last):
  File "C:\Users\KADOUN\Desktop\Automatization_Project_Master_QA\KTGSK_Automation_Local_Deploy_PyCharm\HP_D.py", line 11, in setUp
    setUp(self)
  File "C:\Users\KADOUN\Desktop\Automatization_Project_Master_QA\KTGSK_Automation_Local_Deploy_PyCharm\to_import.py", line 63, in setUp
    self.driver = webdriver.Chrome(executable_path=chrome_driver_path)
  File "C:\Users\KADOUN\AppData\Roaming\Python\Python38\site-packages\selenium\webdriver\chrome\webdriver.py", line 76, in __init__
    RemoteWebDriver.__init__(
  File "C:\Users\KADOUN\AppData\Roaming\Python\Python38\site-packages\selenium\webdriver\remote\webdriver.py", line 157, in __init__
    self.start_session(capabilities, browser_profile)
  File "C:\Users\KADOUN\AppData\Roaming\Python\Python38\site-packages\selenium\webdriver\remote\webdriver.py", line 252, in start_session
    response = self.execute(Command.NEW_SESSION, parameters)
  File "C:\Users\KADOUN\AppData\Roaming\Python\Python38\site-packages\selenium\webdriver\remote\webdriver.py", line 321, in execute
    self.error_handler.check_response(response)
  File "C:\Users\KADOUN\AppData\Roaming\Python\Python38\site-packages\selenium\webdriver\remote\errorhandler.py", line 242, in check_response
    raise exception_class(message, screen, stacktrace)
selenium.common.exceptions.SessionNotCreatedException: Message: session not created: This version of ChromeDriver only supports Chrome version 123
Current browser version is 125.0.6422.77 with binary path C:\Program Files (x86)\Google\Chrome\Application\chrome.exe

</pre>
                        </div>
                        <!--css div popup end-->
                    </div>
                </td>
            </tr>
            
        
        <tr class='errorClass' style="font-weight:bold;color:white;">
            <td><a href="javascript:showClassDetail('c8','1')">KTGSK_Automation_Local_Deploy_PyCharm.LM_D.TestLM_D</a></td>
            <td>1</td>
            <td>0</td>
            <td>0</td>
            <td>1</td>
            <td>
                <button><a href="javascript:showClassDetail('c8','1')"
                           style="color:#660066;">Detail</a></button>
            </td>
        </tr>
            
            <tr id="ft8.1" class='none'>
                <td class='errorCase'>
                    <div class='testcase'>
                        <a class="popup_link" onfocus='this.blur();'
                           href="javascript:showTestDetail('div_ft8.1')">test_lM_isDisplayed</a>
                    </div>
                </td>
                <td colspan='5' align='center'>
                    <div>
                        <!--css div popup start-->
                        <button>
                            <a class="popup_link" onfocus='this.blur();'
                               href="javascript:showTestDetail('div_ft8.1')" style="color:#660066;">
                                ERROR
                            </a></button>
                        <div id='div_ft8.1' class="popup_window">
                            <div style='text-align: right; color:red;cursor:pointer'>
                                <a onfocus='this.blur();'
                                   onclick="document.getElementById('div_ft8.1').style.display = 'none'; "
                                   style="color:red;">
                                    [x]</a>
                            </div>
                            <pre></pre>
                            <pre style="color: red;">Traceback (most recent call last):
  File "C:\Users\KADOUN\Desktop\Automatization_Project_Master_QA\KTGSK_Automation_Local_Deploy_PyCharm\LM_D.py", line 12, in setUp
    setUp(self)
  File "C:\Users\KADOUN\Desktop\Automatization_Project_Master_QA\KTGSK_Automation_Local_Deploy_PyCharm\to_import.py", line 63, in setUp
    self.driver = webdriver.Chrome(executable_path=chrome_driver_path)
  File "C:\Users\KADOUN\AppData\Roaming\Python\Python38\site-packages\selenium\webdriver\chrome\webdriver.py", line 76, in __init__
    RemoteWebDriver.__init__(
  File "C:\Users\KADOUN\AppData\Roaming\Python\Python38\site-packages\selenium\webdriver\remote\webdriver.py", line 157, in __init__
    self.start_session(capabilities, browser_profile)
  File "C:\Users\KADOUN\AppData\Roaming\Python\Python38\site-packages\selenium\webdriver\remote\webdriver.py", line 252, in start_session
    response = self.execute(Command.NEW_SESSION, parameters)
  File "C:\Users\KADOUN\AppData\Roaming\Python\Python38\site-packages\selenium\webdriver\remote\webdriver.py", line 321, in execute
    self.error_handler.check_response(response)
  File "C:\Users\KADOUN\AppData\Roaming\Python\Python38\site-packages\selenium\webdriver\remote\errorhandler.py", line 242, in check_response
    raise exception_class(message, screen, stacktrace)
selenium.common.exceptions.SessionNotCreatedException: Message: session not created: This version of ChromeDriver only supports Chrome version 123
Current browser version is 125.0.6422.77 with binary path C:\Program Files (x86)\Google\Chrome\Application\chrome.exe

</pre>
                        </div>
                        <!--css div popup end-->
                    </div>
                </td>
            </tr>
            
        
        <tr class='errorClass' style="font-weight:bold;color:white;">
            <td><a href="javascript:showClassDetail('c9','1')">KTGSK_Automation_Local_Deploy_PyCharm.pobocky.TestPobocky_D</a></td>
            <td>1</td>
            <td>0</td>
            <td>0</td>
            <td>1</td>
            <td>
                <button><a href="javascript:showClassDetail('c9','1')"
                           style="color:#660066;">Detail</a></button>
            </td>
        </tr>
            
            <tr id="ft9.1" class='none'>
                <td class='errorCase'>
                    <div class='testcase'>
                        <a class="popup_link" onfocus='this.blur();'
                           href="javascript:showTestDetail('div_ft9.1')">test_pobocky_D</a>
                    </div>
                </td>
                <td colspan='5' align='center'>
                    <div>
                        <!--css div popup start-->
                        <button>
                            <a class="popup_link" onfocus='this.blur();'
                               href="javascript:showTestDetail('div_ft9.1')" style="color:#660066;">
                                ERROR
                            </a></button>
                        <div id='div_ft9.1' class="popup_window">
                            <div style='text-align: right; color:red;cursor:pointer'>
                                <a onfocus='this.blur();'
                                   onclick="document.getElementById('div_ft9.1').style.display = 'none'; "
                                   style="color:red;">
                                    [x]</a>
                            </div>
                            <pre></pre>
                            <pre style="color: red;">Traceback (most recent call last):
  File "C:\Users\KADOUN\Desktop\Automatization_Project_Master_QA\KTGSK_Automation_Local_Deploy_PyCharm\pobocky.py", line 8, in setUp
    setUp(self)
  File "C:\Users\KADOUN\Desktop\Automatization_Project_Master_QA\KTGSK_Automation_Local_Deploy_PyCharm\to_import.py", line 63, in setUp
    self.driver = webdriver.Chrome(executable_path=chrome_driver_path)
  File "C:\Users\KADOUN\AppData\Roaming\Python\Python38\site-packages\selenium\webdriver\chrome\webdriver.py", line 76, in __init__
    RemoteWebDriver.__init__(
  File "C:\Users\KADOUN\AppData\Roaming\Python\Python38\site-packages\selenium\webdriver\remote\webdriver.py", line 157, in __init__
    self.start_session(capabilities, browser_profile)
  File "C:\Users\KADOUN\AppData\Roaming\Python\Python38\site-packages\selenium\webdriver\remote\webdriver.py", line 252, in start_session
    response = self.execute(Command.NEW_SESSION, parameters)
  File "C:\Users\KADOUN\AppData\Roaming\Python\Python38\site-packages\selenium\webdriver\remote\webdriver.py", line 321, in execute
    self.error_handler.check_response(response)
  File "C:\Users\KADOUN\AppData\Roaming\Python\Python38\site-packages\selenium\webdriver\remote\errorhandler.py", line 242, in check_response
    raise exception_class(message, screen, stacktrace)
selenium.common.exceptions.SessionNotCreatedException: Message: session not created: This version of ChromeDriver only supports Chrome version 123
Current browser version is 125.0.6422.77 with binary path C:\Program Files (x86)\Google\Chrome\Application\chrome.exe

</pre>
                        </div>
                        <!--css div popup end-->
                    </div>
                </td>
            </tr>
            
        
        <tr class='errorClass' style="font-weight:bold;color:white;">
            <td><a href="javascript:showClassDetail('c10','1')">KTGSK_Automation_Local_Deploy_PyCharm.SDO_D.TestSDO_D</a></td>
            <td>1</td>
            <td>0</td>
            <td>0</td>
            <td>1</td>
            <td>
                <button><a href="javascript:showClassDetail('c10','1')"
                           style="color:#660066;">Detail</a></button>
            </td>
        </tr>
            
            <tr id="ft10.1" class='none'>
                <td class='errorCase'>
                    <div class='testcase'>
                        <a class="popup_link" onfocus='this.blur();'
                           href="javascript:showTestDetail('div_ft10.1')">test_SDO_D</a>
                    </div>
                </td>
                <td colspan='5' align='center'>
                    <div>
                        <!--css div popup start-->
                        <button>
                            <a class="popup_link" onfocus='this.blur();'
                               href="javascript:showTestDetail('div_ft10.1')" style="color:#660066;">
                                ERROR
                            </a></button>
                        <div id='div_ft10.1' class="popup_window">
                            <div style='text-align: right; color:red;cursor:pointer'>
                                <a onfocus='this.blur();'
                                   onclick="document.getElementById('div_ft10.1').style.display = 'none'; "
                                   style="color:red;">
                                    [x]</a>
                            </div>
                            <pre></pre>
                            <pre style="color: red;">Traceback (most recent call last):
  File "C:\Users\KADOUN\Desktop\Automatization_Project_Master_QA\KTGSK_Automation_Local_Deploy_PyCharm\SDO_D.py", line 8, in setUp
    setUp(self)
  File "C:\Users\KADOUN\Desktop\Automatization_Project_Master_QA\KTGSK_Automation_Local_Deploy_PyCharm\to_import.py", line 63, in setUp
    self.driver = webdriver.Chrome(executable_path=chrome_driver_path)
  File "C:\Users\KADOUN\AppData\Roaming\Python\Python38\site-packages\selenium\webdriver\chrome\webdriver.py", line 76, in __init__
    RemoteWebDriver.__init__(
  File "C:\Users\KADOUN\AppData\Roaming\Python\Python38\site-packages\selenium\webdriver\remote\webdriver.py", line 157, in __init__
    self.start_session(capabilities, browser_profile)
  File "C:\Users\KADOUN\AppData\Roaming\Python\Python38\site-packages\selenium\webdriver\remote\webdriver.py", line 252, in start_session
    response = self.execute(Command.NEW_SESSION, parameters)
  File "C:\Users\KADOUN\AppData\Roaming\Python\Python38\site-packages\selenium\webdriver\remote\webdriver.py", line 321, in execute
    self.error_handler.check_response(response)
  File "C:\Users\KADOUN\AppData\Roaming\Python\Python38\site-packages\selenium\webdriver\remote\errorhandler.py", line 242, in check_response
    raise exception_class(message, screen, stacktrace)
selenium.common.exceptions.SessionNotCreatedException: Message: session not created: This version of ChromeDriver only supports Chrome version 123
Current browser version is 125.0.6422.77 with binary path C:\Program Files (x86)\Google\Chrome\Application\chrome.exe

</pre>
                        </div>
                        <!--css div popup end-->
                    </div>
                </td>
            </tr>
            
        
        <tr class='errorClass' style="font-weight:bold;color:white;">
            <td><a href="javascript:showClassDetail('c11','5')">KTGSK_Automation_Local_Deploy_PyCharm.SRL_C.Test_SRL_C</a></td>
            <td>5</td>
            <td>0</td>
            <td>0</td>
            <td>5</td>
            <td>
                <button><a href="javascript:showClassDetail('c11','5')"
                           style="color:#660066;">Detail</a></button>
            </td>
        </tr>
            
            <tr id="ft11.1" class='none'>
                <td class='errorCase'>
                    <div class='testcase'>
                        <a class="popup_link" onfocus='this.blur();'
                           href="javascript:showTestDetail('div_ft11.1')">test_SRL_sort_cheapest</a>
                    </div>
                </td>
                <td colspan='5' align='center'>
                    <div>
                        <!--css div popup start-->
                        <button>
                            <a class="popup_link" onfocus='this.blur();'
                               href="javascript:showTestDetail('div_ft11.1')" style="color:#660066;">
                                ERROR
                            </a></button>
                        <div id='div_ft11.1' class="popup_window">
                            <div style='text-align: right; color:red;cursor:pointer'>
                                <a onfocus='this.blur();'
                                   onclick="document.getElementById('div_ft11.1').style.display = 'none'; "
                                   style="color:red;">
                                    [x]</a>
                            </div>
                            <pre></pre>
                            <pre style="color: red;">Traceback (most recent call last):
  File "C:\Users\KADOUN\Desktop\Automatization_Project_Master_QA\KTGSK_Automation_Local_Deploy_PyCharm\SRL_C.py", line 16, in setUp
    setUp(self)
  File "C:\Users\KADOUN\Desktop\Automatization_Project_Master_QA\KTGSK_Automation_Local_Deploy_PyCharm\to_import.py", line 63, in setUp
    self.driver = webdriver.Chrome(executable_path=chrome_driver_path)
  File "C:\Users\KADOUN\AppData\Roaming\Python\Python38\site-packages\selenium\webdriver\chrome\webdriver.py", line 76, in __init__
    RemoteWebDriver.__init__(
  File "C:\Users\KADOUN\AppData\Roaming\Python\Python38\site-packages\selenium\webdriver\remote\webdriver.py", line 157, in __init__
    self.start_session(capabilities, browser_profile)
  File "C:\Users\KADOUN\AppData\Roaming\Python\Python38\site-packages\selenium\webdriver\remote\webdriver.py", line 252, in start_session
    response = self.execute(Command.NEW_SESSION, parameters)
  File "C:\Users\KADOUN\AppData\Roaming\Python\Python38\site-packages\selenium\webdriver\remote\webdriver.py", line 321, in execute
    self.error_handler.check_response(response)
  File "C:\Users\KADOUN\AppData\Roaming\Python\Python38\site-packages\selenium\webdriver\remote\errorhandler.py", line 242, in check_response
    raise exception_class(message, screen, stacktrace)
selenium.common.exceptions.SessionNotCreatedException: Message: session not created: This version of ChromeDriver only supports Chrome version 123
Current browser version is 125.0.6422.77 with binary path C:\Program Files (x86)\Google\Chrome\Application\chrome.exe

</pre>
                        </div>
                        <!--css div popup end-->
                    </div>
                </td>
            </tr>
            
            <tr id="ft11.2" class='none'>
                <td class='errorCase'>
                    <div class='testcase'>
                        <a class="popup_link" onfocus='this.blur();'
                           href="javascript:showTestDetail('div_ft11.2')">test_SRL_sort_expensive</a>
                    </div>
                </td>
                <td colspan='5' align='center'>
                    <div>
                        <!--css div popup start-->
                        <button>
                            <a class="popup_link" onfocus='this.blur();'
                               href="javascript:showTestDetail('div_ft11.2')" style="color:#660066;">
                                ERROR
                            </a></button>
                        <div id='div_ft11.2' class="popup_window">
                            <div style='text-align: right; color:red;cursor:pointer'>
                                <a onfocus='this.blur();'
                                   onclick="document.getElementById('div_ft11.2').style.display = 'none'; "
                                   style="color:red;">
                                    [x]</a>
                            </div>
                            <pre></pre>
                            <pre style="color: red;">Traceback (most recent call last):
  File "C:\Users\KADOUN\Desktop\Automatization_Project_Master_QA\KTGSK_Automation_Local_Deploy_PyCharm\SRL_C.py", line 16, in setUp
    setUp(self)
  File "C:\Users\KADOUN\Desktop\Automatization_Project_Master_QA\KTGSK_Automation_Local_Deploy_PyCharm\to_import.py", line 63, in setUp
    self.driver = webdriver.Chrome(executable_path=chrome_driver_path)
  File "C:\Users\KADOUN\AppData\Roaming\Python\Python38\site-packages\selenium\webdriver\chrome\webdriver.py", line 76, in __init__
    RemoteWebDriver.__init__(
  File "C:\Users\KADOUN\AppData\Roaming\Python\Python38\site-packages\selenium\webdriver\remote\webdriver.py", line 157, in __init__
    self.start_session(capabilities, browser_profile)
  File "C:\Users\KADOUN\AppData\Roaming\Python\Python38\site-packages\selenium\webdriver\remote\webdriver.py", line 252, in start_session
    response = self.execute(Command.NEW_SESSION, parameters)
  File "C:\Users\KADOUN\AppData\Roaming\Python\Python38\site-packages\selenium\webdriver\remote\webdriver.py", line 321, in execute
    self.error_handler.check_response(response)
  File "C:\Users\KADOUN\AppData\Roaming\Python\Python38\site-packages\selenium\webdriver\remote\errorhandler.py", line 242, in check_response
    raise exception_class(message, screen, stacktrace)
selenium.common.exceptions.SessionNotCreatedException: Message: session not created: This version of ChromeDriver only supports Chrome version 123
Current browser version is 125.0.6422.77 with binary path C:\Program Files (x86)\Google\Chrome\Application\chrome.exe

</pre>
                        </div>
                        <!--css div popup end-->
                    </div>
                </td>
            </tr>
            
            <tr id="ft11.3" class='none'>
                <td class='errorCase'>
                    <div class='testcase'>
                        <a class="popup_link" onfocus='this.blur();'
                           href="javascript:showTestDetail('div_ft11.3')">test_SRL_map</a>
                    </div>
                </td>
                <td colspan='5' align='center'>
                    <div>
                        <!--css div popup start-->
                        <button>
                            <a class="popup_link" onfocus='this.blur();'
                               href="javascript:showTestDetail('div_ft11.3')" style="color:#660066;">
                                ERROR
                            </a></button>
                        <div id='div_ft11.3' class="popup_window">
                            <div style='text-align: right; color:red;cursor:pointer'>
                                <a onfocus='this.blur();'
                                   onclick="document.getElementById('div_ft11.3').style.display = 'none'; "
                                   style="color:red;">
                                    [x]</a>
                            </div>
                            <pre></pre>
                            <pre style="color: red;">Traceback (most recent call last):
  File "C:\Users\KADOUN\Desktop\Automatization_Project_Master_QA\KTGSK_Automation_Local_Deploy_PyCharm\SRL_C.py", line 16, in setUp
    setUp(self)
  File "C:\Users\KADOUN\Desktop\Automatization_Project_Master_QA\KTGSK_Automation_Local_Deploy_PyCharm\to_import.py", line 63, in setUp
    self.driver = webdriver.Chrome(executable_path=chrome_driver_path)
  File "C:\Users\KADOUN\AppData\Roaming\Python\Python38\site-packages\selenium\webdriver\chrome\webdriver.py", line 76, in __init__
    RemoteWebDriver.__init__(
  File "C:\Users\KADOUN\AppData\Roaming\Python\Python38\site-packages\selenium\webdriver\remote\webdriver.py", line 157, in __init__
    self.start_session(capabilities, browser_profile)
  File "C:\Users\KADOUN\AppData\Roaming\Python\Python38\site-packages\selenium\webdriver\remote\webdriver.py", line 252, in start_session
    response = self.execute(Command.NEW_SESSION, parameters)
  File "C:\Users\KADOUN\AppData\Roaming\Python\Python38\site-packages\selenium\webdriver\remote\webdriver.py", line 321, in execute
    self.error_handler.check_response(response)
  File "C:\Users\KADOUN\AppData\Roaming\Python\Python38\site-packages\selenium\webdriver\remote\errorhandler.py", line 242, in check_response
    raise exception_class(message, screen, stacktrace)
selenium.common.exceptions.SessionNotCreatedException: Message: session not created: This version of ChromeDriver only supports Chrome version 123
Current browser version is 125.0.6422.77 with binary path C:\Program Files (x86)\Google\Chrome\Application\chrome.exe

</pre>
                        </div>
                        <!--css div popup end-->
                    </div>
                </td>
            </tr>
            
            <tr id="ft11.4" class='none'>
                <td class='errorCase'>
                    <div class='testcase'>
                        <a class="popup_link" onfocus='this.blur();'
                           href="javascript:showTestDetail('div_ft11.4')">test_SRL_filtr_strava</a>
                    </div>
                </td>
                <td colspan='5' align='center'>
                    <div>
                        <!--css div popup start-->
                        <button>
                            <a class="popup_link" onfocus='this.blur();'
                               href="javascript:showTestDetail('div_ft11.4')" style="color:#660066;">
                                ERROR
                            </a></button>
                        <div id='div_ft11.4' class="popup_window">
                            <div style='text-align: right; color:red;cursor:pointer'>
                                <a onfocus='this.blur();'
                                   onclick="document.getElementById('div_ft11.4').style.display = 'none'; "
                                   style="color:red;">
                                    [x]</a>
                            </div>
                            <pre></pre>
                            <pre style="color: red;">Traceback (most recent call last):
  File "C:\Users\KADOUN\Desktop\Automatization_Project_Master_QA\KTGSK_Automation_Local_Deploy_PyCharm\SRL_C.py", line 16, in setUp
    setUp(self)
  File "C:\Users\KADOUN\Desktop\Automatization_Project_Master_QA\KTGSK_Automation_Local_Deploy_PyCharm\to_import.py", line 63, in setUp
    self.driver = webdriver.Chrome(executable_path=chrome_driver_path)
  File "C:\Users\KADOUN\AppData\Roaming\Python\Python38\site-packages\selenium\webdriver\chrome\webdriver.py", line 76, in __init__
    RemoteWebDriver.__init__(
  File "C:\Users\KADOUN\AppData\Roaming\Python\Python38\site-packages\selenium\webdriver\remote\webdriver.py", line 157, in __init__
    self.start_session(capabilities, browser_profile)
  File "C:\Users\KADOUN\AppData\Roaming\Python\Python38\site-packages\selenium\webdriver\remote\webdriver.py", line 252, in start_session
    response = self.execute(Command.NEW_SESSION, parameters)
  File "C:\Users\KADOUN\AppData\Roaming\Python\Python38\site-packages\selenium\webdriver\remote\webdriver.py", line 321, in execute
    self.error_handler.check_response(response)
  File "C:\Users\KADOUN\AppData\Roaming\Python\Python38\site-packages\selenium\webdriver\remote\errorhandler.py", line 242, in check_response
    raise exception_class(message, screen, stacktrace)
selenium.common.exceptions.SessionNotCreatedException: Message: session not created: This version of ChromeDriver only supports Chrome version 123
Current browser version is 125.0.6422.77 with binary path C:\Program Files (x86)\Google\Chrome\Application\chrome.exe

</pre>
                        </div>
                        <!--css div popup end-->
                    </div>
                </td>
            </tr>
            
            <tr id="ft11.5" class='none'>
                <td class='errorCase'>
                    <div class='testcase'>
                        <a class="popup_link" onfocus='this.blur();'
                           href="javascript:showTestDetail('div_ft11.5')">test_srl_C</a>
                    </div>
                </td>
                <td colspan='5' align='center'>
                    <div>
                        <!--css div popup start-->
                        <button>
                            <a class="popup_link" onfocus='this.blur();'
                               href="javascript:showTestDetail('div_ft11.5')" style="color:#660066;">
                                ERROR
                            </a></button>
                        <div id='div_ft11.5' class="popup_window">
                            <div style='text-align: right; color:red;cursor:pointer'>
                                <a onfocus='this.blur();'
                                   onclick="document.getElementById('div_ft11.5').style.display = 'none'; "
                                   style="color:red;">
                                    [x]</a>
                            </div>
                            <pre></pre>
                            <pre style="color: red;">Traceback (most recent call last):
  File "C:\Users\KADOUN\Desktop\Automatization_Project_Master_QA\KTGSK_Automation_Local_Deploy_PyCharm\SRL_C.py", line 16, in setUp
    setUp(self)
  File "C:\Users\KADOUN\Desktop\Automatization_Project_Master_QA\KTGSK_Automation_Local_Deploy_PyCharm\to_import.py", line 63, in setUp
    self.driver = webdriver.Chrome(executable_path=chrome_driver_path)
  File "C:\Users\KADOUN\AppData\Roaming\Python\Python38\site-packages\selenium\webdriver\chrome\webdriver.py", line 76, in __init__
    RemoteWebDriver.__init__(
  File "C:\Users\KADOUN\AppData\Roaming\Python\Python38\site-packages\selenium\webdriver\remote\webdriver.py", line 157, in __init__
    self.start_session(capabilities, browser_profile)
  File "C:\Users\KADOUN\AppData\Roaming\Python\Python38\site-packages\selenium\webdriver\remote\webdriver.py", line 252, in start_session
    response = self.execute(Command.NEW_SESSION, parameters)
  File "C:\Users\KADOUN\AppData\Roaming\Python\Python38\site-packages\selenium\webdriver\remote\webdriver.py", line 321, in execute
    self.error_handler.check_response(response)
  File "C:\Users\KADOUN\AppData\Roaming\Python\Python38\site-packages\selenium\webdriver\remote\errorhandler.py", line 242, in check_response
    raise exception_class(message, screen, stacktrace)
selenium.common.exceptions.SessionNotCreatedException: Message: session not created: This version of ChromeDriver only supports Chrome version 123
Current browser version is 125.0.6422.77 with binary path C:\Program Files (x86)\Google\Chrome\Application\chrome.exe

</pre>
                        </div>
                        <!--css div popup end-->
                    </div>
                </td>
            </tr>
            
        
        <tr class='errorClass' style="font-weight:bold;color:white;">
            <td><a href="javascript:showClassDetail('c12','1')">KTGSK_Automation_Local_Deploy_PyCharm.SRL_D.TestSRL_D</a></td>
            <td>1</td>
            <td>0</td>
            <td>0</td>
            <td>1</td>
            <td>
                <button><a href="javascript:showClassDetail('c12','1')"
                           style="color:#660066;">Detail</a></button>
            </td>
        </tr>
            
            <tr id="ft12.1" class='none'>
                <td class='errorCase'>
                    <div class='testcase'>
                        <a class="popup_link" onfocus='this.blur();'
                           href="javascript:showTestDetail('div_ft12.1')">test_SRL_D</a>
                    </div>
                </td>
                <td colspan='5' align='center'>
                    <div>
                        <!--css div popup start-->
                        <button>
                            <a class="popup_link" onfocus='this.blur();'
                               href="javascript:showTestDetail('div_ft12.1')" style="color:#660066;">
                                ERROR
                            </a></button>
                        <div id='div_ft12.1' class="popup_window">
                            <div style='text-align: right; color:red;cursor:pointer'>
                                <a onfocus='this.blur();'
                                   onclick="document.getElementById('div_ft12.1').style.display = 'none'; "
                                   style="color:red;">
                                    [x]</a>
                            </div>
                            <pre></pre>
                            <pre style="color: red;">Traceback (most recent call last):
  File "C:\Users\KADOUN\Desktop\Automatization_Project_Master_QA\KTGSK_Automation_Local_Deploy_PyCharm\SRL_D.py", line 105, in setUp
    setUp(self)
  File "C:\Users\KADOUN\Desktop\Automatization_Project_Master_QA\KTGSK_Automation_Local_Deploy_PyCharm\to_import.py", line 63, in setUp
    self.driver = webdriver.Chrome(executable_path=chrome_driver_path)
  File "C:\Users\KADOUN\AppData\Roaming\Python\Python38\site-packages\selenium\webdriver\chrome\webdriver.py", line 76, in __init__
    RemoteWebDriver.__init__(
  File "C:\Users\KADOUN\AppData\Roaming\Python\Python38\site-packages\selenium\webdriver\remote\webdriver.py", line 157, in __init__
    self.start_session(capabilities, browser_profile)
  File "C:\Users\KADOUN\AppData\Roaming\Python\Python38\site-packages\selenium\webdriver\remote\webdriver.py", line 252, in start_session
    response = self.execute(Command.NEW_SESSION, parameters)
  File "C:\Users\KADOUN\AppData\Roaming\Python\Python38\site-packages\selenium\webdriver\remote\webdriver.py", line 321, in execute
    self.error_handler.check_response(response)
  File "C:\Users\KADOUN\AppData\Roaming\Python\Python38\site-packages\selenium\webdriver\remote\errorhandler.py", line 242, in check_response
    raise exception_class(message, screen, stacktrace)
selenium.common.exceptions.SessionNotCreatedException: Message: session not created: This version of ChromeDriver only supports Chrome version 123
Current browser version is 125.0.6422.77 with binary path C:\Program Files (x86)\Google\Chrome\Application\chrome.exe

</pre>
                        </div>
                        <!--css div popup end-->
                    </div>
                </td>
            </tr>
            
        
        <tr class='errorClass' style="font-weight:bold;color:white;">
            <td><a href="javascript:showClassDetail('c13','4')">KTGSK_Automation_Local_Deploy_PyCharm.HP_C.Test_HP_C</a></td>
            <td>4</td>
            <td>0</td>
            <td>0</td>
            <td>4</td>
            <td>
                <button><a href="javascript:showClassDetail('c13','4')"
                           style="color:#660066;">Detail</a></button>
            </td>
        </tr>
            
            <tr id="ft13.1" class='none'>
                <td class='errorCase'>
                    <div class='testcase'>
                        <a class="popup_link" onfocus='this.blur();'
                           href="javascript:showTestDetail('div_ft13.1')">test_HP_zlutak_to_SRL</a>
                    </div>
                </td>
                <td colspan='5' align='center'>
                    <div>
                        <!--css div popup start-->
                        <button>
                            <a class="popup_link" onfocus='this.blur();'
                               href="javascript:showTestDetail('div_ft13.1')" style="color:#660066;">
                                ERROR
                            </a></button>
                        <div id='div_ft13.1' class="popup_window">
                            <div style='text-align: right; color:red;cursor:pointer'>
                                <a onfocus='this.blur();'
                                   onclick="document.getElementById('div_ft13.1').style.display = 'none'; "
                                   style="color:red;">
                                    [x]</a>
                            </div>
                            <pre></pre>
                            <pre style="color: red;">Traceback (most recent call last):
  File "C:\Users\KADOUN\Desktop\Automatization_Project_Master_QA\KTGSK_Automation_Local_Deploy_PyCharm\HP_C.py", line 30, in setUp
    setUp(self)
  File "C:\Users\KADOUN\Desktop\Automatization_Project_Master_QA\KTGSK_Automation_Local_Deploy_PyCharm\to_import.py", line 63, in setUp
    self.driver = webdriver.Chrome(executable_path=chrome_driver_path)
  File "C:\Users\KADOUN\AppData\Roaming\Python\Python38\site-packages\selenium\webdriver\chrome\webdriver.py", line 76, in __init__
    RemoteWebDriver.__init__(
  File "C:\Users\KADOUN\AppData\Roaming\Python\Python38\site-packages\selenium\webdriver\remote\webdriver.py", line 157, in __init__
    self.start_session(capabilities, browser_profile)
  File "C:\Users\KADOUN\AppData\Roaming\Python\Python38\site-packages\selenium\webdriver\remote\webdriver.py", line 252, in start_session
    response = self.execute(Command.NEW_SESSION, parameters)
  File "C:\Users\KADOUN\AppData\Roaming\Python\Python38\site-packages\selenium\webdriver\remote\webdriver.py", line 321, in execute
    self.error_handler.check_response(response)
  File "C:\Users\KADOUN\AppData\Roaming\Python\Python38\site-packages\selenium\webdriver\remote\errorhandler.py", line 242, in check_response
    raise exception_class(message, screen, stacktrace)
selenium.common.exceptions.SessionNotCreatedException: Message: session not created: This version of ChromeDriver only supports Chrome version 123
Current browser version is 125.0.6422.77 with binary path C:\Program Files (x86)\Google\Chrome\Application\chrome.exe

</pre>
                        </div>
                        <!--css div popup end-->
                    </div>
                </td>
            </tr>
            
            <tr id="ft13.2" class='none'>
                <td class='errorCase'>
                    <div class='testcase'>
                        <a class="popup_link" onfocus='this.blur();'
                           href="javascript:showTestDetail('div_ft13.2')">test_HP_zlutak_to_groupsearch</a>
                    </div>
                </td>
                <td colspan='5' align='center'>
                    <div>
                        <!--css div popup start-->
                        <button>
                            <a class="popup_link" onfocus='this.blur();'
                               href="javascript:showTestDetail('div_ft13.2')" style="color:#660066;">
                                ERROR
                            </a></button>
                        <div id='div_ft13.2' class="popup_window">
                            <div style='text-align: right; color:red;cursor:pointer'>
                                <a onfocus='this.blur();'
                                   onclick="document.getElementById('div_ft13.2').style.display = 'none'; "
                                   style="color:red;">
                                    [x]</a>
                            </div>
                            <pre></pre>
                            <pre style="color: red;">Traceback (most recent call last):
  File "C:\Users\KADOUN\Desktop\Automatization_Project_Master_QA\KTGSK_Automation_Local_Deploy_PyCharm\HP_C.py", line 30, in setUp
    setUp(self)
  File "C:\Users\KADOUN\Desktop\Automatization_Project_Master_QA\KTGSK_Automation_Local_Deploy_PyCharm\to_import.py", line 63, in setUp
    self.driver = webdriver.Chrome(executable_path=chrome_driver_path)
  File "C:\Users\KADOUN\AppData\Roaming\Python\Python38\site-packages\selenium\webdriver\chrome\webdriver.py", line 76, in __init__
    RemoteWebDriver.__init__(
  File "C:\Users\KADOUN\AppData\Roaming\Python\Python38\site-packages\selenium\webdriver\remote\webdriver.py", line 157, in __init__
    self.start_session(capabilities, browser_profile)
  File "C:\Users\KADOUN\AppData\Roaming\Python\Python38\site-packages\selenium\webdriver\remote\webdriver.py", line 252, in start_session
    response = self.execute(Command.NEW_SESSION, parameters)
  File "C:\Users\KADOUN\AppData\Roaming\Python\Python38\site-packages\selenium\webdriver\remote\webdriver.py", line 321, in execute
    self.error_handler.check_response(response)
  File "C:\Users\KADOUN\AppData\Roaming\Python\Python38\site-packages\selenium\webdriver\remote\errorhandler.py", line 242, in check_response
    raise exception_class(message, screen, stacktrace)
selenium.common.exceptions.SessionNotCreatedException: Message: session not created: This version of ChromeDriver only supports Chrome version 123
Current browser version is 125.0.6422.77 with binary path C:\Program Files (x86)\Google\Chrome\Application\chrome.exe

</pre>
                        </div>
                        <!--css div popup end-->
                    </div>
                </td>
            </tr>
            
            <tr id="ft13.3" class='none'>
                <td class='errorCase'>
                    <div class='testcase'>
                        <a class="popup_link" onfocus='this.blur();'
                           href="javascript:showTestDetail('div_ft13.3')">test_HP_nejlepsi_nabidky_vypis_btn_switch</a>
                    </div>
                </td>
                <td colspan='5' align='center'>
                    <div>
                        <!--css div popup start-->
                        <button>
                            <a class="popup_link" onfocus='this.blur();'
                               href="javascript:showTestDetail('div_ft13.3')" style="color:#660066;">
                                ERROR
                            </a></button>
                        <div id='div_ft13.3' class="popup_window">
                            <div style='text-align: right; color:red;cursor:pointer'>
                                <a onfocus='this.blur();'
                                   onclick="document.getElementById('div_ft13.3').style.display = 'none'; "
                                   style="color:red;">
                                    [x]</a>
                            </div>
                            <pre></pre>
                            <pre style="color: red;">Traceback (most recent call last):
  File "C:\Users\KADOUN\Desktop\Automatization_Project_Master_QA\KTGSK_Automation_Local_Deploy_PyCharm\HP_C.py", line 30, in setUp
    setUp(self)
  File "C:\Users\KADOUN\Desktop\Automatization_Project_Master_QA\KTGSK_Automation_Local_Deploy_PyCharm\to_import.py", line 63, in setUp
    self.driver = webdriver.Chrome(executable_path=chrome_driver_path)
  File "C:\Users\KADOUN\AppData\Roaming\Python\Python38\site-packages\selenium\webdriver\chrome\webdriver.py", line 76, in __init__
    RemoteWebDriver.__init__(
  File "C:\Users\KADOUN\AppData\Roaming\Python\Python38\site-packages\selenium\webdriver\remote\webdriver.py", line 157, in __init__
    self.start_session(capabilities, browser_profile)
  File "C:\Users\KADOUN\AppData\Roaming\Python\Python38\site-packages\selenium\webdriver\remote\webdriver.py", line 252, in start_session
    response = self.execute(Command.NEW_SESSION, parameters)
  File "C:\Users\KADOUN\AppData\Roaming\Python\Python38\site-packages\selenium\webdriver\remote\webdriver.py", line 321, in execute
    self.error_handler.check_response(response)
  File "C:\Users\KADOUN\AppData\Roaming\Python\Python38\site-packages\selenium\webdriver\remote\errorhandler.py", line 242, in check_response
    raise exception_class(message, screen, stacktrace)
selenium.common.exceptions.SessionNotCreatedException: Message: session not created: This version of ChromeDriver only supports Chrome version 123
Current browser version is 125.0.6422.77 with binary path C:\Program Files (x86)\Google\Chrome\Application\chrome.exe

</pre>
                        </div>
                        <!--css div popup end-->
                    </div>
                </td>
            </tr>
            
            <tr id="ft13.4" class='none'>
                <td class='errorCase'>
                    <div class='testcase'>
                        <a class="popup_link" onfocus='this.blur();'
                           href="javascript:showTestDetail('div_ft13.4')">test_HP_bannery_check</a>
                    </div>
                </td>
                <td colspan='5' align='center'>
                    <div>
                        <!--css div popup start-->
                        <button>
                            <a class="popup_link" onfocus='this.blur();'
                               href="javascript:showTestDetail('div_ft13.4')" style="color:#660066;">
                                ERROR
                            </a></button>
                        <div id='div_ft13.4' class="popup_window">
                            <div style='text-align: right; color:red;cursor:pointer'>
                                <a onfocus='this.blur();'
                                   onclick="document.getElementById('div_ft13.4').style.display = 'none'; "
                                   style="color:red;">
                                    [x]</a>
                            </div>
                            <pre></pre>
                            <pre style="color: red;">Traceback (most recent call last):
  File "C:\Users\KADOUN\Desktop\Automatization_Project_Master_QA\KTGSK_Automation_Local_Deploy_PyCharm\HP_C.py", line 30, in setUp
    setUp(self)
  File "C:\Users\KADOUN\Desktop\Automatization_Project_Master_QA\KTGSK_Automation_Local_Deploy_PyCharm\to_import.py", line 63, in setUp
    self.driver = webdriver.Chrome(executable_path=chrome_driver_path)
  File "C:\Users\KADOUN\AppData\Roaming\Python\Python38\site-packages\selenium\webdriver\chrome\webdriver.py", line 76, in __init__
    RemoteWebDriver.__init__(
  File "C:\Users\KADOUN\AppData\Roaming\Python\Python38\site-packages\selenium\webdriver\remote\webdriver.py", line 157, in __init__
    self.start_session(capabilities, browser_profile)
  File "C:\Users\KADOUN\AppData\Roaming\Python\Python38\site-packages\selenium\webdriver\remote\webdriver.py", line 252, in start_session
    response = self.execute(Command.NEW_SESSION, parameters)
  File "C:\Users\KADOUN\AppData\Roaming\Python\Python38\site-packages\selenium\webdriver\remote\webdriver.py", line 321, in execute
    self.error_handler.check_response(response)
  File "C:\Users\KADOUN\AppData\Roaming\Python\Python38\site-packages\selenium\webdriver\remote\errorhandler.py", line 242, in check_response
    raise exception_class(message, screen, stacktrace)
selenium.common.exceptions.SessionNotCreatedException: Message: session not created: This version of ChromeDriver only supports Chrome version 123
Current browser version is 125.0.6422.77 with binary path C:\Program Files (x86)\Google\Chrome\Application\chrome.exe

</pre>
                        </div>
                        <!--css div popup end-->
                    </div>
                </td>
            </tr>
            
        
        <tr class='errorClass' style="font-weight:bold;color:white;">
            <td><a href="javascript:showClassDetail('c14','1')">KTGSK_Automation_Local_Deploy_PyCharm.SRL_results_comparer.Test_SRL_C_comparer</a></td>
            <td>1</td>
            <td>0</td>
            <td>0</td>
            <td>1</td>
            <td>
                <button><a href="javascript:showClassDetail('c14','1')"
                           style="color:#660066;">Detail</a></button>
            </td>
        </tr>
            
            <tr id="ft14.1" class='none'>
                <td class='errorCase'>
                    <div class='testcase'>
                        <a class="popup_link" onfocus='this.blur();'
                           href="javascript:showTestDetail('div_ft14.1')">test_SRL_number_of_results_comparer</a>
                    </div>
                </td>
                <td colspan='5' align='center'>
                    <div>
                        <!--css div popup start-->
                        <button>
                            <a class="popup_link" onfocus='this.blur();'
                               href="javascript:showTestDetail('div_ft14.1')" style="color:#660066;">
                                ERROR
                            </a></button>
                        <div id='div_ft14.1' class="popup_window">
                            <div style='text-align: right; color:red;cursor:pointer'>
                                <a onfocus='this.blur();'
                                   onclick="document.getElementById('div_ft14.1').style.display = 'none'; "
                                   style="color:red;">
                                    [x]</a>
                            </div>
                            <pre></pre>
                            <pre style="color: red;">Traceback (most recent call last):
  File "C:\Users\KADOUN\Desktop\Automatization_Project_Master_QA\KTGSK_Automation_Local_Deploy_PyCharm\SRL_results_comparer.py", line 40, in setUp
    setUp(self)
  File "C:\Users\KADOUN\Desktop\Automatization_Project_Master_QA\KTGSK_Automation_Local_Deploy_PyCharm\to_import.py", line 63, in setUp
    self.driver = webdriver.Chrome(executable_path=chrome_driver_path)
  File "C:\Users\KADOUN\AppData\Roaming\Python\Python38\site-packages\selenium\webdriver\chrome\webdriver.py", line 76, in __init__
    RemoteWebDriver.__init__(
  File "C:\Users\KADOUN\AppData\Roaming\Python\Python38\site-packages\selenium\webdriver\remote\webdriver.py", line 157, in __init__
    self.start_session(capabilities, browser_profile)
  File "C:\Users\KADOUN\AppData\Roaming\Python\Python38\site-packages\selenium\webdriver\remote\webdriver.py", line 252, in start_session
    response = self.execute(Command.NEW_SESSION, parameters)
  File "C:\Users\KADOUN\AppData\Roaming\Python\Python38\site-packages\selenium\webdriver\remote\webdriver.py", line 321, in execute
    self.error_handler.check_response(response)
  File "C:\Users\KADOUN\AppData\Roaming\Python\Python38\site-packages\selenium\webdriver\remote\errorhandler.py", line 242, in check_response
    raise exception_class(message, screen, stacktrace)
selenium.common.exceptions.SessionNotCreatedException: Message: session not created: This version of ChromeDriver only supports Chrome version 123
Current browser version is 125.0.6422.77 with binary path C:\Program Files (x86)\Google\Chrome\Application\chrome.exe

</pre>
                        </div>
                        <!--css div popup end-->
                    </div>
                </td>
            </tr>
            
        

        <tr id='total_row'>
            <td>Total</td>
            <td>24</td>
            <td>0</td>
            <td>0</td>
            <td>24</td>
            <td>&nbsp;</td>
        </tr>
    </table>
</div>
<br><br>
<div id='ending'><b>Time Elapsed: </b>0:01:41.925293</div>
</body>
</html>