<!DOCTYPE html>
<html>
<head>
    <title>EXIM PL ||| http://eximpl.web13.dtweb.cz/</title>
    <meta name="generator" content="HTMLTestRunner 1.0.17"/>
    <meta http-equiv="Content-Type" content="text/html; charset=UTF-8"/>
    <link rel="stylesheet" href="stylesheet.css">
    <script src="script.js"></script>
    <style>
        
    </style>
    <script>
        
    </script>
</head>
<body>
<div class='heading'>
    <h1 style="margin-left:1ex;">EXIM PL ||| http://eximpl.web13.dtweb.cz/</h1>
    
    <p class='attribute'><strong>Start Time : </strong> 2024-04-29 10:58:52</p>
    
    <p class='attribute'><strong>Duration : </strong> 0:06:01.221548</p>
    
    <p class='attribute'><strong>Status : </strong> Pass 9 Error 20</p>
    
    <p class='attribute'><strong>Descrition : </strong> EXIM PL WEB Suite Report - version --- EXPL release 2024-04-25 ---</p>
    
    <p class='attribute'><strong>Tested By : </strong> Unknown</p>
    
</div>
<div>
    <p id='show_detail_line'><b>Show</b>
        <button><a href='javascript:showCase(0)' style="color:#660066;">Summary</a></button>
        <button><a href='javascript:showCase(1)' style="color:#660066;">Failed</a></button>
        <button><a href='javascript:showCase(2)' style="color:#660066;">Passed</a></button>
        <button><a href='javascript:showCase(3)' style="color:#660066;">All</a></button>
    </p>
    <table id='result_table'>
        <colgroup>
            <col align='left'/>
            <col align='right'/>
            <col align='right'/>
            <col align='right'/>
            <col align='right'/>
            <col align='right'/>
        </colgroup>
        <tr id='header_row'>
            <td>Test Group/Test case</td>
            <td>Count</td>
            <td>Pass</td>
            <td>Fail</td>
            <td>Error</td>
            <td>View</td>
        </tr>
        
        <tr class='passClass' style="font-weight:bold;color:white;">
            <td><a href="javascript:showClassDetail('c1','1')">EXPL_Automation_Local_Deploy_PyCharm.Detail_D.TestDetailHotelu_D</a></td>
            <td>1</td>
            <td>1</td>
            <td>0</td>
            <td>0</td>
            <td>
                <button><a href="javascript:showClassDetail('c1','1')"
                           style="color:#660066;">Detail</a></button>
            </td>
        </tr>
            
            <tr id="pt1.1" class='hiddenRow'>
                <td class='passCase'>
                    <div class='testcase'>
                        <a class="popup_link" onfocus='this.blur();'
                           href="javascript:showTestDetail('div_pt1.1')">test_detail_D</a>
                    </div>
                </td>
                <td colspan='5' align='center'>
                    <div>
                        <!--css div popup start-->
                        <button>
                            <a class="popup_link" onfocus='this.blur();'
                               href="javascript:showTestDetail('div_pt1.1')" style="color:#660066;">
                                PASS
                            </a></button>
                        <div id='div_pt1.1' class="popup_window">
                            <div style='text-align: right; color:red;cursor:pointer'>
                                <a onfocus='this.blur();'
                                   onclick="document.getElementById('div_pt1.1').style.display = 'none'; "
                                   style="color:red;">
                                    [x]</a>
                            </div>
                            <pre>2024-04-29 10:58:59.043174 : <selenium.webdriver.remote.webelement.WebElement (session="31ad88c35e2b973c014899626394930c", element="f.F7D5BCE45563594BF9ED99E20389F295.d.553C2B2646D0E2A05F983771919831A7.e.685")>
2024-04-29 10:59:00.034658 : https://eximpl.web13.dtweb.cz//kierunki/egipt/hurghada/macadi-bay/prima-life-makadi-resort?D=64419|64420|64425&DD=2024-08-29&DP=4382&DPR=EXIM+TOURS+POLAND&DS=1024&GIATA=77592&HID=156229&IFM=0&ILM=0&KEY=MTI3NDIzNXwxMDA3ODYzOTMzfDYyNzU1NA%3D%3D&MNN=7&MT=5&NN=7&PID=391633&RD=2024-09-05&RT=0&acm1=2&df=2024-07-01|2024-08-31&nnm=1|2|3|4|5|6|7|8|9|10&ptm=0&tt=1&ttm=1#/prehled
</pre>
                            <pre style="color: red;"></pre>
                        </div>
                        <!--css div popup end-->
                    </div>
                </td>
            </tr>
            
        
        <tr class='passClass' style="font-weight:bold;color:white;">
            <td><a href="javascript:showClassDetail('c2','3')">EXPL_Automation_Local_Deploy_PyCharm.Detail_C.TestDetailHotelu_C</a></td>
            <td>3</td>
            <td>3</td>
            <td>0</td>
            <td>0</td>
            <td>
                <button><a href="javascript:showClassDetail('c2','3')"
                           style="color:#660066;">Detail</a></button>
            </td>
        </tr>
            
            <tr id="pt2.1" class='hiddenRow'>
                <td class='passCase'>
                    <div class='testcase'>
                        <a class="popup_link" onfocus='this.blur();'
                           href="javascript:showTestDetail('div_pt2.1')">test_detail_fotka</a>
                    </div>
                </td>
                <td colspan='5' align='center'>
                    <div>
                        <!--css div popup start-->
                        <button>
                            <a class="popup_link" onfocus='this.blur();'
                               href="javascript:showTestDetail('div_pt2.1')" style="color:#660066;">
                                PASS
                            </a></button>
                        <div id='div_pt2.1' class="popup_window">
                            <div style='text-align: right; color:red;cursor:pointer'>
                                <a onfocus='this.blur();'
                                   onclick="document.getElementById('div_pt2.1').style.display = 'none'; "
                                   style="color:red;">
                                    [x]</a>
                            </div>
                            <pre>2024-04-29 10:59:15.142691 : <selenium.webdriver.remote.webelement.WebElement (session="5f65d06136da3d2ccf3496d6e5d8436a", element="f.78B534F07ECFE28FADDED30D47A57D34.d.9DA1AA28B42FF3FEDC3824E4B7E5C97D.e.367")>
2024-04-29 10:59:16.741977 : its ok
2024-04-29 10:59:16.872557 : https://img.exim.pl/hotels/egypt/oblast-hurghada/makadi-bay/prima-life-makadi-resort-pl/7175/ae741134d6ab045881d057047ea52180_2__copy_-199.jpg
</pre>
                            <pre style="color: red;"></pre>
                        </div>
                        <!--css div popup end-->
                    </div>
                </td>
            </tr>
            
            <tr id="pt2.2" class='hiddenRow'>
                <td class='passCase'>
                    <div class='testcase'>
                        <a class="popup_link" onfocus='this.blur();'
                           href="javascript:showTestDetail('div_pt2.2')">test_detail_terminy_filtr_meal</a>
                    </div>
                </td>
                <td colspan='5' align='center'>
                    <div>
                        <!--css div popup start-->
                        <button>
                            <a class="popup_link" onfocus='this.blur();'
                               href="javascript:showTestDetail('div_pt2.2')" style="color:#660066;">
                                PASS
                            </a></button>
                        <div id='div_pt2.2' class="popup_window">
                            <div style='text-align: right; color:red;cursor:pointer'>
                                <a onfocus='this.blur();'
                                   onclick="document.getElementById('div_pt2.2').style.display = 'none'; "
                                   style="color:red;">
                                    [x]</a>
                            </div>
                            <pre>2024-04-29 10:59:33.877121 : <selenium.webdriver.remote.webelement.WebElement (session="59c2bb21b1dfbbce15053376c10a7cba", element="f.47D3488E572914FB06828E9FBC5EED5A.d.00B662D82CE3A505AD7040A88AFF10E5.e.362")>
2024-04-29 10:59:40.502163 : if departure==True
2024-04-29 10:59:43.877210 : all inclusive
2024-04-29 10:59:45.877401 : 0
2024-04-29 10:59:46.064686 : ok
2024-04-29 10:59:46.064686 : ok
2024-04-29 10:59:46.064686 : ok
2024-04-29 10:59:46.064686 : ok
2024-04-29 10:59:46.064686 : ok
2024-04-29 10:59:46.064686 : ok
2024-04-29 10:59:46.064686 : ok
2024-04-29 10:59:46.064686 : ok
2024-04-29 10:59:46.064686 : ok
2024-04-29 10:59:46.064686 : ok
2024-04-29 10:59:46.064686 : ok
2024-04-29 10:59:46.064686 : ok
2024-04-29 10:59:46.064686 : ok
2024-04-29 10:59:46.064686 : ok
2024-04-29 10:59:46.064686 : ok
2024-04-29 10:59:46.064686 : ok
2024-04-29 10:59:46.064686 : ok
2024-04-29 10:59:46.064686 : ok
2024-04-29 10:59:46.064686 : ok
2024-04-29 10:59:46.064686 : ok
2024-04-29 10:59:46.064686 : ['all inclusive', 'all inclusive', 'all inclusive', 'all inclusive', 'all inclusive', 'all inclusive', 'all inclusive', 'all inclusive', 'all inclusive', 'all inclusive', 'all inclusive', 'all inclusive', 'all inclusive', 'all inclusive', 'all inclusive', 'all inclusive', 'all inclusive', 'all inclusive', 'all inclusive', 'all inclusive']
2024-04-29 10:59:46.064686 : https://eximpl.web13.dtweb.cz//kierunki/egipt/hurghada/macadi-bay/prima-life-makadi-resort?D=64419|64420|64425&DD=2024-08-29&DP=4382&DPR=EXIM+TOURS+POLAND&DS=1024&GIATA=77592&HID=156229&IFM=0&ILM=0&KEY=MTI3NDIzNXwxMDA3ODYzOTMzfDYyNzU1NA%3D%3D&MNN=7&MT=5&NN=7&PID=391633&RD=2024-09-05&RT=0&acm1=2&df=2024-07-01|2024-08-31&mtm=5&nnm=1|2|3|4|5|6|7|8|9|10&ptm=0&tt=1&ttm=1#/terminy
</pre>
                            <pre style="color: red;"></pre>
                        </div>
                        <!--css div popup end-->
                    </div>
                </td>
            </tr>
            
            <tr id="pt2.3" class='hiddenRow'>
                <td class='passCase'>
                    <div class='testcase'>
                        <a class="popup_link" onfocus='this.blur();'
                           href="javascript:showTestDetail('div_pt2.3')">test_detail_terminy_filtr_airport</a>
                    </div>
                </td>
                <td colspan='5' align='center'>
                    <div>
                        <!--css div popup start-->
                        <button>
                            <a class="popup_link" onfocus='this.blur();'
                               href="javascript:showTestDetail('div_pt2.3')" style="color:#660066;">
                                PASS
                            </a></button>
                        <div id='div_pt2.3' class="popup_window">
                            <div style='text-align: right; color:red;cursor:pointer'>
                                <a onfocus='this.blur();'
                                   onclick="document.getElementById('div_pt2.3').style.display = 'none'; "
                                   style="color:red;">
                                    [x]</a>
                            </div>
                            <pre>2024-04-29 10:59:55.549429 : <selenium.webdriver.remote.webelement.WebElement (session="07c1e95389b7bb1935d159ae8b86d895", element="f.88A4DE773F5F3D1D8749C1E93032E98D.d.4C51432AC44851514974962BAA5A9AF2.e.361")>
2024-04-29 11:00:04.832126 : if departure==True
2024-04-29 11:00:21.033792 : equal to warszawa
2024-04-29 11:00:21.065899 : equal to warszawa
2024-04-29 11:00:21.097286 : equal to warszawa
2024-04-29 11:00:21.128253 : equal to warszawa
2024-04-29 11:00:21.160607 : equal to warszawa
2024-04-29 11:00:21.189529 : equal to warszawa
2024-04-29 11:00:21.219799 : equal to warszawa
2024-04-29 11:00:21.263801 : equal to warszawa
2024-04-29 11:00:21.322708 : equal to warszawa
2024-04-29 11:00:21.352935 : equal to warszawa
2024-04-29 11:00:21.380869 : equal to warszawa
2024-04-29 11:00:21.402811 : equal to warszawa
2024-04-29 11:00:21.425885 : equal to warszawa
2024-04-29 11:00:21.440023 : equal to warszawa
2024-04-29 11:00:21.455647 : equal to warszawa
2024-04-29 11:00:21.674380 : https://eximpl.web13.dtweb.cz//kierunki/egipt/hurghada/macadi-bay/prima-life-makadi-resort?D=64419|64420|64425&DD=2024-08-29&DP=4382&DPR=EXIM+TOURS+POLAND&DS=1024&GIATA=77592&HID=156229&IFM=0&ILM=0&KEY=MTI3NDIzNXwxMDA3ODYzOTMzfDYyNzU1NA%3D%3D&MNN=7&MT=5&NN=7&PID=391633&RD=2024-09-05&RT=0&acm1=2&df=2024-07-01|2024-08-31&nnm=1|2|3|4|5|6|7|8|9|10&ptm=0&tom=3850&tt=1&ttm=1#/terminy
</pre>
                            <pre style="color: red;"></pre>
                        </div>
                        <!--css div popup end-->
                    </div>
                </td>
            </tr>
            
        
        <tr class='errorClass' style="font-weight:bold;color:white;">
            <td><a href="javascript:showClassDetail('c3','3')">EXPL_Automation_Local_Deploy_PyCharm.fulltext_C.Test_Fulltext_C</a></td>
            <td>3</td>
            <td>1</td>
            <td>0</td>
            <td>2</td>
            <td>
                <button><a href="javascript:showClassDetail('c3','3')"
                           style="color:#660066;">Detail</a></button>
            </td>
        </tr>
            
            <tr id="pt3.1" class='hiddenRow'>
                <td class='passCase'>
                    <div class='testcase'>
                        <a class="popup_link" onfocus='this.blur();'
                           href="javascript:showTestDetail('div_pt3.1')">test_fulltext_naseptavac</a>
                    </div>
                </td>
                <td colspan='5' align='center'>
                    <div>
                        <!--css div popup start-->
                        <button>
                            <a class="popup_link" onfocus='this.blur();'
                               href="javascript:showTestDetail('div_pt3.1')" style="color:#660066;">
                                PASS
                            </a></button>
                        <div id='div_pt3.1' class="popup_window">
                            <div style='text-align: right; color:red;cursor:pointer'>
                                <a onfocus='this.blur();'
                                   onclick="document.getElementById('div_pt3.1').style.display = 'none'; "
                                   style="color:red;">
                                    [x]</a>
                            </div>
                            <pre>2024-04-29 11:00:33.174985 : <selenium.webdriver.remote.webelement.WebElement (session="2cec0b890e380784b5fe50cff83944dc", element="f.C7F61926B780F0F238FED765C7F89A11.d.B196DD26CE85B35DB6A5C6344F117215.e.380")>
2024-04-29 11:00:36.518183 : GRECJA
2024-04-29 11:00:39.675537 : hotel dlazdice klik
2024-04-29 11:00:43.080974 : TURCJA
2024-04-29 11:00:45.190138 : hotel dlazdice klik
2024-04-29 11:00:48.924527 : EGIPT
2024-04-29 11:00:54.140843 : hotel dlazdice klik
2024-04-29 11:00:58.252686 : OMAN
2024-04-29 11:00:59.934980 : hotel dlazdice klik
2024-04-29 11:01:03.206100 : MALEDIWY
2024-04-29 11:01:04.998444 : hotel dlazdice klik
2024-04-29 11:01:10.846666 : DUBAJ
2024-04-29 11:01:12.596600 : hotel dlazdice klik
2024-04-29 11:01:16.252328 : BULGARIA
2024-04-29 11:01:17.786392 : hotel dlazdice klik
2024-04-29 11:01:21.160036 : CHORWACJA
2024-04-29 11:01:23.958208 : hotel dlazdice klik
2024-04-29 11:01:27.440485 : PORTUGALIA
2024-04-29 11:01:29.565424 : hotel dlazdice klik
2024-04-29 11:01:32.925322 : FALCON HILLS
2024-04-29 11:01:34.425323 : hotel dlazdice klik
2024-04-29 11:01:38.034280 : APRILIS HOTEL
2024-04-29 11:01:39.518806 : hotel dlazdice klik
2024-04-29 11:01:42.991200 : PRIMA LIFE MAKADI RESORT
2024-04-29 11:01:45.606939 : hotel dlazdice klik
2024-04-29 11:01:49.096944 : MYRTO HOTEL
2024-04-29 11:01:51.144136 : hotel dlazdice klik
2024-04-29 11:01:54.519175 : COCOON MALDIVES
2024-04-29 11:01:56.035811 : hotel dlazdice klik
2024-04-29 11:01:59.268933 : TITANIC PALACE
2024-04-29 11:02:00.831300 : hotel dlazdice klik
2024-04-29 11:02:00.878161 : https://eximpl.web13.dtweb.cz/kierunki/egipt/hurghada/hurghada/titanic-palace-resort?DS=1024&GIATA=227755&D=64419&HID=147950&DF=2024-12-28|2025-01-25&RD=2025-01-14&DD=2025-01-11&ERM=0&AC1=2&KC1=0&IC1=0&MNN=0|1|2|3|4|5|6|7|8|9|10|11|12|13|14|15|16|17|18|19|20|21|22|23|24|25|26&NNM=0|1|2|3|4|5|6|7|8|9|10|11|12|13|14|15|16|17|18|19|20|21|22|23|24|25|26&PID=380472&DPR=EXIM%20TOURS%20POLAND
</pre>
                            <pre style="color: red;"></pre>
                        </div>
                        <!--css div popup end-->
                    </div>
                </td>
            </tr>
            
            <tr id="ft3.2" class='none'>
                <td class='errorCase'>
                    <div class='testcase'>
                        <a class="popup_link" onfocus='this.blur();'
                           href="javascript:showTestDetail('div_ft3.2')">test_fulltext_results_status_check</a>
                    </div>
                </td>
                <td colspan='5' align='center'>
                    <div>
                        <!--css div popup start-->
                        <button>
                            <a class="popup_link" onfocus='this.blur();'
                               href="javascript:showTestDetail('div_ft3.2')" style="color:#660066;">
                                ERROR
                            </a></button>
                        <div id='div_ft3.2' class="popup_window">
                            <div style='text-align: right; color:red;cursor:pointer'>
                                <a onfocus='this.blur();'
                                   onclick="document.getElementById('div_ft3.2').style.display = 'none'; "
                                   style="color:red;">
                                    [x]</a>
                            </div>
                            <pre>2024-04-29 11:02:11.940699 : <selenium.webdriver.remote.webelement.WebElement (session="28b890944280cc1a3ca90e6ecfaaf3c7", element="f.E688935E609FFBF6F16CF3B6F8BF2ED6.d.42D6CC6940C43508F8F92E9659D043CB.e.355")>
2024-04-29 11:02:12.180200 : GRECJA
2024-04-29 11:02:17.828385 : TURCJA
2024-04-29 11:02:23.212914 : EGIPT
2024-04-29 11:02:27.572914 : OMAN
2024-04-29 11:02:31.848986 : MALEDIWY
2024-04-29 11:02:35.291514 : DUBAJ
2024-04-29 11:02:57.001113 : BULGARIA
2024-04-29 11:03:00.628533 : CHORWACJA
2024-04-29 11:03:06.973143 : PORTUGALIA
2024-04-29 11:03:10.395948 : FALCON HILLS
2024-04-29 11:03:13.193714 : APRILIS HOTEL
2024-04-29 11:03:15.441170 : PRIMA LIFE MAKADI RESORT
2024-04-29 11:03:18.031693 : MYRTO HOTEL
2024-04-29 11:03:20.779387 : COCOON MALDIVES
</pre>
                            <pre style="color: red;">Traceback (most recent call last):
  File "C:\Users\KADOUN\Desktop\Automatization_Project_Master_QA\EXPL_Automation_Local_Deploy_PyCharm\fulltext_C.py", line 100, in test_fulltext_results_status_check
    vysledkyDlazdiceHotelu = driver.find_elements_by_xpath("//*[@class='f_tileGrid-item']/a")
  File "C:\Users\KADOUN\AppData\Roaming\Python\Python38\site-packages\selenium\webdriver\remote\webdriver.py", line 410, in find_elements_by_xpath
    return self.find_elements(by=By.XPATH, value=xpath)
  File "C:\Users\KADOUN\AppData\Roaming\Python\Python38\site-packages\selenium\webdriver\remote\webdriver.py", line 1005, in find_elements
    return self.execute(Command.FIND_ELEMENTS, {
  File "C:\Users\KADOUN\AppData\Roaming\Python\Python38\site-packages\selenium\webdriver\remote\webdriver.py", line 321, in execute
    self.error_handler.check_response(response)
  File "C:\Users\KADOUN\AppData\Roaming\Python\Python38\site-packages\selenium\webdriver\remote\errorhandler.py", line 242, in check_response
    raise exception_class(message, screen, stacktrace)
selenium.common.exceptions.WebDriverException: Message: disconnected: not connected to DevTools
  (failed to check if window was closed: disconnected: not connected to DevTools)
  (Session info: chrome=124.0.6367.91)

</pre>
                        </div>
                        <!--css div popup end-->
                    </div>
                </td>
            </tr>
            
            <tr id="ft3.3" class='none'>
                <td class='errorCase'>
                    <div class='testcase'>
                        <a class="popup_link" onfocus='this.blur();'
                           href="javascript:showTestDetail('div_ft3.3')">test_fulltext_results_status_check</a>
                    </div>
                </td>
                <td colspan='5' align='center'>
                    <div>
                        <!--css div popup start-->
                        <button>
                            <a class="popup_link" onfocus='this.blur();'
                               href="javascript:showTestDetail('div_ft3.3')" style="color:#660066;">
                                ERROR
                            </a></button>
                        <div id='div_ft3.3' class="popup_window">
                            <div style='text-align: right; color:red;cursor:pointer'>
                                <a onfocus='this.blur();'
                                   onclick="document.getElementById('div_ft3.3').style.display = 'none'; "
                                   style="color:red;">
                                    [x]</a>
                            </div>
                            <pre></pre>
                            <pre style="color: red;">Traceback (most recent call last):
  File "C:\Users\KADOUN\Desktop\Automatization_Project_Master_QA\EXPL_Automation_Local_Deploy_PyCharm\fulltext_C.py", line 18, in tearDown
    tearDown(self)
  File "C:\Users\KADOUN\Desktop\Automatization_Project_Master_QA\EXPL_Automation_Local_Deploy_PyCharm\to_import.py", line 58, in tearDown
    print(self.driver.current_url)
  File "C:\Users\KADOUN\AppData\Roaming\Python\Python38\site-packages\selenium\webdriver\remote\webdriver.py", line 669, in current_url
    return self.execute(Command.GET_CURRENT_URL)['value']
  File "C:\Users\KADOUN\AppData\Roaming\Python\Python38\site-packages\selenium\webdriver\remote\webdriver.py", line 321, in execute
    self.error_handler.check_response(response)
  File "C:\Users\KADOUN\AppData\Roaming\Python\Python38\site-packages\selenium\webdriver\remote\errorhandler.py", line 242, in check_response
    raise exception_class(message, screen, stacktrace)
selenium.common.exceptions.WebDriverException: Message: disconnected: not connected to DevTools
  (failed to check if window was closed: disconnected: not connected to DevTools)
  (Session info: chrome=124.0.6367.91)

</pre>
                        </div>
                        <!--css div popup end-->
                    </div>
                </td>
            </tr>
            
        
        <tr class='passClass' style="font-weight:bold;color:white;">
            <td><a href="javascript:showClassDetail('c4','1')">EXPL_Automation_Local_Deploy_PyCharm.groupsearch_D.Test_Groupsearch_D</a></td>
            <td>1</td>
            <td>1</td>
            <td>0</td>
            <td>0</td>
            <td>
                <button><a href="javascript:showClassDetail('c4','1')"
                           style="color:#660066;">Detail</a></button>
            </td>
        </tr>
            
            <tr id="pt4.1" class='hiddenRow'>
                <td class='passCase'>
                    <div class='testcase'>
                        <a class="popup_link" onfocus='this.blur();'
                           href="javascript:showTestDetail('div_pt4.1')">test_groupsearch_D</a>
                    </div>
                </td>
                <td colspan='5' align='center'>
                    <div>
                        <!--css div popup start-->
                        <button>
                            <a class="popup_link" onfocus='this.blur();'
                               href="javascript:showTestDetail('div_pt4.1')" style="color:#660066;">
                                PASS
                            </a></button>
                        <div id='div_pt4.1' class="popup_window">
                            <div style='text-align: right; color:red;cursor:pointer'>
                                <a onfocus='this.blur();'
                                   onclick="document.getElementById('div_pt4.1').style.display = 'none'; "
                                   style="color:red;">
                                    [x]</a>
                            </div>
                            <pre>2024-04-29 11:03:29.269421 : <selenium.webdriver.remote.webelement.WebElement (session="5a0fdd55fb2a41a8cc08244ab3e386f1", element="f.633BF697E0A7C74D1CBF6A1C12084E03.d.985785BA4A0CAFDC5D8218544AD3CBCA.e.379")>
2024-04-29 11:03:35.206949 : https://eximpl.web13.dtweb.cz/wyszukanie?dd=2024-06-24&nn=7|8|9|10|11|12|13&rd=2024-09-01&tt=1
</pre>
                            <pre style="color: red;"></pre>
                        </div>
                        <!--css div popup end-->
                    </div>
                </td>
            </tr>
            
        
        <tr class='passClass' style="font-weight:bold;color:white;">
            <td><a href="javascript:showClassDetail('c5','1')">EXPL_Automation_Local_Deploy_PyCharm.HP_D.TestHP_D</a></td>
            <td>1</td>
            <td>1</td>
            <td>0</td>
            <td>0</td>
            <td>
                <button><a href="javascript:showClassDetail('c5','1')"
                           style="color:#660066;">Detail</a></button>
            </td>
        </tr>
            
            <tr id="pt5.1" class='hiddenRow'>
                <td class='passCase'>
                    <div class='testcase'>
                        <a class="popup_link" onfocus='this.blur();'
                           href="javascript:showTestDetail('div_pt5.1')">test_homePage_D</a>
                    </div>
                </td>
                <td colspan='5' align='center'>
                    <div>
                        <!--css div popup start-->
                        <button>
                            <a class="popup_link" onfocus='this.blur();'
                               href="javascript:showTestDetail('div_pt5.1')" style="color:#660066;">
                                PASS
                            </a></button>
                        <div id='div_pt5.1' class="popup_window">
                            <div style='text-align: right; color:red;cursor:pointer'>
                                <a onfocus='this.blur();'
                                   onclick="document.getElementById('div_pt5.1').style.display = 'none'; "
                                   style="color:red;">
                                    [x]</a>
                            </div>
                            <pre>2024-04-29 11:03:44.750081 : <selenium.webdriver.remote.webelement.WebElement (session="e2f955f93bb219ed38c182f483c88e9d", element="f.838A22D4FA17A4EA21F039F4A8985206.d.D3F0433557BDB8103DACB85EBB9F8D7F.e.764")>
2024-04-29 11:03:47.019524 : https://eximpl.web13.dtweb.cz/
</pre>
                            <pre style="color: red;"></pre>
                        </div>
                        <!--css div popup end-->
                    </div>
                </td>
            </tr>
            
        
        <tr class='passClass' style="font-weight:bold;color:white;">
            <td><a href="javascript:showClassDetail('c6','1')">EXPL_Automation_Local_Deploy_PyCharm.LM_D.TestLM_D</a></td>
            <td>1</td>
            <td>1</td>
            <td>0</td>
            <td>0</td>
            <td>
                <button><a href="javascript:showClassDetail('c6','1')"
                           style="color:#660066;">Detail</a></button>
            </td>
        </tr>
            
            <tr id="pt6.1" class='hiddenRow'>
                <td class='passCase'>
                    <div class='testcase'>
                        <a class="popup_link" onfocus='this.blur();'
                           href="javascript:showTestDetail('div_pt6.1')">test_LM_D</a>
                    </div>
                </td>
                <td colspan='5' align='center'>
                    <div>
                        <!--css div popup start-->
                        <button>
                            <a class="popup_link" onfocus='this.blur();'
                               href="javascript:showTestDetail('div_pt6.1')" style="color:#660066;">
                                PASS
                            </a></button>
                        <div id='div_pt6.1' class="popup_window">
                            <div style='text-align: right; color:red;cursor:pointer'>
                                <a onfocus='this.blur();'
                                   onclick="document.getElementById('div_pt6.1').style.display = 'none'; "
                                   style="color:red;">
                                    [x]</a>
                            </div>
                            <pre>2024-04-29 11:03:57.863339 : <selenium.webdriver.remote.webelement.WebElement (session="e4145293098289ecaecc08977439895f", element="f.8128E915648C9020EB3C260E68607C71.d.C7E67DBF9FB213F2A7FA77BBB5F3F797.e.799")>
2024-04-29 11:04:03.458577 : https://eximpl.web13.dtweb.cz/last-minute
</pre>
                            <pre style="color: red;"></pre>
                        </div>
                        <!--css div popup end-->
                    </div>
                </td>
            </tr>
            
        
        <tr class='errorClass' style="font-weight:bold;color:white;">
            <td><a href="javascript:showClassDetail('c7','1')">EXPL_Automation_Local_Deploy_PyCharm.pobocky.TestPobocky_C</a></td>
            <td>1</td>
            <td>0</td>
            <td>0</td>
            <td>1</td>
            <td>
                <button><a href="javascript:showClassDetail('c7','1')"
                           style="color:#660066;">Detail</a></button>
            </td>
        </tr>
            
            <tr id="ft7.1" class='none'>
                <td class='errorCase'>
                    <div class='testcase'>
                        <a class="popup_link" onfocus='this.blur();'
                           href="javascript:showTestDetail('div_ft7.1')">test_pobocky_D</a>
                    </div>
                </td>
                <td colspan='5' align='center'>
                    <div>
                        <!--css div popup start-->
                        <button>
                            <a class="popup_link" onfocus='this.blur();'
                               href="javascript:showTestDetail('div_ft7.1')" style="color:#660066;">
                                ERROR
                            </a></button>
                        <div id='div_ft7.1' class="popup_window">
                            <div style='text-align: right; color:red;cursor:pointer'>
                                <a onfocus='this.blur();'
                                   onclick="document.getElementById('div_ft7.1').style.display = 'none'; "
                                   style="color:red;">
                                    [x]</a>
                            </div>
                            <pre></pre>
                            <pre style="color: red;">Traceback (most recent call last):
  File "C:\Users\KADOUN\AppData\Roaming\Python\Python38\site-packages\webdriver_manager\core\file_manager.py", line 65, in __extract_zip
    archive.extractall(to_directory)
  File "C:\Users\KADOUN\AppData\Local\Programs\Python\Python38\lib\zipfile.py", line 1647, in extractall
    self._extract_member(zipinfo, path, pwd)
  File "C:\Users\KADOUN\AppData\Local\Programs\Python\Python38\lib\zipfile.py", line 1701, in _extract_member
    open(targetpath, "wb") as target:
PermissionError: [Errno 13] Permission denied: 'C:\\Users\\KADOUN\\.wdm\\drivers\\chromedriver\\win64\\124.0.6367.91\\chromedriver-win32\\chromedriver.exe'

During handling of the above exception, another exception occurred:

Traceback (most recent call last):
  File "C:\Users\KADOUN\Desktop\Automatization_Project_Master_QA\EXPL_Automation_Local_Deploy_PyCharm\pobocky.py", line 12, in setUp
    setUp(self)
  File "C:\Users\KADOUN\Desktop\Automatization_Project_Master_QA\EXPL_Automation_Local_Deploy_PyCharm\to_import.py", line 34, in setUp
    self.driver = webdriver.Chrome(ChromeDriverManager().install())
  File "C:\Users\KADOUN\AppData\Roaming\Python\Python38\site-packages\webdriver_manager\chrome.py", line 40, in install
    driver_path = self._get_driver_binary_path(self.driver)
  File "C:\Users\KADOUN\AppData\Roaming\Python\Python38\site-packages\webdriver_manager\core\manager.py", line 41, in _get_driver_binary_path
    binary_path = self._cache_manager.save_file_to_cache(driver, file)
  File "C:\Users\KADOUN\AppData\Roaming\Python\Python38\site-packages\webdriver_manager\core\driver_cache.py", line 54, in save_file_to_cache
    files = self.unpack_archive(archive, path)
  File "C:\Users\KADOUN\AppData\Roaming\Python\Python38\site-packages\webdriver_manager\core\driver_cache.py", line 49, in unpack_archive
    return self._file_manager.unpack_archive(archive, path)
  File "C:\Users\KADOUN\AppData\Roaming\Python\Python38\site-packages\webdriver_manager\core\file_manager.py", line 57, in unpack_archive
    return self.__extract_zip(archive_file, target_dir)
  File "C:\Users\KADOUN\AppData\Roaming\Python\Python38\site-packages\webdriver_manager\core\file_manager.py", line 81, in __extract_zip
    os.replace(source, destination)
PermissionError: [WinError 5] Access is denied: 'C:\\Users\\KADOUN\\.wdm\\drivers\\chromedriver\\win64\\124.0.6367.91\\chromedriver-win32\\chromedriver.exe' -> 'C:\\Users\\KADOUN\\.wdm\\drivers\\chromedriver\\win64\\124.0.6367.91\\chromedriver.exe'
</pre>
                        </div>
                        <!--css div popup end-->
                    </div>
                </td>
            </tr>
            
        
        <tr class='errorClass' style="font-weight:bold;color:white;">
            <td><a href="javascript:showClassDetail('c8','2')">EXPL_Automation_Local_Deploy_PyCharm.SDO_D.TestSDO_D</a></td>
            <td>2</td>
            <td>0</td>
            <td>0</td>
            <td>2</td>
            <td>
                <button><a href="javascript:showClassDetail('c8','2')"
                           style="color:#660066;">Detail</a></button>
            </td>
        </tr>
            
            <tr id="ft8.1" class='none'>
                <td class='errorCase'>
                    <div class='testcase'>
                        <a class="popup_link" onfocus='this.blur();'
                           href="javascript:showTestDetail('div_ft8.1')">test_SDO_D</a>
                    </div>
                </td>
                <td colspan='5' align='center'>
                    <div>
                        <!--css div popup start-->
                        <button>
                            <a class="popup_link" onfocus='this.blur();'
                               href="javascript:showTestDetail('div_ft8.1')" style="color:#660066;">
                                ERROR
                            </a></button>
                        <div id='div_ft8.1' class="popup_window">
                            <div style='text-align: right; color:red;cursor:pointer'>
                                <a onfocus='this.blur();'
                                   onclick="document.getElementById('div_ft8.1').style.display = 'none'; "
                                   style="color:red;">
                                    [x]</a>
                            </div>
                            <pre></pre>
                            <pre style="color: red;">Traceback (most recent call last):
  File "C:\Users\KADOUN\AppData\Roaming\Python\Python38\site-packages\webdriver_manager\core\file_manager.py", line 65, in __extract_zip
    archive.extractall(to_directory)
  File "C:\Users\KADOUN\AppData\Local\Programs\Python\Python38\lib\zipfile.py", line 1647, in extractall
    self._extract_member(zipinfo, path, pwd)
  File "C:\Users\KADOUN\AppData\Local\Programs\Python\Python38\lib\zipfile.py", line 1701, in _extract_member
    open(targetpath, "wb") as target:
PermissionError: [Errno 13] Permission denied: 'C:\\Users\\KADOUN\\.wdm\\drivers\\chromedriver\\win64\\124.0.6367.91\\chromedriver-win32\\chromedriver.exe'

During handling of the above exception, another exception occurred:

Traceback (most recent call last):
  File "C:\Users\KADOUN\Desktop\Automatization_Project_Master_QA\EXPL_Automation_Local_Deploy_PyCharm\SDO_D.py", line 9, in setUp
    setUp(self)
  File "C:\Users\KADOUN\Desktop\Automatization_Project_Master_QA\EXPL_Automation_Local_Deploy_PyCharm\to_import.py", line 34, in setUp
    self.driver = webdriver.Chrome(ChromeDriverManager().install())
  File "C:\Users\KADOUN\AppData\Roaming\Python\Python38\site-packages\webdriver_manager\chrome.py", line 40, in install
    driver_path = self._get_driver_binary_path(self.driver)
  File "C:\Users\KADOUN\AppData\Roaming\Python\Python38\site-packages\webdriver_manager\core\manager.py", line 41, in _get_driver_binary_path
    binary_path = self._cache_manager.save_file_to_cache(driver, file)
  File "C:\Users\KADOUN\AppData\Roaming\Python\Python38\site-packages\webdriver_manager\core\driver_cache.py", line 54, in save_file_to_cache
    files = self.unpack_archive(archive, path)
  File "C:\Users\KADOUN\AppData\Roaming\Python\Python38\site-packages\webdriver_manager\core\driver_cache.py", line 49, in unpack_archive
    return self._file_manager.unpack_archive(archive, path)
  File "C:\Users\KADOUN\AppData\Roaming\Python\Python38\site-packages\webdriver_manager\core\file_manager.py", line 57, in unpack_archive
    return self.__extract_zip(archive_file, target_dir)
  File "C:\Users\KADOUN\AppData\Roaming\Python\Python38\site-packages\webdriver_manager\core\file_manager.py", line 81, in __extract_zip
    os.replace(source, destination)
PermissionError: [WinError 5] Access is denied: 'C:\\Users\\KADOUN\\.wdm\\drivers\\chromedriver\\win64\\124.0.6367.91\\chromedriver-win32\\chromedriver.exe' -> 'C:\\Users\\KADOUN\\.wdm\\drivers\\chromedriver\\win64\\124.0.6367.91\\chromedriver.exe'
</pre>
                        </div>
                        <!--css div popup end-->
                    </div>
                </td>
            </tr>
            
            <tr id="ft8.2" class='none'>
                <td class='errorCase'>
                    <div class='testcase'>
                        <a class="popup_link" onfocus='this.blur();'
                           href="javascript:showTestDetail('div_ft8.2')">test_SDO_NejHotely</a>
                    </div>
                </td>
                <td colspan='5' align='center'>
                    <div>
                        <!--css div popup start-->
                        <button>
                            <a class="popup_link" onfocus='this.blur();'
                               href="javascript:showTestDetail('div_ft8.2')" style="color:#660066;">
                                ERROR
                            </a></button>
                        <div id='div_ft8.2' class="popup_window">
                            <div style='text-align: right; color:red;cursor:pointer'>
                                <a onfocus='this.blur();'
                                   onclick="document.getElementById('div_ft8.2').style.display = 'none'; "
                                   style="color:red;">
                                    [x]</a>
                            </div>
                            <pre></pre>
                            <pre style="color: red;">Traceback (most recent call last):
  File "C:\Users\KADOUN\AppData\Roaming\Python\Python38\site-packages\webdriver_manager\core\file_manager.py", line 65, in __extract_zip
    archive.extractall(to_directory)
  File "C:\Users\KADOUN\AppData\Local\Programs\Python\Python38\lib\zipfile.py", line 1647, in extractall
    self._extract_member(zipinfo, path, pwd)
  File "C:\Users\KADOUN\AppData\Local\Programs\Python\Python38\lib\zipfile.py", line 1701, in _extract_member
    open(targetpath, "wb") as target:
PermissionError: [Errno 13] Permission denied: 'C:\\Users\\KADOUN\\.wdm\\drivers\\chromedriver\\win64\\124.0.6367.91\\chromedriver-win32\\chromedriver.exe'

During handling of the above exception, another exception occurred:

Traceback (most recent call last):
  File "C:\Users\KADOUN\Desktop\Automatization_Project_Master_QA\EXPL_Automation_Local_Deploy_PyCharm\SDO_D.py", line 9, in setUp
    setUp(self)
  File "C:\Users\KADOUN\Desktop\Automatization_Project_Master_QA\EXPL_Automation_Local_Deploy_PyCharm\to_import.py", line 34, in setUp
    self.driver = webdriver.Chrome(ChromeDriverManager().install())
  File "C:\Users\KADOUN\AppData\Roaming\Python\Python38\site-packages\webdriver_manager\chrome.py", line 40, in install
    driver_path = self._get_driver_binary_path(self.driver)
  File "C:\Users\KADOUN\AppData\Roaming\Python\Python38\site-packages\webdriver_manager\core\manager.py", line 41, in _get_driver_binary_path
    binary_path = self._cache_manager.save_file_to_cache(driver, file)
  File "C:\Users\KADOUN\AppData\Roaming\Python\Python38\site-packages\webdriver_manager\core\driver_cache.py", line 54, in save_file_to_cache
    files = self.unpack_archive(archive, path)
  File "C:\Users\KADOUN\AppData\Roaming\Python\Python38\site-packages\webdriver_manager\core\driver_cache.py", line 49, in unpack_archive
    return self._file_manager.unpack_archive(archive, path)
  File "C:\Users\KADOUN\AppData\Roaming\Python\Python38\site-packages\webdriver_manager\core\file_manager.py", line 57, in unpack_archive
    return self.__extract_zip(archive_file, target_dir)
  File "C:\Users\KADOUN\AppData\Roaming\Python\Python38\site-packages\webdriver_manager\core\file_manager.py", line 81, in __extract_zip
    os.replace(source, destination)
PermissionError: [WinError 5] Access is denied: 'C:\\Users\\KADOUN\\.wdm\\drivers\\chromedriver\\win64\\124.0.6367.91\\chromedriver-win32\\chromedriver.exe' -> 'C:\\Users\\KADOUN\\.wdm\\drivers\\chromedriver\\win64\\124.0.6367.91\\chromedriver.exe'
</pre>
                        </div>
                        <!--css div popup end-->
                    </div>
                </td>
            </tr>
            
        
        <tr class='errorClass' style="font-weight:bold;color:white;">
            <td><a href="javascript:showClassDetail('c9','3')">EXPL_Automation_Local_Deploy_PyCharm.SRL_C.Test_SRL_C</a></td>
            <td>3</td>
            <td>0</td>
            <td>0</td>
            <td>3</td>
            <td>
                <button><a href="javascript:showClassDetail('c9','3')"
                           style="color:#660066;">Detail</a></button>
            </td>
        </tr>
            
            <tr id="ft9.1" class='none'>
                <td class='errorCase'>
                    <div class='testcase'>
                        <a class="popup_link" onfocus='this.blur();'
                           href="javascript:showTestDetail('div_ft9.1')">test_SRL_map</a>
                    </div>
                </td>
                <td colspan='5' align='center'>
                    <div>
                        <!--css div popup start-->
                        <button>
                            <a class="popup_link" onfocus='this.blur();'
                               href="javascript:showTestDetail('div_ft9.1')" style="color:#660066;">
                                ERROR
                            </a></button>
                        <div id='div_ft9.1' class="popup_window">
                            <div style='text-align: right; color:red;cursor:pointer'>
                                <a onfocus='this.blur();'
                                   onclick="document.getElementById('div_ft9.1').style.display = 'none'; "
                                   style="color:red;">
                                    [x]</a>
                            </div>
                            <pre></pre>
                            <pre style="color: red;">Traceback (most recent call last):
  File "C:\Users\KADOUN\AppData\Roaming\Python\Python38\site-packages\webdriver_manager\core\file_manager.py", line 65, in __extract_zip
    archive.extractall(to_directory)
  File "C:\Users\KADOUN\AppData\Local\Programs\Python\Python38\lib\zipfile.py", line 1647, in extractall
    self._extract_member(zipinfo, path, pwd)
  File "C:\Users\KADOUN\AppData\Local\Programs\Python\Python38\lib\zipfile.py", line 1701, in _extract_member
    open(targetpath, "wb") as target:
PermissionError: [Errno 13] Permission denied: 'C:\\Users\\KADOUN\\.wdm\\drivers\\chromedriver\\win64\\124.0.6367.91\\chromedriver-win32\\chromedriver.exe'

During handling of the above exception, another exception occurred:

Traceback (most recent call last):
  File "C:\Users\KADOUN\Desktop\Automatization_Project_Master_QA\EXPL_Automation_Local_Deploy_PyCharm\SRL_C.py", line 17, in setUp
    setUp(self)
  File "C:\Users\KADOUN\Desktop\Automatization_Project_Master_QA\EXPL_Automation_Local_Deploy_PyCharm\to_import.py", line 34, in setUp
    self.driver = webdriver.Chrome(ChromeDriverManager().install())
  File "C:\Users\KADOUN\AppData\Roaming\Python\Python38\site-packages\webdriver_manager\chrome.py", line 40, in install
    driver_path = self._get_driver_binary_path(self.driver)
  File "C:\Users\KADOUN\AppData\Roaming\Python\Python38\site-packages\webdriver_manager\core\manager.py", line 41, in _get_driver_binary_path
    binary_path = self._cache_manager.save_file_to_cache(driver, file)
  File "C:\Users\KADOUN\AppData\Roaming\Python\Python38\site-packages\webdriver_manager\core\driver_cache.py", line 54, in save_file_to_cache
    files = self.unpack_archive(archive, path)
  File "C:\Users\KADOUN\AppData\Roaming\Python\Python38\site-packages\webdriver_manager\core\driver_cache.py", line 49, in unpack_archive
    return self._file_manager.unpack_archive(archive, path)
  File "C:\Users\KADOUN\AppData\Roaming\Python\Python38\site-packages\webdriver_manager\core\file_manager.py", line 57, in unpack_archive
    return self.__extract_zip(archive_file, target_dir)
  File "C:\Users\KADOUN\AppData\Roaming\Python\Python38\site-packages\webdriver_manager\core\file_manager.py", line 81, in __extract_zip
    os.replace(source, destination)
PermissionError: [WinError 5] Access is denied: 'C:\\Users\\KADOUN\\.wdm\\drivers\\chromedriver\\win64\\124.0.6367.91\\chromedriver-win32\\chromedriver.exe' -> 'C:\\Users\\KADOUN\\.wdm\\drivers\\chromedriver\\win64\\124.0.6367.91\\chromedriver.exe'
</pre>
                        </div>
                        <!--css div popup end-->
                    </div>
                </td>
            </tr>
            
            <tr id="ft9.2" class='none'>
                <td class='errorCase'>
                    <div class='testcase'>
                        <a class="popup_link" onfocus='this.blur();'
                           href="javascript:showTestDetail('div_ft9.2')">test_SRL_filtr_strava</a>
                    </div>
                </td>
                <td colspan='5' align='center'>
                    <div>
                        <!--css div popup start-->
                        <button>
                            <a class="popup_link" onfocus='this.blur();'
                               href="javascript:showTestDetail('div_ft9.2')" style="color:#660066;">
                                ERROR
                            </a></button>
                        <div id='div_ft9.2' class="popup_window">
                            <div style='text-align: right; color:red;cursor:pointer'>
                                <a onfocus='this.blur();'
                                   onclick="document.getElementById('div_ft9.2').style.display = 'none'; "
                                   style="color:red;">
                                    [x]</a>
                            </div>
                            <pre></pre>
                            <pre style="color: red;">Traceback (most recent call last):
  File "C:\Users\KADOUN\AppData\Roaming\Python\Python38\site-packages\webdriver_manager\core\file_manager.py", line 65, in __extract_zip
    archive.extractall(to_directory)
  File "C:\Users\KADOUN\AppData\Local\Programs\Python\Python38\lib\zipfile.py", line 1647, in extractall
    self._extract_member(zipinfo, path, pwd)
  File "C:\Users\KADOUN\AppData\Local\Programs\Python\Python38\lib\zipfile.py", line 1701, in _extract_member
    open(targetpath, "wb") as target:
PermissionError: [Errno 13] Permission denied: 'C:\\Users\\KADOUN\\.wdm\\drivers\\chromedriver\\win64\\124.0.6367.91\\chromedriver-win32\\chromedriver.exe'

During handling of the above exception, another exception occurred:

Traceback (most recent call last):
  File "C:\Users\KADOUN\Desktop\Automatization_Project_Master_QA\EXPL_Automation_Local_Deploy_PyCharm\SRL_C.py", line 17, in setUp
    setUp(self)
  File "C:\Users\KADOUN\Desktop\Automatization_Project_Master_QA\EXPL_Automation_Local_Deploy_PyCharm\to_import.py", line 34, in setUp
    self.driver = webdriver.Chrome(ChromeDriverManager().install())
  File "C:\Users\KADOUN\AppData\Roaming\Python\Python38\site-packages\webdriver_manager\chrome.py", line 40, in install
    driver_path = self._get_driver_binary_path(self.driver)
  File "C:\Users\KADOUN\AppData\Roaming\Python\Python38\site-packages\webdriver_manager\core\manager.py", line 41, in _get_driver_binary_path
    binary_path = self._cache_manager.save_file_to_cache(driver, file)
  File "C:\Users\KADOUN\AppData\Roaming\Python\Python38\site-packages\webdriver_manager\core\driver_cache.py", line 54, in save_file_to_cache
    files = self.unpack_archive(archive, path)
  File "C:\Users\KADOUN\AppData\Roaming\Python\Python38\site-packages\webdriver_manager\core\driver_cache.py", line 49, in unpack_archive
    return self._file_manager.unpack_archive(archive, path)
  File "C:\Users\KADOUN\AppData\Roaming\Python\Python38\site-packages\webdriver_manager\core\file_manager.py", line 57, in unpack_archive
    return self.__extract_zip(archive_file, target_dir)
  File "C:\Users\KADOUN\AppData\Roaming\Python\Python38\site-packages\webdriver_manager\core\file_manager.py", line 81, in __extract_zip
    os.replace(source, destination)
PermissionError: [WinError 5] Access is denied: 'C:\\Users\\KADOUN\\.wdm\\drivers\\chromedriver\\win64\\124.0.6367.91\\chromedriver-win32\\chromedriver.exe' -> 'C:\\Users\\KADOUN\\.wdm\\drivers\\chromedriver\\win64\\124.0.6367.91\\chromedriver.exe'
</pre>
                        </div>
                        <!--css div popup end-->
                    </div>
                </td>
            </tr>
            
            <tr id="ft9.3" class='none'>
                <td class='errorCase'>
                    <div class='testcase'>
                        <a class="popup_link" onfocus='this.blur();'
                           href="javascript:showTestDetail('div_ft9.3')">test_srl_C</a>
                    </div>
                </td>
                <td colspan='5' align='center'>
                    <div>
                        <!--css div popup start-->
                        <button>
                            <a class="popup_link" onfocus='this.blur();'
                               href="javascript:showTestDetail('div_ft9.3')" style="color:#660066;">
                                ERROR
                            </a></button>
                        <div id='div_ft9.3' class="popup_window">
                            <div style='text-align: right; color:red;cursor:pointer'>
                                <a onfocus='this.blur();'
                                   onclick="document.getElementById('div_ft9.3').style.display = 'none'; "
                                   style="color:red;">
                                    [x]</a>
                            </div>
                            <pre></pre>
                            <pre style="color: red;">Traceback (most recent call last):
  File "C:\Users\KADOUN\AppData\Roaming\Python\Python38\site-packages\webdriver_manager\core\file_manager.py", line 65, in __extract_zip
    archive.extractall(to_directory)
  File "C:\Users\KADOUN\AppData\Local\Programs\Python\Python38\lib\zipfile.py", line 1647, in extractall
    self._extract_member(zipinfo, path, pwd)
  File "C:\Users\KADOUN\AppData\Local\Programs\Python\Python38\lib\zipfile.py", line 1701, in _extract_member
    open(targetpath, "wb") as target:
PermissionError: [Errno 13] Permission denied: 'C:\\Users\\KADOUN\\.wdm\\drivers\\chromedriver\\win64\\124.0.6367.91\\chromedriver-win32\\chromedriver.exe'

During handling of the above exception, another exception occurred:

Traceback (most recent call last):
  File "C:\Users\KADOUN\Desktop\Automatization_Project_Master_QA\EXPL_Automation_Local_Deploy_PyCharm\SRL_C.py", line 17, in setUp
    setUp(self)
  File "C:\Users\KADOUN\Desktop\Automatization_Project_Master_QA\EXPL_Automation_Local_Deploy_PyCharm\to_import.py", line 34, in setUp
    self.driver = webdriver.Chrome(ChromeDriverManager().install())
  File "C:\Users\KADOUN\AppData\Roaming\Python\Python38\site-packages\webdriver_manager\chrome.py", line 40, in install
    driver_path = self._get_driver_binary_path(self.driver)
  File "C:\Users\KADOUN\AppData\Roaming\Python\Python38\site-packages\webdriver_manager\core\manager.py", line 41, in _get_driver_binary_path
    binary_path = self._cache_manager.save_file_to_cache(driver, file)
  File "C:\Users\KADOUN\AppData\Roaming\Python\Python38\site-packages\webdriver_manager\core\driver_cache.py", line 54, in save_file_to_cache
    files = self.unpack_archive(archive, path)
  File "C:\Users\KADOUN\AppData\Roaming\Python\Python38\site-packages\webdriver_manager\core\driver_cache.py", line 49, in unpack_archive
    return self._file_manager.unpack_archive(archive, path)
  File "C:\Users\KADOUN\AppData\Roaming\Python\Python38\site-packages\webdriver_manager\core\file_manager.py", line 57, in unpack_archive
    return self.__extract_zip(archive_file, target_dir)
  File "C:\Users\KADOUN\AppData\Roaming\Python\Python38\site-packages\webdriver_manager\core\file_manager.py", line 81, in __extract_zip
    os.replace(source, destination)
PermissionError: [WinError 5] Access is denied: 'C:\\Users\\KADOUN\\.wdm\\drivers\\chromedriver\\win64\\124.0.6367.91\\chromedriver-win32\\chromedriver.exe' -> 'C:\\Users\\KADOUN\\.wdm\\drivers\\chromedriver\\win64\\124.0.6367.91\\chromedriver.exe'
</pre>
                        </div>
                        <!--css div popup end-->
                    </div>
                </td>
            </tr>
            
        
        <tr class='errorClass' style="font-weight:bold;color:white;">
            <td><a href="javascript:showClassDetail('c10','1')">EXPL_Automation_Local_Deploy_PyCharm.SRL_D.TestSRL_D</a></td>
            <td>1</td>
            <td>0</td>
            <td>0</td>
            <td>1</td>
            <td>
                <button><a href="javascript:showClassDetail('c10','1')"
                           style="color:#660066;">Detail</a></button>
            </td>
        </tr>
            
            <tr id="ft10.1" class='none'>
                <td class='errorCase'>
                    <div class='testcase'>
                        <a class="popup_link" onfocus='this.blur();'
                           href="javascript:showTestDetail('div_ft10.1')">test_SRL_D</a>
                    </div>
                </td>
                <td colspan='5' align='center'>
                    <div>
                        <!--css div popup start-->
                        <button>
                            <a class="popup_link" onfocus='this.blur();'
                               href="javascript:showTestDetail('div_ft10.1')" style="color:#660066;">
                                ERROR
                            </a></button>
                        <div id='div_ft10.1' class="popup_window">
                            <div style='text-align: right; color:red;cursor:pointer'>
                                <a onfocus='this.blur();'
                                   onclick="document.getElementById('div_ft10.1').style.display = 'none'; "
                                   style="color:red;">
                                    [x]</a>
                            </div>
                            <pre></pre>
                            <pre style="color: red;">Traceback (most recent call last):
  File "C:\Users\KADOUN\AppData\Roaming\Python\Python38\site-packages\webdriver_manager\core\file_manager.py", line 65, in __extract_zip
    archive.extractall(to_directory)
  File "C:\Users\KADOUN\AppData\Local\Programs\Python\Python38\lib\zipfile.py", line 1647, in extractall
    self._extract_member(zipinfo, path, pwd)
  File "C:\Users\KADOUN\AppData\Local\Programs\Python\Python38\lib\zipfile.py", line 1701, in _extract_member
    open(targetpath, "wb") as target:
PermissionError: [Errno 13] Permission denied: 'C:\\Users\\KADOUN\\.wdm\\drivers\\chromedriver\\win64\\124.0.6367.91\\chromedriver-win32\\chromedriver.exe'

During handling of the above exception, another exception occurred:

Traceback (most recent call last):
  File "C:\Users\KADOUN\Desktop\Automatization_Project_Master_QA\EXPL_Automation_Local_Deploy_PyCharm\SRL_D.py", line 106, in setUp
    setUp(self)
  File "C:\Users\KADOUN\Desktop\Automatization_Project_Master_QA\EXPL_Automation_Local_Deploy_PyCharm\to_import.py", line 34, in setUp
    self.driver = webdriver.Chrome(ChromeDriverManager().install())
  File "C:\Users\KADOUN\AppData\Roaming\Python\Python38\site-packages\webdriver_manager\chrome.py", line 40, in install
    driver_path = self._get_driver_binary_path(self.driver)
  File "C:\Users\KADOUN\AppData\Roaming\Python\Python38\site-packages\webdriver_manager\core\manager.py", line 41, in _get_driver_binary_path
    binary_path = self._cache_manager.save_file_to_cache(driver, file)
  File "C:\Users\KADOUN\AppData\Roaming\Python\Python38\site-packages\webdriver_manager\core\driver_cache.py", line 54, in save_file_to_cache
    files = self.unpack_archive(archive, path)
  File "C:\Users\KADOUN\AppData\Roaming\Python\Python38\site-packages\webdriver_manager\core\driver_cache.py", line 49, in unpack_archive
    return self._file_manager.unpack_archive(archive, path)
  File "C:\Users\KADOUN\AppData\Roaming\Python\Python38\site-packages\webdriver_manager\core\file_manager.py", line 57, in unpack_archive
    return self.__extract_zip(archive_file, target_dir)
  File "C:\Users\KADOUN\AppData\Roaming\Python\Python38\site-packages\webdriver_manager\core\file_manager.py", line 81, in __extract_zip
    os.replace(source, destination)
PermissionError: [WinError 5] Access is denied: 'C:\\Users\\KADOUN\\.wdm\\drivers\\chromedriver\\win64\\124.0.6367.91\\chromedriver-win32\\chromedriver.exe' -> 'C:\\Users\\KADOUN\\.wdm\\drivers\\chromedriver\\win64\\124.0.6367.91\\chromedriver.exe'
</pre>
                        </div>
                        <!--css div popup end-->
                    </div>
                </td>
            </tr>
            
        
        <tr class='errorClass' style="font-weight:bold;color:white;">
            <td><a href="javascript:showClassDetail('c11','11')">EXPL_Automation_Local_Deploy_PyCharm.HP_C.Test_HP_C</a></td>
            <td>11</td>
            <td>1</td>
            <td>0</td>
            <td>10</td>
            <td>
                <button><a href="javascript:showClassDetail('c11','11')"
                           style="color:#660066;">Detail</a></button>
            </td>
        </tr>
            
            <tr id="ft11.1" class='none'>
                <td class='errorCase'>
                    <div class='testcase'>
                        <a class="popup_link" onfocus='this.blur();'
                           href="javascript:showTestDetail('div_ft11.1')">test_HP_zlutak_to_groupsearch_pobyt</a>
                    </div>
                </td>
                <td colspan='5' align='center'>
                    <div>
                        <!--css div popup start-->
                        <button>
                            <a class="popup_link" onfocus='this.blur();'
                               href="javascript:showTestDetail('div_ft11.1')" style="color:#660066;">
                                ERROR
                            </a></button>
                        <div id='div_ft11.1' class="popup_window">
                            <div style='text-align: right; color:red;cursor:pointer'>
                                <a onfocus='this.blur();'
                                   onclick="document.getElementById('div_ft11.1').style.display = 'none'; "
                                   style="color:red;">
                                    [x]</a>
                            </div>
                            <pre></pre>
                            <pre style="color: red;">Traceback (most recent call last):
  File "C:\Users\KADOUN\AppData\Roaming\Python\Python38\site-packages\webdriver_manager\core\file_manager.py", line 65, in __extract_zip
    archive.extractall(to_directory)
  File "C:\Users\KADOUN\AppData\Local\Programs\Python\Python38\lib\zipfile.py", line 1647, in extractall
    self._extract_member(zipinfo, path, pwd)
  File "C:\Users\KADOUN\AppData\Local\Programs\Python\Python38\lib\zipfile.py", line 1701, in _extract_member
    open(targetpath, "wb") as target:
PermissionError: [Errno 13] Permission denied: 'C:\\Users\\KADOUN\\.wdm\\drivers\\chromedriver\\win64\\124.0.6367.91\\chromedriver-win32\\chromedriver.exe'

During handling of the above exception, another exception occurred:

Traceback (most recent call last):
  File "C:\Users\KADOUN\Desktop\Automatization_Project_Master_QA\EXPL_Automation_Local_Deploy_PyCharm\HP_C.py", line 52, in setUp
    setUp(self)
  File "C:\Users\KADOUN\Desktop\Automatization_Project_Master_QA\EXPL_Automation_Local_Deploy_PyCharm\to_import.py", line 34, in setUp
    self.driver = webdriver.Chrome(ChromeDriverManager().install())
  File "C:\Users\KADOUN\AppData\Roaming\Python\Python38\site-packages\webdriver_manager\chrome.py", line 40, in install
    driver_path = self._get_driver_binary_path(self.driver)
  File "C:\Users\KADOUN\AppData\Roaming\Python\Python38\site-packages\webdriver_manager\core\manager.py", line 41, in _get_driver_binary_path
    binary_path = self._cache_manager.save_file_to_cache(driver, file)
  File "C:\Users\KADOUN\AppData\Roaming\Python\Python38\site-packages\webdriver_manager\core\driver_cache.py", line 54, in save_file_to_cache
    files = self.unpack_archive(archive, path)
  File "C:\Users\KADOUN\AppData\Roaming\Python\Python38\site-packages\webdriver_manager\core\driver_cache.py", line 49, in unpack_archive
    return self._file_manager.unpack_archive(archive, path)
  File "C:\Users\KADOUN\AppData\Roaming\Python\Python38\site-packages\webdriver_manager\core\file_manager.py", line 57, in unpack_archive
    return self.__extract_zip(archive_file, target_dir)
  File "C:\Users\KADOUN\AppData\Roaming\Python\Python38\site-packages\webdriver_manager\core\file_manager.py", line 81, in __extract_zip
    os.replace(source, destination)
PermissionError: [WinError 5] Access is denied: 'C:\\Users\\KADOUN\\.wdm\\drivers\\chromedriver\\win64\\124.0.6367.91\\chromedriver-win32\\chromedriver.exe' -> 'C:\\Users\\KADOUN\\.wdm\\drivers\\chromedriver\\win64\\124.0.6367.91\\chromedriver.exe'
</pre>
                        </div>
                        <!--css div popup end-->
                    </div>
                </td>
            </tr>
            
            <tr id="ft11.2" class='none'>
                <td class='errorCase'>
                    <div class='testcase'>
                        <a class="popup_link" onfocus='this.blur();'
                           href="javascript:showTestDetail('div_ft11.2')">test_HP_zlutak_to_SRL_pobyt</a>
                    </div>
                </td>
                <td colspan='5' align='center'>
                    <div>
                        <!--css div popup start-->
                        <button>
                            <a class="popup_link" onfocus='this.blur();'
                               href="javascript:showTestDetail('div_ft11.2')" style="color:#660066;">
                                ERROR
                            </a></button>
                        <div id='div_ft11.2' class="popup_window">
                            <div style='text-align: right; color:red;cursor:pointer'>
                                <a onfocus='this.blur();'
                                   onclick="document.getElementById('div_ft11.2').style.display = 'none'; "
                                   style="color:red;">
                                    [x]</a>
                            </div>
                            <pre></pre>
                            <pre style="color: red;">Traceback (most recent call last):
  File "C:\Users\KADOUN\AppData\Roaming\Python\Python38\site-packages\webdriver_manager\core\file_manager.py", line 65, in __extract_zip
    archive.extractall(to_directory)
  File "C:\Users\KADOUN\AppData\Local\Programs\Python\Python38\lib\zipfile.py", line 1647, in extractall
    self._extract_member(zipinfo, path, pwd)
  File "C:\Users\KADOUN\AppData\Local\Programs\Python\Python38\lib\zipfile.py", line 1701, in _extract_member
    open(targetpath, "wb") as target:
PermissionError: [Errno 13] Permission denied: 'C:\\Users\\KADOUN\\.wdm\\drivers\\chromedriver\\win64\\124.0.6367.91\\chromedriver-win32\\chromedriver.exe'

During handling of the above exception, another exception occurred:

Traceback (most recent call last):
  File "C:\Users\KADOUN\Desktop\Automatization_Project_Master_QA\EXPL_Automation_Local_Deploy_PyCharm\HP_C.py", line 52, in setUp
    setUp(self)
  File "C:\Users\KADOUN\Desktop\Automatization_Project_Master_QA\EXPL_Automation_Local_Deploy_PyCharm\to_import.py", line 34, in setUp
    self.driver = webdriver.Chrome(ChromeDriverManager().install())
  File "C:\Users\KADOUN\AppData\Roaming\Python\Python38\site-packages\webdriver_manager\chrome.py", line 40, in install
    driver_path = self._get_driver_binary_path(self.driver)
  File "C:\Users\KADOUN\AppData\Roaming\Python\Python38\site-packages\webdriver_manager\core\manager.py", line 41, in _get_driver_binary_path
    binary_path = self._cache_manager.save_file_to_cache(driver, file)
  File "C:\Users\KADOUN\AppData\Roaming\Python\Python38\site-packages\webdriver_manager\core\driver_cache.py", line 54, in save_file_to_cache
    files = self.unpack_archive(archive, path)
  File "C:\Users\KADOUN\AppData\Roaming\Python\Python38\site-packages\webdriver_manager\core\driver_cache.py", line 49, in unpack_archive
    return self._file_manager.unpack_archive(archive, path)
  File "C:\Users\KADOUN\AppData\Roaming\Python\Python38\site-packages\webdriver_manager\core\file_manager.py", line 57, in unpack_archive
    return self.__extract_zip(archive_file, target_dir)
  File "C:\Users\KADOUN\AppData\Roaming\Python\Python38\site-packages\webdriver_manager\core\file_manager.py", line 81, in __extract_zip
    os.replace(source, destination)
PermissionError: [WinError 5] Access is denied: 'C:\\Users\\KADOUN\\.wdm\\drivers\\chromedriver\\win64\\124.0.6367.91\\chromedriver-win32\\chromedriver.exe' -> 'C:\\Users\\KADOUN\\.wdm\\drivers\\chromedriver\\win64\\124.0.6367.91\\chromedriver.exe'
</pre>
                        </div>
                        <!--css div popup end-->
                    </div>
                </td>
            </tr>
            
            <tr id="ft11.3" class='none'>
                <td class='errorCase'>
                    <div class='testcase'>
                        <a class="popup_link" onfocus='this.blur();'
                           href="javascript:showTestDetail('div_ft11.3')">test_HP_slider_NasiKlienci</a>
                    </div>
                </td>
                <td colspan='5' align='center'>
                    <div>
                        <!--css div popup start-->
                        <button>
                            <a class="popup_link" onfocus='this.blur();'
                               href="javascript:showTestDetail('div_ft11.3')" style="color:#660066;">
                                ERROR
                            </a></button>
                        <div id='div_ft11.3' class="popup_window">
                            <div style='text-align: right; color:red;cursor:pointer'>
                                <a onfocus='this.blur();'
                                   onclick="document.getElementById('div_ft11.3').style.display = 'none'; "
                                   style="color:red;">
                                    [x]</a>
                            </div>
                            <pre></pre>
                            <pre style="color: red;">Traceback (most recent call last):
  File "C:\Users\KADOUN\AppData\Roaming\Python\Python38\site-packages\webdriver_manager\core\file_manager.py", line 65, in __extract_zip
    archive.extractall(to_directory)
  File "C:\Users\KADOUN\AppData\Local\Programs\Python\Python38\lib\zipfile.py", line 1647, in extractall
    self._extract_member(zipinfo, path, pwd)
  File "C:\Users\KADOUN\AppData\Local\Programs\Python\Python38\lib\zipfile.py", line 1701, in _extract_member
    open(targetpath, "wb") as target:
PermissionError: [Errno 13] Permission denied: 'C:\\Users\\KADOUN\\.wdm\\drivers\\chromedriver\\win64\\124.0.6367.91\\chromedriver-win32\\chromedriver.exe'

During handling of the above exception, another exception occurred:

Traceback (most recent call last):
  File "C:\Users\KADOUN\Desktop\Automatization_Project_Master_QA\EXPL_Automation_Local_Deploy_PyCharm\HP_C.py", line 52, in setUp
    setUp(self)
  File "C:\Users\KADOUN\Desktop\Automatization_Project_Master_QA\EXPL_Automation_Local_Deploy_PyCharm\to_import.py", line 34, in setUp
    self.driver = webdriver.Chrome(ChromeDriverManager().install())
  File "C:\Users\KADOUN\AppData\Roaming\Python\Python38\site-packages\webdriver_manager\chrome.py", line 40, in install
    driver_path = self._get_driver_binary_path(self.driver)
  File "C:\Users\KADOUN\AppData\Roaming\Python\Python38\site-packages\webdriver_manager\core\manager.py", line 41, in _get_driver_binary_path
    binary_path = self._cache_manager.save_file_to_cache(driver, file)
  File "C:\Users\KADOUN\AppData\Roaming\Python\Python38\site-packages\webdriver_manager\core\driver_cache.py", line 54, in save_file_to_cache
    files = self.unpack_archive(archive, path)
  File "C:\Users\KADOUN\AppData\Roaming\Python\Python38\site-packages\webdriver_manager\core\driver_cache.py", line 49, in unpack_archive
    return self._file_manager.unpack_archive(archive, path)
  File "C:\Users\KADOUN\AppData\Roaming\Python\Python38\site-packages\webdriver_manager\core\file_manager.py", line 57, in unpack_archive
    return self.__extract_zip(archive_file, target_dir)
  File "C:\Users\KADOUN\AppData\Roaming\Python\Python38\site-packages\webdriver_manager\core\file_manager.py", line 81, in __extract_zip
    os.replace(source, destination)
PermissionError: [WinError 5] Access is denied: 'C:\\Users\\KADOUN\\.wdm\\drivers\\chromedriver\\win64\\124.0.6367.91\\chromedriver-win32\\chromedriver.exe' -> 'C:\\Users\\KADOUN\\.wdm\\drivers\\chromedriver\\win64\\124.0.6367.91\\chromedriver.exe'
</pre>
                        </div>
                        <!--css div popup end-->
                    </div>
                </td>
            </tr>
            
            <tr id="ft11.4" class='none'>
                <td class='errorCase'>
                    <div class='testcase'>
                        <a class="popup_link" onfocus='this.blur();'
                           href="javascript:showTestDetail('div_ft11.4')">test_HP_bannery_check</a>
                    </div>
                </td>
                <td colspan='5' align='center'>
                    <div>
                        <!--css div popup start-->
                        <button>
                            <a class="popup_link" onfocus='this.blur();'
                               href="javascript:showTestDetail('div_ft11.4')" style="color:#660066;">
                                ERROR
                            </a></button>
                        <div id='div_ft11.4' class="popup_window">
                            <div style='text-align: right; color:red;cursor:pointer'>
                                <a onfocus='this.blur();'
                                   onclick="document.getElementById('div_ft11.4').style.display = 'none'; "
                                   style="color:red;">
                                    [x]</a>
                            </div>
                            <pre></pre>
                            <pre style="color: red;">Traceback (most recent call last):
  File "C:\Users\KADOUN\AppData\Roaming\Python\Python38\site-packages\webdriver_manager\core\file_manager.py", line 65, in __extract_zip
    archive.extractall(to_directory)
  File "C:\Users\KADOUN\AppData\Local\Programs\Python\Python38\lib\zipfile.py", line 1647, in extractall
    self._extract_member(zipinfo, path, pwd)
  File "C:\Users\KADOUN\AppData\Local\Programs\Python\Python38\lib\zipfile.py", line 1701, in _extract_member
    open(targetpath, "wb") as target:
PermissionError: [Errno 13] Permission denied: 'C:\\Users\\KADOUN\\.wdm\\drivers\\chromedriver\\win64\\124.0.6367.91\\chromedriver-win32\\chromedriver.exe'

During handling of the above exception, another exception occurred:

Traceback (most recent call last):
  File "C:\Users\KADOUN\Desktop\Automatization_Project_Master_QA\EXPL_Automation_Local_Deploy_PyCharm\HP_C.py", line 52, in setUp
    setUp(self)
  File "C:\Users\KADOUN\Desktop\Automatization_Project_Master_QA\EXPL_Automation_Local_Deploy_PyCharm\to_import.py", line 34, in setUp
    self.driver = webdriver.Chrome(ChromeDriverManager().install())
  File "C:\Users\KADOUN\AppData\Roaming\Python\Python38\site-packages\webdriver_manager\chrome.py", line 40, in install
    driver_path = self._get_driver_binary_path(self.driver)
  File "C:\Users\KADOUN\AppData\Roaming\Python\Python38\site-packages\webdriver_manager\core\manager.py", line 41, in _get_driver_binary_path
    binary_path = self._cache_manager.save_file_to_cache(driver, file)
  File "C:\Users\KADOUN\AppData\Roaming\Python\Python38\site-packages\webdriver_manager\core\driver_cache.py", line 54, in save_file_to_cache
    files = self.unpack_archive(archive, path)
  File "C:\Users\KADOUN\AppData\Roaming\Python\Python38\site-packages\webdriver_manager\core\driver_cache.py", line 49, in unpack_archive
    return self._file_manager.unpack_archive(archive, path)
  File "C:\Users\KADOUN\AppData\Roaming\Python\Python38\site-packages\webdriver_manager\core\file_manager.py", line 57, in unpack_archive
    return self.__extract_zip(archive_file, target_dir)
  File "C:\Users\KADOUN\AppData\Roaming\Python\Python38\site-packages\webdriver_manager\core\file_manager.py", line 81, in __extract_zip
    os.replace(source, destination)
PermissionError: [WinError 5] Access is denied: 'C:\\Users\\KADOUN\\.wdm\\drivers\\chromedriver\\win64\\124.0.6367.91\\chromedriver-win32\\chromedriver.exe' -> 'C:\\Users\\KADOUN\\.wdm\\drivers\\chromedriver\\win64\\124.0.6367.91\\chromedriver.exe'
</pre>
                        </div>
                        <!--css div popup end-->
                    </div>
                </td>
            </tr>
            
            <tr id="ft11.5" class='none'>
                <td class='errorCase'>
                    <div class='testcase'>
                        <a class="popup_link" onfocus='this.blur();'
                           href="javascript:showTestDetail('div_ft11.5')">test_HP_vyletyPoznan</a>
                    </div>
                </td>
                <td colspan='5' align='center'>
                    <div>
                        <!--css div popup start-->
                        <button>
                            <a class="popup_link" onfocus='this.blur();'
                               href="javascript:showTestDetail('div_ft11.5')" style="color:#660066;">
                                ERROR
                            </a></button>
                        <div id='div_ft11.5' class="popup_window">
                            <div style='text-align: right; color:red;cursor:pointer'>
                                <a onfocus='this.blur();'
                                   onclick="document.getElementById('div_ft11.5').style.display = 'none'; "
                                   style="color:red;">
                                    [x]</a>
                            </div>
                            <pre></pre>
                            <pre style="color: red;">Traceback (most recent call last):
  File "C:\Users\KADOUN\AppData\Roaming\Python\Python38\site-packages\webdriver_manager\core\file_manager.py", line 65, in __extract_zip
    archive.extractall(to_directory)
  File "C:\Users\KADOUN\AppData\Local\Programs\Python\Python38\lib\zipfile.py", line 1647, in extractall
    self._extract_member(zipinfo, path, pwd)
  File "C:\Users\KADOUN\AppData\Local\Programs\Python\Python38\lib\zipfile.py", line 1701, in _extract_member
    open(targetpath, "wb") as target:
PermissionError: [Errno 13] Permission denied: 'C:\\Users\\KADOUN\\.wdm\\drivers\\chromedriver\\win64\\124.0.6367.91\\chromedriver-win32\\chromedriver.exe'

During handling of the above exception, another exception occurred:

Traceback (most recent call last):
  File "C:\Users\KADOUN\Desktop\Automatization_Project_Master_QA\EXPL_Automation_Local_Deploy_PyCharm\HP_C.py", line 52, in setUp
    setUp(self)
  File "C:\Users\KADOUN\Desktop\Automatization_Project_Master_QA\EXPL_Automation_Local_Deploy_PyCharm\to_import.py", line 34, in setUp
    self.driver = webdriver.Chrome(ChromeDriverManager().install())
  File "C:\Users\KADOUN\AppData\Roaming\Python\Python38\site-packages\webdriver_manager\chrome.py", line 40, in install
    driver_path = self._get_driver_binary_path(self.driver)
  File "C:\Users\KADOUN\AppData\Roaming\Python\Python38\site-packages\webdriver_manager\core\manager.py", line 41, in _get_driver_binary_path
    binary_path = self._cache_manager.save_file_to_cache(driver, file)
  File "C:\Users\KADOUN\AppData\Roaming\Python\Python38\site-packages\webdriver_manager\core\driver_cache.py", line 54, in save_file_to_cache
    files = self.unpack_archive(archive, path)
  File "C:\Users\KADOUN\AppData\Roaming\Python\Python38\site-packages\webdriver_manager\core\driver_cache.py", line 49, in unpack_archive
    return self._file_manager.unpack_archive(archive, path)
  File "C:\Users\KADOUN\AppData\Roaming\Python\Python38\site-packages\webdriver_manager\core\file_manager.py", line 57, in unpack_archive
    return self.__extract_zip(archive_file, target_dir)
  File "C:\Users\KADOUN\AppData\Roaming\Python\Python38\site-packages\webdriver_manager\core\file_manager.py", line 81, in __extract_zip
    os.replace(source, destination)
PermissionError: [WinError 5] Access is denied: 'C:\\Users\\KADOUN\\.wdm\\drivers\\chromedriver\\win64\\124.0.6367.91\\chromedriver-win32\\chromedriver.exe' -> 'C:\\Users\\KADOUN\\.wdm\\drivers\\chromedriver\\win64\\124.0.6367.91\\chromedriver.exe'
</pre>
                        </div>
                        <!--css div popup end-->
                    </div>
                </td>
            </tr>
            
            <tr id="ft11.6" class='none'>
                <td class='errorCase'>
                    <div class='testcase'>
                        <a class="popup_link" onfocus='this.blur();'
                           href="javascript:showTestDetail('div_ft11.6')">test_HP_vyletyWroclaw</a>
                    </div>
                </td>
                <td colspan='5' align='center'>
                    <div>
                        <!--css div popup start-->
                        <button>
                            <a class="popup_link" onfocus='this.blur();'
                               href="javascript:showTestDetail('div_ft11.6')" style="color:#660066;">
                                ERROR
                            </a></button>
                        <div id='div_ft11.6' class="popup_window">
                            <div style='text-align: right; color:red;cursor:pointer'>
                                <a onfocus='this.blur();'
                                   onclick="document.getElementById('div_ft11.6').style.display = 'none'; "
                                   style="color:red;">
                                    [x]</a>
                            </div>
                            <pre></pre>
                            <pre style="color: red;">Traceback (most recent call last):
  File "C:\Users\KADOUN\AppData\Roaming\Python\Python38\site-packages\webdriver_manager\core\file_manager.py", line 65, in __extract_zip
    archive.extractall(to_directory)
  File "C:\Users\KADOUN\AppData\Local\Programs\Python\Python38\lib\zipfile.py", line 1647, in extractall
    self._extract_member(zipinfo, path, pwd)
  File "C:\Users\KADOUN\AppData\Local\Programs\Python\Python38\lib\zipfile.py", line 1701, in _extract_member
    open(targetpath, "wb") as target:
PermissionError: [Errno 13] Permission denied: 'C:\\Users\\KADOUN\\.wdm\\drivers\\chromedriver\\win64\\124.0.6367.91\\chromedriver-win32\\chromedriver.exe'

During handling of the above exception, another exception occurred:

Traceback (most recent call last):
  File "C:\Users\KADOUN\Desktop\Automatization_Project_Master_QA\EXPL_Automation_Local_Deploy_PyCharm\HP_C.py", line 52, in setUp
    setUp(self)
  File "C:\Users\KADOUN\Desktop\Automatization_Project_Master_QA\EXPL_Automation_Local_Deploy_PyCharm\to_import.py", line 34, in setUp
    self.driver = webdriver.Chrome(ChromeDriverManager().install())
  File "C:\Users\KADOUN\AppData\Roaming\Python\Python38\site-packages\webdriver_manager\chrome.py", line 40, in install
    driver_path = self._get_driver_binary_path(self.driver)
  File "C:\Users\KADOUN\AppData\Roaming\Python\Python38\site-packages\webdriver_manager\core\manager.py", line 41, in _get_driver_binary_path
    binary_path = self._cache_manager.save_file_to_cache(driver, file)
  File "C:\Users\KADOUN\AppData\Roaming\Python\Python38\site-packages\webdriver_manager\core\driver_cache.py", line 54, in save_file_to_cache
    files = self.unpack_archive(archive, path)
  File "C:\Users\KADOUN\AppData\Roaming\Python\Python38\site-packages\webdriver_manager\core\driver_cache.py", line 49, in unpack_archive
    return self._file_manager.unpack_archive(archive, path)
  File "C:\Users\KADOUN\AppData\Roaming\Python\Python38\site-packages\webdriver_manager\core\file_manager.py", line 57, in unpack_archive
    return self.__extract_zip(archive_file, target_dir)
  File "C:\Users\KADOUN\AppData\Roaming\Python\Python38\site-packages\webdriver_manager\core\file_manager.py", line 81, in __extract_zip
    os.replace(source, destination)
PermissionError: [WinError 5] Access is denied: 'C:\\Users\\KADOUN\\.wdm\\drivers\\chromedriver\\win64\\124.0.6367.91\\chromedriver-win32\\chromedriver.exe' -> 'C:\\Users\\KADOUN\\.wdm\\drivers\\chromedriver\\win64\\124.0.6367.91\\chromedriver.exe'
</pre>
                        </div>
                        <!--css div popup end-->
                    </div>
                </td>
            </tr>
            
            <tr id="pt11.7" class='hiddenRow'>
                <td class='passCase'>
                    <div class='testcase'>
                        <a class="popup_link" onfocus='this.blur();'
                           href="javascript:showTestDetail('div_pt11.7')">test_HP_vyletyGdansk</a>
                    </div>
                </td>
                <td colspan='5' align='center'>
                    <div>
                        <!--css div popup start-->
                        <button>
                            <a class="popup_link" onfocus='this.blur();'
                               href="javascript:showTestDetail('div_pt11.7')" style="color:#660066;">
                                PASS
                            </a></button>
                        <div id='div_pt11.7' class="popup_window">
                            <div style='text-align: right; color:red;cursor:pointer'>
                                <a onfocus='this.blur();'
                                   onclick="document.getElementById('div_pt11.7').style.display = 'none'; "
                                   style="color:red;">
                                    [x]</a>
                            </div>
                            <pre>2024-04-29 11:04:35.254185 : <selenium.webdriver.remote.webelement.WebElement (session="c146b61ffe99732e769da74372f3216e", element="f.A1D48C07B8832AD938898E0E95998007.d.3EF06460A75BF77F758FFECE98044CDF.e.367")>
2024-04-29 11:04:43.280591 : Destinace jdou videt
2024-04-29 11:04:43.290149 : Destinace jdou videt
2024-04-29 11:04:43.299125 : Destinace jdou videt
2024-04-29 11:04:43.309099 : Destinace jdou videt
2024-04-29 11:04:43.318260 : Destinace jdou videt
2024-04-29 11:04:43.327237 : Destinace jdou videt
2024-04-29 11:04:43.336213 : Destinace jdou videt
2024-04-29 11:04:43.346186 : Destinace jdou videt
2024-04-29 11:04:43.358845 : Destinace jdou videt
2024-04-29 11:04:43.369815 : Destinace jdou videt
2024-04-29 11:04:43.379789 : Destinace jdou videt
2024-04-29 11:04:43.389006 : Destinace jdou videt
2024-04-29 11:04:43.398980 : Destinace jdou videt
2024-04-29 11:04:43.407955 : Destinace jdou videt
2024-04-29 11:04:43.412962 : Destinace jdou videt
2024-04-29 11:04:43.412962 : Destinace jdou videt
2024-04-29 11:04:43.428584 : Destinace jdou videt
2024-04-29 11:04:43.473370 : Destinace jdou videt
2024-04-29 11:04:43.488997 : https://eximpl.web13.dtweb.cz/wyloty-z-gdanska
</pre>
                            <pre style="color: red;"></pre>
                        </div>
                        <!--css div popup end-->
                    </div>
                </td>
            </tr>
            
            <tr id="ft11.8" class='none'>
                <td class='errorCase'>
                    <div class='testcase'>
                        <a class="popup_link" onfocus='this.blur();'
                           href="javascript:showTestDetail('div_ft11.8')">test_letoDestination_D</a>
                    </div>
                </td>
                <td colspan='5' align='center'>
                    <div>
                        <!--css div popup start-->
                        <button>
                            <a class="popup_link" onfocus='this.blur();'
                               href="javascript:showTestDetail('div_ft11.8')" style="color:#660066;">
                                ERROR
                            </a></button>
                        <div id='div_ft11.8' class="popup_window">
                            <div style='text-align: right; color:red;cursor:pointer'>
                                <a onfocus='this.blur();'
                                   onclick="document.getElementById('div_ft11.8').style.display = 'none'; "
                                   style="color:red;">
                                    [x]</a>
                            </div>
                            <pre></pre>
                            <pre style="color: red;">Traceback (most recent call last):
  File "C:\Users\KADOUN\AppData\Roaming\Python\Python38\site-packages\webdriver_manager\core\file_manager.py", line 65, in __extract_zip
    archive.extractall(to_directory)
  File "C:\Users\KADOUN\AppData\Local\Programs\Python\Python38\lib\zipfile.py", line 1647, in extractall
    self._extract_member(zipinfo, path, pwd)
  File "C:\Users\KADOUN\AppData\Local\Programs\Python\Python38\lib\zipfile.py", line 1701, in _extract_member
    open(targetpath, "wb") as target:
PermissionError: [Errno 13] Permission denied: 'C:\\Users\\KADOUN\\.wdm\\drivers\\chromedriver\\win64\\124.0.6367.91\\chromedriver-win32\\chromedriver.exe'

During handling of the above exception, another exception occurred:

Traceback (most recent call last):
  File "C:\Users\KADOUN\Desktop\Automatization_Project_Master_QA\EXPL_Automation_Local_Deploy_PyCharm\HP_C.py", line 52, in setUp
    setUp(self)
  File "C:\Users\KADOUN\Desktop\Automatization_Project_Master_QA\EXPL_Automation_Local_Deploy_PyCharm\to_import.py", line 34, in setUp
    self.driver = webdriver.Chrome(ChromeDriverManager().install())
  File "C:\Users\KADOUN\AppData\Roaming\Python\Python38\site-packages\webdriver_manager\chrome.py", line 40, in install
    driver_path = self._get_driver_binary_path(self.driver)
  File "C:\Users\KADOUN\AppData\Roaming\Python\Python38\site-packages\webdriver_manager\core\manager.py", line 41, in _get_driver_binary_path
    binary_path = self._cache_manager.save_file_to_cache(driver, file)
  File "C:\Users\KADOUN\AppData\Roaming\Python\Python38\site-packages\webdriver_manager\core\driver_cache.py", line 54, in save_file_to_cache
    files = self.unpack_archive(archive, path)
  File "C:\Users\KADOUN\AppData\Roaming\Python\Python38\site-packages\webdriver_manager\core\driver_cache.py", line 49, in unpack_archive
    return self._file_manager.unpack_archive(archive, path)
  File "C:\Users\KADOUN\AppData\Roaming\Python\Python38\site-packages\webdriver_manager\core\file_manager.py", line 57, in unpack_archive
    return self.__extract_zip(archive_file, target_dir)
  File "C:\Users\KADOUN\AppData\Roaming\Python\Python38\site-packages\webdriver_manager\core\file_manager.py", line 81, in __extract_zip
    os.replace(source, destination)
PermissionError: [WinError 5] Access is denied: 'C:\\Users\\KADOUN\\.wdm\\drivers\\chromedriver\\win64\\124.0.6367.91\\chromedriver-win32\\chromedriver.exe' -> 'C:\\Users\\KADOUN\\.wdm\\drivers\\chromedriver\\win64\\124.0.6367.91\\chromedriver.exe'
</pre>
                        </div>
                        <!--css div popup end-->
                    </div>
                </td>
            </tr>
            
            <tr id="ft11.9" class='none'>
                <td class='errorCase'>
                    <div class='testcase'>
                        <a class="popup_link" onfocus='this.blur();'
                           href="javascript:showTestDetail('div_ft11.9')">test_zimaDestination_D</a>
                    </div>
                </td>
                <td colspan='5' align='center'>
                    <div>
                        <!--css div popup start-->
                        <button>
                            <a class="popup_link" onfocus='this.blur();'
                               href="javascript:showTestDetail('div_ft11.9')" style="color:#660066;">
                                ERROR
                            </a></button>
                        <div id='div_ft11.9' class="popup_window">
                            <div style='text-align: right; color:red;cursor:pointer'>
                                <a onfocus='this.blur();'
                                   onclick="document.getElementById('div_ft11.9').style.display = 'none'; "
                                   style="color:red;">
                                    [x]</a>
                            </div>
                            <pre></pre>
                            <pre style="color: red;">Traceback (most recent call last):
  File "C:\Users\KADOUN\AppData\Roaming\Python\Python38\site-packages\webdriver_manager\core\file_manager.py", line 65, in __extract_zip
    archive.extractall(to_directory)
  File "C:\Users\KADOUN\AppData\Local\Programs\Python\Python38\lib\zipfile.py", line 1647, in extractall
    self._extract_member(zipinfo, path, pwd)
  File "C:\Users\KADOUN\AppData\Local\Programs\Python\Python38\lib\zipfile.py", line 1701, in _extract_member
    open(targetpath, "wb") as target:
PermissionError: [Errno 13] Permission denied: 'C:\\Users\\KADOUN\\.wdm\\drivers\\chromedriver\\win64\\124.0.6367.91\\chromedriver-win32\\chromedriver.exe'

During handling of the above exception, another exception occurred:

Traceback (most recent call last):
  File "C:\Users\KADOUN\Desktop\Automatization_Project_Master_QA\EXPL_Automation_Local_Deploy_PyCharm\HP_C.py", line 52, in setUp
    setUp(self)
  File "C:\Users\KADOUN\Desktop\Automatization_Project_Master_QA\EXPL_Automation_Local_Deploy_PyCharm\to_import.py", line 34, in setUp
    self.driver = webdriver.Chrome(ChromeDriverManager().install())
  File "C:\Users\KADOUN\AppData\Roaming\Python\Python38\site-packages\webdriver_manager\chrome.py", line 40, in install
    driver_path = self._get_driver_binary_path(self.driver)
  File "C:\Users\KADOUN\AppData\Roaming\Python\Python38\site-packages\webdriver_manager\core\manager.py", line 41, in _get_driver_binary_path
    binary_path = self._cache_manager.save_file_to_cache(driver, file)
  File "C:\Users\KADOUN\AppData\Roaming\Python\Python38\site-packages\webdriver_manager\core\driver_cache.py", line 54, in save_file_to_cache
    files = self.unpack_archive(archive, path)
  File "C:\Users\KADOUN\AppData\Roaming\Python\Python38\site-packages\webdriver_manager\core\driver_cache.py", line 49, in unpack_archive
    return self._file_manager.unpack_archive(archive, path)
  File "C:\Users\KADOUN\AppData\Roaming\Python\Python38\site-packages\webdriver_manager\core\file_manager.py", line 57, in unpack_archive
    return self.__extract_zip(archive_file, target_dir)
  File "C:\Users\KADOUN\AppData\Roaming\Python\Python38\site-packages\webdriver_manager\core\file_manager.py", line 81, in __extract_zip
    os.replace(source, destination)
PermissionError: [WinError 5] Access is denied: 'C:\\Users\\KADOUN\\.wdm\\drivers\\chromedriver\\win64\\124.0.6367.91\\chromedriver-win32\\chromedriver.exe' -> 'C:\\Users\\KADOUN\\.wdm\\drivers\\chromedriver\\win64\\124.0.6367.91\\chromedriver.exe'
</pre>
                        </div>
                        <!--css div popup end-->
                    </div>
                </td>
            </tr>
            
            <tr id="ft11.10" class='none'>
                <td class='errorCase'>
                    <div class='testcase'>
                        <a class="popup_link" onfocus='this.blur();'
                           href="javascript:showTestDetail('div_ft11.10')">test_egzotykaDestination_D</a>
                    </div>
                </td>
                <td colspan='5' align='center'>
                    <div>
                        <!--css div popup start-->
                        <button>
                            <a class="popup_link" onfocus='this.blur();'
                               href="javascript:showTestDetail('div_ft11.10')" style="color:#660066;">
                                ERROR
                            </a></button>
                        <div id='div_ft11.10' class="popup_window">
                            <div style='text-align: right; color:red;cursor:pointer'>
                                <a onfocus='this.blur();'
                                   onclick="document.getElementById('div_ft11.10').style.display = 'none'; "
                                   style="color:red;">
                                    [x]</a>
                            </div>
                            <pre></pre>
                            <pre style="color: red;">Traceback (most recent call last):
  File "C:\Users\KADOUN\AppData\Roaming\Python\Python38\site-packages\webdriver_manager\core\file_manager.py", line 65, in __extract_zip
    archive.extractall(to_directory)
  File "C:\Users\KADOUN\AppData\Local\Programs\Python\Python38\lib\zipfile.py", line 1647, in extractall
    self._extract_member(zipinfo, path, pwd)
  File "C:\Users\KADOUN\AppData\Local\Programs\Python\Python38\lib\zipfile.py", line 1701, in _extract_member
    open(targetpath, "wb") as target:
PermissionError: [Errno 13] Permission denied: 'C:\\Users\\KADOUN\\.wdm\\drivers\\chromedriver\\win64\\124.0.6367.91\\chromedriver-win32\\chromedriver.exe'

During handling of the above exception, another exception occurred:

Traceback (most recent call last):
  File "C:\Users\KADOUN\Desktop\Automatization_Project_Master_QA\EXPL_Automation_Local_Deploy_PyCharm\HP_C.py", line 52, in setUp
    setUp(self)
  File "C:\Users\KADOUN\Desktop\Automatization_Project_Master_QA\EXPL_Automation_Local_Deploy_PyCharm\to_import.py", line 34, in setUp
    self.driver = webdriver.Chrome(ChromeDriverManager().install())
  File "C:\Users\KADOUN\AppData\Roaming\Python\Python38\site-packages\webdriver_manager\chrome.py", line 40, in install
    driver_path = self._get_driver_binary_path(self.driver)
  File "C:\Users\KADOUN\AppData\Roaming\Python\Python38\site-packages\webdriver_manager\core\manager.py", line 41, in _get_driver_binary_path
    binary_path = self._cache_manager.save_file_to_cache(driver, file)
  File "C:\Users\KADOUN\AppData\Roaming\Python\Python38\site-packages\webdriver_manager\core\driver_cache.py", line 54, in save_file_to_cache
    files = self.unpack_archive(archive, path)
  File "C:\Users\KADOUN\AppData\Roaming\Python\Python38\site-packages\webdriver_manager\core\driver_cache.py", line 49, in unpack_archive
    return self._file_manager.unpack_archive(archive, path)
  File "C:\Users\KADOUN\AppData\Roaming\Python\Python38\site-packages\webdriver_manager\core\file_manager.py", line 57, in unpack_archive
    return self.__extract_zip(archive_file, target_dir)
  File "C:\Users\KADOUN\AppData\Roaming\Python\Python38\site-packages\webdriver_manager\core\file_manager.py", line 81, in __extract_zip
    os.replace(source, destination)
PermissionError: [WinError 5] Access is denied: 'C:\\Users\\KADOUN\\.wdm\\drivers\\chromedriver\\win64\\124.0.6367.91\\chromedriver-win32\\chromedriver.exe' -> 'C:\\Users\\KADOUN\\.wdm\\drivers\\chromedriver\\win64\\124.0.6367.91\\chromedriver.exe'
</pre>
                        </div>
                        <!--css div popup end-->
                    </div>
                </td>
            </tr>
            
            <tr id="ft11.11" class='none'>
                <td class='errorCase'>
                    <div class='testcase'>
                        <a class="popup_link" onfocus='this.blur();'
                           href="javascript:showTestDetail('div_ft11.11')">test_allInclusiveDestination_D</a>
                    </div>
                </td>
                <td colspan='5' align='center'>
                    <div>
                        <!--css div popup start-->
                        <button>
                            <a class="popup_link" onfocus='this.blur();'
                               href="javascript:showTestDetail('div_ft11.11')" style="color:#660066;">
                                ERROR
                            </a></button>
                        <div id='div_ft11.11' class="popup_window">
                            <div style='text-align: right; color:red;cursor:pointer'>
                                <a onfocus='this.blur();'
                                   onclick="document.getElementById('div_ft11.11').style.display = 'none'; "
                                   style="color:red;">
                                    [x]</a>
                            </div>
                            <pre></pre>
                            <pre style="color: red;">Traceback (most recent call last):
  File "C:\Users\KADOUN\AppData\Roaming\Python\Python38\site-packages\webdriver_manager\core\file_manager.py", line 65, in __extract_zip
    archive.extractall(to_directory)
  File "C:\Users\KADOUN\AppData\Local\Programs\Python\Python38\lib\zipfile.py", line 1647, in extractall
    self._extract_member(zipinfo, path, pwd)
  File "C:\Users\KADOUN\AppData\Local\Programs\Python\Python38\lib\zipfile.py", line 1701, in _extract_member
    open(targetpath, "wb") as target:
PermissionError: [Errno 13] Permission denied: 'C:\\Users\\KADOUN\\.wdm\\drivers\\chromedriver\\win64\\124.0.6367.91\\chromedriver-win32\\chromedriver.exe'

During handling of the above exception, another exception occurred:

Traceback (most recent call last):
  File "C:\Users\KADOUN\Desktop\Automatization_Project_Master_QA\EXPL_Automation_Local_Deploy_PyCharm\HP_C.py", line 52, in setUp
    setUp(self)
  File "C:\Users\KADOUN\Desktop\Automatization_Project_Master_QA\EXPL_Automation_Local_Deploy_PyCharm\to_import.py", line 34, in setUp
    self.driver = webdriver.Chrome(ChromeDriverManager().install())
  File "C:\Users\KADOUN\AppData\Roaming\Python\Python38\site-packages\webdriver_manager\chrome.py", line 40, in install
    driver_path = self._get_driver_binary_path(self.driver)
  File "C:\Users\KADOUN\AppData\Roaming\Python\Python38\site-packages\webdriver_manager\core\manager.py", line 41, in _get_driver_binary_path
    binary_path = self._cache_manager.save_file_to_cache(driver, file)
  File "C:\Users\KADOUN\AppData\Roaming\Python\Python38\site-packages\webdriver_manager\core\driver_cache.py", line 54, in save_file_to_cache
    files = self.unpack_archive(archive, path)
  File "C:\Users\KADOUN\AppData\Roaming\Python\Python38\site-packages\webdriver_manager\core\driver_cache.py", line 49, in unpack_archive
    return self._file_manager.unpack_archive(archive, path)
  File "C:\Users\KADOUN\AppData\Roaming\Python\Python38\site-packages\webdriver_manager\core\file_manager.py", line 57, in unpack_archive
    return self.__extract_zip(archive_file, target_dir)
  File "C:\Users\KADOUN\AppData\Roaming\Python\Python38\site-packages\webdriver_manager\core\file_manager.py", line 81, in __extract_zip
    os.replace(source, destination)
PermissionError: [WinError 5] Access is denied: 'C:\\Users\\KADOUN\\.wdm\\drivers\\chromedriver\\win64\\124.0.6367.91\\chromedriver-win32\\chromedriver.exe' -> 'C:\\Users\\KADOUN\\.wdm\\drivers\\chromedriver\\win64\\124.0.6367.91\\chromedriver.exe'
</pre>
                        </div>
                        <!--css div popup end-->
                    </div>
                </td>
            </tr>
            
        
        <tr class='errorClass' style="font-weight:bold;color:white;">
            <td><a href="javascript:showClassDetail('c12','1')">EXPL_Automation_Local_Deploy_PyCharm.SRL_results_comparer.Test_SRL_C_comparer</a></td>
            <td>1</td>
            <td>0</td>
            <td>0</td>
            <td>1</td>
            <td>
                <button><a href="javascript:showClassDetail('c12','1')"
                           style="color:#660066;">Detail</a></button>
            </td>
        </tr>
            
            <tr id="ft12.1" class='none'>
                <td class='errorCase'>
                    <div class='testcase'>
                        <a class="popup_link" onfocus='this.blur();'
                           href="javascript:showTestDetail('div_ft12.1')">test_SRL_number_of_results_comparer</a>
                    </div>
                </td>
                <td colspan='5' align='center'>
                    <div>
                        <!--css div popup start-->
                        <button>
                            <a class="popup_link" onfocus='this.blur();'
                               href="javascript:showTestDetail('div_ft12.1')" style="color:#660066;">
                                ERROR
                            </a></button>
                        <div id='div_ft12.1' class="popup_window">
                            <div style='text-align: right; color:red;cursor:pointer'>
                                <a onfocus='this.blur();'
                                   onclick="document.getElementById('div_ft12.1').style.display = 'none'; "
                                   style="color:red;">
                                    [x]</a>
                            </div>
                            <pre></pre>
                            <pre style="color: red;">Traceback (most recent call last):
  File "C:\Users\KADOUN\AppData\Roaming\Python\Python38\site-packages\webdriver_manager\core\file_manager.py", line 65, in __extract_zip
    archive.extractall(to_directory)
  File "C:\Users\KADOUN\AppData\Local\Programs\Python\Python38\lib\zipfile.py", line 1647, in extractall
    self._extract_member(zipinfo, path, pwd)
  File "C:\Users\KADOUN\AppData\Local\Programs\Python\Python38\lib\zipfile.py", line 1701, in _extract_member
    open(targetpath, "wb") as target:
PermissionError: [Errno 13] Permission denied: 'C:\\Users\\KADOUN\\.wdm\\drivers\\chromedriver\\win64\\124.0.6367.91\\chromedriver-win32\\chromedriver.exe'

During handling of the above exception, another exception occurred:

Traceback (most recent call last):
  File "C:\Users\KADOUN\Desktop\Automatization_Project_Master_QA\EXPL_Automation_Local_Deploy_PyCharm\SRL_results_comparer.py", line 35, in setUp
    setUp(self)
  File "C:\Users\KADOUN\Desktop\Automatization_Project_Master_QA\EXPL_Automation_Local_Deploy_PyCharm\to_import.py", line 34, in setUp
    self.driver = webdriver.Chrome(ChromeDriverManager().install())
  File "C:\Users\KADOUN\AppData\Roaming\Python\Python38\site-packages\webdriver_manager\chrome.py", line 40, in install
    driver_path = self._get_driver_binary_path(self.driver)
  File "C:\Users\KADOUN\AppData\Roaming\Python\Python38\site-packages\webdriver_manager\core\manager.py", line 41, in _get_driver_binary_path
    binary_path = self._cache_manager.save_file_to_cache(driver, file)
  File "C:\Users\KADOUN\AppData\Roaming\Python\Python38\site-packages\webdriver_manager\core\driver_cache.py", line 54, in save_file_to_cache
    files = self.unpack_archive(archive, path)
  File "C:\Users\KADOUN\AppData\Roaming\Python\Python38\site-packages\webdriver_manager\core\driver_cache.py", line 49, in unpack_archive
    return self._file_manager.unpack_archive(archive, path)
  File "C:\Users\KADOUN\AppData\Roaming\Python\Python38\site-packages\webdriver_manager\core\file_manager.py", line 57, in unpack_archive
    return self.__extract_zip(archive_file, target_dir)
  File "C:\Users\KADOUN\AppData\Roaming\Python\Python38\site-packages\webdriver_manager\core\file_manager.py", line 81, in __extract_zip
    os.replace(source, destination)
PermissionError: [WinError 5] Access is denied: 'C:\\Users\\KADOUN\\.wdm\\drivers\\chromedriver\\win64\\124.0.6367.91\\chromedriver-win32\\chromedriver.exe' -> 'C:\\Users\\KADOUN\\.wdm\\drivers\\chromedriver\\win64\\124.0.6367.91\\chromedriver.exe'
</pre>
                        </div>
                        <!--css div popup end-->
                    </div>
                </td>
            </tr>
            
        

        <tr id='total_row'>
            <td>Total</td>
            <td>29</td>
            <td>9</td>
            <td>0</td>
            <td>20</td>
            <td>&nbsp;</td>
        </tr>
    </table>
</div>
<br><br>
<div id='ending'><b>Time Elapsed: </b>0:06:01.221548</div>
</body>
</html>