<!DOCTYPE html>
<html>
<head>
    <title>EXIM ||| http://exim.stg.dtweb.cz/</title>
    <meta name="generator" content="HTMLTestRunner 1.0.17"/>
    <meta http-equiv="Content-Type" content="text/html; charset=UTF-8"/>
    <link rel="stylesheet" href="stylesheet.css">
    <script src="script.js"></script>
    <style>
        
    </style>
    <script>
        
    </script>
</head>
<body>
<div class='heading'>
    <h1 style="margin-left:1ex;">EXIM ||| http://exim.stg.dtweb.cz/</h1>
    
    <p class='attribute'><strong>Start Time : </strong> 2024-05-28 17:29:11</p>
    
    <p class='attribute'><strong>Duration : </strong> 0:02:25.565262</p>
    
    <p class='attribute'><strong>Status : </strong> Error 41</p>
    
    <p class='attribute'><strong>Descrition : </strong> EXIM WEB Suite Report - version --- FW-EW release 2024-05-16 ---</p>
    
    <p class='attribute'><strong>Tested By : </strong> Unknown</p>
    
</div>
<div>
    <p id='show_detail_line'><b>Show</b>
        <button><a href='javascript:showCase(0)' style="color:#660066;">Summary</a></button>
        <button><a href='javascript:showCase(1)' style="color:#660066;">Failed</a></button>
        <button><a href='javascript:showCase(2)' style="color:#660066;">Passed</a></button>
        <button><a href='javascript:showCase(3)' style="color:#660066;">All</a></button>
    </p>
    <table id='result_table'>
        <colgroup>
            <col align='left'/>
            <col align='right'/>
            <col align='right'/>
            <col align='right'/>
            <col align='right'/>
            <col align='right'/>
        </colgroup>
        <tr id='header_row'>
            <td>Test Group/Test case</td>
            <td>Count</td>
            <td>Pass</td>
            <td>Fail</td>
            <td>Error</td>
            <td>View</td>
        </tr>
        
        <tr class='errorClass' style="font-weight:bold;color:white;">
            <td><a href="javascript:showClassDetail('c1','1')">EW_Automation_Local_Deploy_PyCharm.Detail_D.TestDetailHotelu_D</a></td>
            <td>1</td>
            <td>0</td>
            <td>0</td>
            <td>1</td>
            <td>
                <button><a href="javascript:showClassDetail('c1','1')"
                           style="color:#660066;">Detail</a></button>
            </td>
        </tr>
            
            <tr id="ft1.1" class='none'>
                <td class='errorCase'>
                    <div class='testcase'>
                        <a class="popup_link" onfocus='this.blur();'
                           href="javascript:showTestDetail('div_ft1.1')">test_detail_D</a>
                    </div>
                </td>
                <td colspan='5' align='center'>
                    <div>
                        <!--css div popup start-->
                        <button>
                            <a class="popup_link" onfocus='this.blur();'
                               href="javascript:showTestDetail('div_ft1.1')" style="color:#660066;">
                                ERROR
                            </a></button>
                        <div id='div_ft1.1' class="popup_window">
                            <div style='text-align: right; color:red;cursor:pointer'>
                                <a onfocus='this.blur();'
                                   onclick="document.getElementById('div_ft1.1').style.display = 'none'; "
                                   style="color:red;">
                                    [x]</a>
                            </div>
                            <pre></pre>
                            <pre style="color: red;">Traceback (most recent call last):
  File "C:\Users\KADOUN\Desktop\Automatization_Project_Master_QA\EW_Automation_Local_Deploy_PyCharm\Detail_D.py", line 29, in setUp
    setUp(self)
  File "C:\Users\KADOUN\Desktop\Automatization_Project_Master_QA\EW_Automation_Local_Deploy_PyCharm\to_import.py", line 43, in setUp
    self.driver = webdriver.Chrome(executable_path=chrome_driver_path)
  File "C:\Users\KADOUN\AppData\Roaming\Python\Python38\site-packages\selenium\webdriver\chrome\webdriver.py", line 76, in __init__
    RemoteWebDriver.__init__(
  File "C:\Users\KADOUN\AppData\Roaming\Python\Python38\site-packages\selenium\webdriver\remote\webdriver.py", line 157, in __init__
    self.start_session(capabilities, browser_profile)
  File "C:\Users\KADOUN\AppData\Roaming\Python\Python38\site-packages\selenium\webdriver\remote\webdriver.py", line 252, in start_session
    response = self.execute(Command.NEW_SESSION, parameters)
  File "C:\Users\KADOUN\AppData\Roaming\Python\Python38\site-packages\selenium\webdriver\remote\webdriver.py", line 321, in execute
    self.error_handler.check_response(response)
  File "C:\Users\KADOUN\AppData\Roaming\Python\Python38\site-packages\selenium\webdriver\remote\errorhandler.py", line 242, in check_response
    raise exception_class(message, screen, stacktrace)
selenium.common.exceptions.SessionNotCreatedException: Message: session not created: This version of ChromeDriver only supports Chrome version 123
Current browser version is 125.0.6422.77 with binary path C:\Program Files (x86)\Google\Chrome\Application\chrome.exe

</pre>
                        </div>
                        <!--css div popup end-->
                    </div>
                </td>
            </tr>
            
        
        <tr class='errorClass' style="font-weight:bold;color:white;">
            <td><a href="javascript:showClassDetail('c2','5')">EW_Automation_Local_Deploy_PyCharm.Detail_C.TestDetailHotelu_C</a></td>
            <td>5</td>
            <td>0</td>
            <td>0</td>
            <td>5</td>
            <td>
                <button><a href="javascript:showClassDetail('c2','5')"
                           style="color:#660066;">Detail</a></button>
            </td>
        </tr>
            
            <tr id="ft2.1" class='none'>
                <td class='errorCase'>
                    <div class='testcase'>
                        <a class="popup_link" onfocus='this.blur();'
                           href="javascript:showTestDetail('div_ft2.1')">test_detail_fotka</a>
                    </div>
                </td>
                <td colspan='5' align='center'>
                    <div>
                        <!--css div popup start-->
                        <button>
                            <a class="popup_link" onfocus='this.blur();'
                               href="javascript:showTestDetail('div_ft2.1')" style="color:#660066;">
                                ERROR
                            </a></button>
                        <div id='div_ft2.1' class="popup_window">
                            <div style='text-align: right; color:red;cursor:pointer'>
                                <a onfocus='this.blur();'
                                   onclick="document.getElementById('div_ft2.1').style.display = 'none'; "
                                   style="color:red;">
                                    [x]</a>
                            </div>
                            <pre></pre>
                            <pre style="color: red;">Traceback (most recent call last):
  File "C:\Users\KADOUN\Desktop\Automatization_Project_Master_QA\EW_Automation_Local_Deploy_PyCharm\Detail_C.py", line 40, in setUp
    setUp(self)
  File "C:\Users\KADOUN\Desktop\Automatization_Project_Master_QA\EW_Automation_Local_Deploy_PyCharm\to_import.py", line 43, in setUp
    self.driver = webdriver.Chrome(executable_path=chrome_driver_path)
  File "C:\Users\KADOUN\AppData\Roaming\Python\Python38\site-packages\selenium\webdriver\chrome\webdriver.py", line 76, in __init__
    RemoteWebDriver.__init__(
  File "C:\Users\KADOUN\AppData\Roaming\Python\Python38\site-packages\selenium\webdriver\remote\webdriver.py", line 157, in __init__
    self.start_session(capabilities, browser_profile)
  File "C:\Users\KADOUN\AppData\Roaming\Python\Python38\site-packages\selenium\webdriver\remote\webdriver.py", line 252, in start_session
    response = self.execute(Command.NEW_SESSION, parameters)
  File "C:\Users\KADOUN\AppData\Roaming\Python\Python38\site-packages\selenium\webdriver\remote\webdriver.py", line 321, in execute
    self.error_handler.check_response(response)
  File "C:\Users\KADOUN\AppData\Roaming\Python\Python38\site-packages\selenium\webdriver\remote\errorhandler.py", line 242, in check_response
    raise exception_class(message, screen, stacktrace)
selenium.common.exceptions.SessionNotCreatedException: Message: session not created: This version of ChromeDriver only supports Chrome version 123
Current browser version is 125.0.6422.77 with binary path C:\Program Files (x86)\Google\Chrome\Application\chrome.exe

</pre>
                        </div>
                        <!--css div popup end-->
                    </div>
                </td>
            </tr>
            
            <tr id="ft2.2" class='none'>
                <td class='errorCase'>
                    <div class='testcase'>
                        <a class="popup_link" onfocus='this.blur();'
                           href="javascript:showTestDetail('div_ft2.2')">test_detail_terminy_filtr_meal</a>
                    </div>
                </td>
                <td colspan='5' align='center'>
                    <div>
                        <!--css div popup start-->
                        <button>
                            <a class="popup_link" onfocus='this.blur();'
                               href="javascript:showTestDetail('div_ft2.2')" style="color:#660066;">
                                ERROR
                            </a></button>
                        <div id='div_ft2.2' class="popup_window">
                            <div style='text-align: right; color:red;cursor:pointer'>
                                <a onfocus='this.blur();'
                                   onclick="document.getElementById('div_ft2.2').style.display = 'none'; "
                                   style="color:red;">
                                    [x]</a>
                            </div>
                            <pre></pre>
                            <pre style="color: red;">Traceback (most recent call last):
  File "C:\Users\KADOUN\Desktop\Automatization_Project_Master_QA\EW_Automation_Local_Deploy_PyCharm\Detail_C.py", line 40, in setUp
    setUp(self)
  File "C:\Users\KADOUN\Desktop\Automatization_Project_Master_QA\EW_Automation_Local_Deploy_PyCharm\to_import.py", line 43, in setUp
    self.driver = webdriver.Chrome(executable_path=chrome_driver_path)
  File "C:\Users\KADOUN\AppData\Roaming\Python\Python38\site-packages\selenium\webdriver\chrome\webdriver.py", line 76, in __init__
    RemoteWebDriver.__init__(
  File "C:\Users\KADOUN\AppData\Roaming\Python\Python38\site-packages\selenium\webdriver\remote\webdriver.py", line 157, in __init__
    self.start_session(capabilities, browser_profile)
  File "C:\Users\KADOUN\AppData\Roaming\Python\Python38\site-packages\selenium\webdriver\remote\webdriver.py", line 252, in start_session
    response = self.execute(Command.NEW_SESSION, parameters)
  File "C:\Users\KADOUN\AppData\Roaming\Python\Python38\site-packages\selenium\webdriver\remote\webdriver.py", line 321, in execute
    self.error_handler.check_response(response)
  File "C:\Users\KADOUN\AppData\Roaming\Python\Python38\site-packages\selenium\webdriver\remote\errorhandler.py", line 242, in check_response
    raise exception_class(message, screen, stacktrace)
selenium.common.exceptions.SessionNotCreatedException: Message: session not created: This version of ChromeDriver only supports Chrome version 123
Current browser version is 125.0.6422.77 with binary path C:\Program Files (x86)\Google\Chrome\Application\chrome.exe

</pre>
                        </div>
                        <!--css div popup end-->
                    </div>
                </td>
            </tr>
            
            <tr id="ft2.3" class='none'>
                <td class='errorCase'>
                    <div class='testcase'>
                        <a class="popup_link" onfocus='this.blur();'
                           href="javascript:showTestDetail('div_ft2.3')">test_detail_terminy_filtr_airport</a>
                    </div>
                </td>
                <td colspan='5' align='center'>
                    <div>
                        <!--css div popup start-->
                        <button>
                            <a class="popup_link" onfocus='this.blur();'
                               href="javascript:showTestDetail('div_ft2.3')" style="color:#660066;">
                                ERROR
                            </a></button>
                        <div id='div_ft2.3' class="popup_window">
                            <div style='text-align: right; color:red;cursor:pointer'>
                                <a onfocus='this.blur();'
                                   onclick="document.getElementById('div_ft2.3').style.display = 'none'; "
                                   style="color:red;">
                                    [x]</a>
                            </div>
                            <pre></pre>
                            <pre style="color: red;">Traceback (most recent call last):
  File "C:\Users\KADOUN\Desktop\Automatization_Project_Master_QA\EW_Automation_Local_Deploy_PyCharm\Detail_C.py", line 40, in setUp
    setUp(self)
  File "C:\Users\KADOUN\Desktop\Automatization_Project_Master_QA\EW_Automation_Local_Deploy_PyCharm\to_import.py", line 43, in setUp
    self.driver = webdriver.Chrome(executable_path=chrome_driver_path)
  File "C:\Users\KADOUN\AppData\Roaming\Python\Python38\site-packages\selenium\webdriver\chrome\webdriver.py", line 76, in __init__
    RemoteWebDriver.__init__(
  File "C:\Users\KADOUN\AppData\Roaming\Python\Python38\site-packages\selenium\webdriver\remote\webdriver.py", line 157, in __init__
    self.start_session(capabilities, browser_profile)
  File "C:\Users\KADOUN\AppData\Roaming\Python\Python38\site-packages\selenium\webdriver\remote\webdriver.py", line 252, in start_session
    response = self.execute(Command.NEW_SESSION, parameters)
  File "C:\Users\KADOUN\AppData\Roaming\Python\Python38\site-packages\selenium\webdriver\remote\webdriver.py", line 321, in execute
    self.error_handler.check_response(response)
  File "C:\Users\KADOUN\AppData\Roaming\Python\Python38\site-packages\selenium\webdriver\remote\errorhandler.py", line 242, in check_response
    raise exception_class(message, screen, stacktrace)
selenium.common.exceptions.SessionNotCreatedException: Message: session not created: This version of ChromeDriver only supports Chrome version 123
Current browser version is 125.0.6422.77 with binary path C:\Program Files (x86)\Google\Chrome\Application\chrome.exe

</pre>
                        </div>
                        <!--css div popup end-->
                    </div>
                </td>
            </tr>
            
            <tr id="ft2.4" class='none'>
                <td class='errorCase'>
                    <div class='testcase'>
                        <a class="popup_link" onfocus='this.blur();'
                           href="javascript:showTestDetail('div_ft2.4')">test_detail_price_sorter_terminy_cheap</a>
                    </div>
                </td>
                <td colspan='5' align='center'>
                    <div>
                        <!--css div popup start-->
                        <button>
                            <a class="popup_link" onfocus='this.blur();'
                               href="javascript:showTestDetail('div_ft2.4')" style="color:#660066;">
                                ERROR
                            </a></button>
                        <div id='div_ft2.4' class="popup_window">
                            <div style='text-align: right; color:red;cursor:pointer'>
                                <a onfocus='this.blur();'
                                   onclick="document.getElementById('div_ft2.4').style.display = 'none'; "
                                   style="color:red;">
                                    [x]</a>
                            </div>
                            <pre></pre>
                            <pre style="color: red;">Traceback (most recent call last):
  File "C:\Users\KADOUN\Desktop\Automatization_Project_Master_QA\EW_Automation_Local_Deploy_PyCharm\Detail_C.py", line 40, in setUp
    setUp(self)
  File "C:\Users\KADOUN\Desktop\Automatization_Project_Master_QA\EW_Automation_Local_Deploy_PyCharm\to_import.py", line 43, in setUp
    self.driver = webdriver.Chrome(executable_path=chrome_driver_path)
  File "C:\Users\KADOUN\AppData\Roaming\Python\Python38\site-packages\selenium\webdriver\chrome\webdriver.py", line 76, in __init__
    RemoteWebDriver.__init__(
  File "C:\Users\KADOUN\AppData\Roaming\Python\Python38\site-packages\selenium\webdriver\remote\webdriver.py", line 157, in __init__
    self.start_session(capabilities, browser_profile)
  File "C:\Users\KADOUN\AppData\Roaming\Python\Python38\site-packages\selenium\webdriver\remote\webdriver.py", line 252, in start_session
    response = self.execute(Command.NEW_SESSION, parameters)
  File "C:\Users\KADOUN\AppData\Roaming\Python\Python38\site-packages\selenium\webdriver\remote\webdriver.py", line 321, in execute
    self.error_handler.check_response(response)
  File "C:\Users\KADOUN\AppData\Roaming\Python\Python38\site-packages\selenium\webdriver\remote\errorhandler.py", line 242, in check_response
    raise exception_class(message, screen, stacktrace)
selenium.common.exceptions.SessionNotCreatedException: Message: session not created: This version of ChromeDriver only supports Chrome version 123
Current browser version is 125.0.6422.77 with binary path C:\Program Files (x86)\Google\Chrome\Application\chrome.exe

</pre>
                        </div>
                        <!--css div popup end-->
                    </div>
                </td>
            </tr>
            
            <tr id="ft2.5" class='none'>
                <td class='errorCase'>
                    <div class='testcase'>
                        <a class="popup_link" onfocus='this.blur();'
                           href="javascript:showTestDetail('div_ft2.5')">test_detail_price_sorter_terminy_expensive</a>
                    </div>
                </td>
                <td colspan='5' align='center'>
                    <div>
                        <!--css div popup start-->
                        <button>
                            <a class="popup_link" onfocus='this.blur();'
                               href="javascript:showTestDetail('div_ft2.5')" style="color:#660066;">
                                ERROR
                            </a></button>
                        <div id='div_ft2.5' class="popup_window">
                            <div style='text-align: right; color:red;cursor:pointer'>
                                <a onfocus='this.blur();'
                                   onclick="document.getElementById('div_ft2.5').style.display = 'none'; "
                                   style="color:red;">
                                    [x]</a>
                            </div>
                            <pre></pre>
                            <pre style="color: red;">Traceback (most recent call last):
  File "C:\Users\KADOUN\Desktop\Automatization_Project_Master_QA\EW_Automation_Local_Deploy_PyCharm\Detail_C.py", line 40, in setUp
    setUp(self)
  File "C:\Users\KADOUN\Desktop\Automatization_Project_Master_QA\EW_Automation_Local_Deploy_PyCharm\to_import.py", line 43, in setUp
    self.driver = webdriver.Chrome(executable_path=chrome_driver_path)
  File "C:\Users\KADOUN\AppData\Roaming\Python\Python38\site-packages\selenium\webdriver\chrome\webdriver.py", line 76, in __init__
    RemoteWebDriver.__init__(
  File "C:\Users\KADOUN\AppData\Roaming\Python\Python38\site-packages\selenium\webdriver\remote\webdriver.py", line 157, in __init__
    self.start_session(capabilities, browser_profile)
  File "C:\Users\KADOUN\AppData\Roaming\Python\Python38\site-packages\selenium\webdriver\remote\webdriver.py", line 252, in start_session
    response = self.execute(Command.NEW_SESSION, parameters)
  File "C:\Users\KADOUN\AppData\Roaming\Python\Python38\site-packages\selenium\webdriver\remote\webdriver.py", line 321, in execute
    self.error_handler.check_response(response)
  File "C:\Users\KADOUN\AppData\Roaming\Python\Python38\site-packages\selenium\webdriver\remote\errorhandler.py", line 242, in check_response
    raise exception_class(message, screen, stacktrace)
selenium.common.exceptions.SessionNotCreatedException: Message: session not created: This version of ChromeDriver only supports Chrome version 123
Current browser version is 125.0.6422.77 with binary path C:\Program Files (x86)\Google\Chrome\Application\chrome.exe

</pre>
                        </div>
                        <!--css div popup end-->
                    </div>
                </td>
            </tr>
            
        
        <tr class='errorClass' style="font-weight:bold;color:white;">
            <td><a href="javascript:showClassDetail('c3','1')">EW_Automation_Local_Deploy_PyCharm.DetskeKluby_D.TestDetskeKluby_D</a></td>
            <td>1</td>
            <td>0</td>
            <td>0</td>
            <td>1</td>
            <td>
                <button><a href="javascript:showClassDetail('c3','1')"
                           style="color:#660066;">Detail</a></button>
            </td>
        </tr>
            
            <tr id="ft3.1" class='none'>
                <td class='errorCase'>
                    <div class='testcase'>
                        <a class="popup_link" onfocus='this.blur();'
                           href="javascript:showTestDetail('div_ft3.1')">test_kluby_D</a>
                    </div>
                </td>
                <td colspan='5' align='center'>
                    <div>
                        <!--css div popup start-->
                        <button>
                            <a class="popup_link" onfocus='this.blur();'
                               href="javascript:showTestDetail('div_ft3.1')" style="color:#660066;">
                                ERROR
                            </a></button>
                        <div id='div_ft3.1' class="popup_window">
                            <div style='text-align: right; color:red;cursor:pointer'>
                                <a onfocus='this.blur();'
                                   onclick="document.getElementById('div_ft3.1').style.display = 'none'; "
                                   style="color:red;">
                                    [x]</a>
                            </div>
                            <pre></pre>
                            <pre style="color: red;">Traceback (most recent call last):
  File "C:\Users\KADOUN\Desktop\Automatization_Project_Master_QA\EW_Automation_Local_Deploy_PyCharm\DetskeKluby_D.py", line 12, in setUp
    setUp(self)
  File "C:\Users\KADOUN\Desktop\Automatization_Project_Master_QA\EW_Automation_Local_Deploy_PyCharm\to_import.py", line 43, in setUp
    self.driver = webdriver.Chrome(executable_path=chrome_driver_path)
  File "C:\Users\KADOUN\AppData\Roaming\Python\Python38\site-packages\selenium\webdriver\chrome\webdriver.py", line 76, in __init__
    RemoteWebDriver.__init__(
  File "C:\Users\KADOUN\AppData\Roaming\Python\Python38\site-packages\selenium\webdriver\remote\webdriver.py", line 157, in __init__
    self.start_session(capabilities, browser_profile)
  File "C:\Users\KADOUN\AppData\Roaming\Python\Python38\site-packages\selenium\webdriver\remote\webdriver.py", line 252, in start_session
    response = self.execute(Command.NEW_SESSION, parameters)
  File "C:\Users\KADOUN\AppData\Roaming\Python\Python38\site-packages\selenium\webdriver\remote\webdriver.py", line 321, in execute
    self.error_handler.check_response(response)
  File "C:\Users\KADOUN\AppData\Roaming\Python\Python38\site-packages\selenium\webdriver\remote\errorhandler.py", line 242, in check_response
    raise exception_class(message, screen, stacktrace)
selenium.common.exceptions.SessionNotCreatedException: Message: session not created: This version of ChromeDriver only supports Chrome version 123
Current browser version is 125.0.6422.77 with binary path C:\Program Files (x86)\Google\Chrome\Application\chrome.exe

</pre>
                        </div>
                        <!--css div popup end-->
                    </div>
                </td>
            </tr>
            
        
        <tr class='errorClass' style="font-weight:bold;color:white;">
            <td><a href="javascript:showClassDetail('c4','1')">EW_Automation_Local_Deploy_PyCharm.FM_D.TestFM_D</a></td>
            <td>1</td>
            <td>0</td>
            <td>0</td>
            <td>1</td>
            <td>
                <button><a href="javascript:showClassDetail('c4','1')"
                           style="color:#660066;">Detail</a></button>
            </td>
        </tr>
            
            <tr id="ft4.1" class='none'>
                <td class='errorCase'>
                    <div class='testcase'>
                        <a class="popup_link" onfocus='this.blur();'
                           href="javascript:showTestDetail('div_ft4.1')">test_FM_D</a>
                    </div>
                </td>
                <td colspan='5' align='center'>
                    <div>
                        <!--css div popup start-->
                        <button>
                            <a class="popup_link" onfocus='this.blur();'
                               href="javascript:showTestDetail('div_ft4.1')" style="color:#660066;">
                                ERROR
                            </a></button>
                        <div id='div_ft4.1' class="popup_window">
                            <div style='text-align: right; color:red;cursor:pointer'>
                                <a onfocus='this.blur();'
                                   onclick="document.getElementById('div_ft4.1').style.display = 'none'; "
                                   style="color:red;">
                                    [x]</a>
                            </div>
                            <pre></pre>
                            <pre style="color: red;">Traceback (most recent call last):
  File "C:\Users\KADOUN\Desktop\Automatization_Project_Master_QA\EW_Automation_Local_Deploy_PyCharm\FM_D.py", line 13, in setUp
    setUp(self)
  File "C:\Users\KADOUN\Desktop\Automatization_Project_Master_QA\EW_Automation_Local_Deploy_PyCharm\to_import.py", line 43, in setUp
    self.driver = webdriver.Chrome(executable_path=chrome_driver_path)
  File "C:\Users\KADOUN\AppData\Roaming\Python\Python38\site-packages\selenium\webdriver\chrome\webdriver.py", line 76, in __init__
    RemoteWebDriver.__init__(
  File "C:\Users\KADOUN\AppData\Roaming\Python\Python38\site-packages\selenium\webdriver\remote\webdriver.py", line 157, in __init__
    self.start_session(capabilities, browser_profile)
  File "C:\Users\KADOUN\AppData\Roaming\Python\Python38\site-packages\selenium\webdriver\remote\webdriver.py", line 252, in start_session
    response = self.execute(Command.NEW_SESSION, parameters)
  File "C:\Users\KADOUN\AppData\Roaming\Python\Python38\site-packages\selenium\webdriver\remote\webdriver.py", line 321, in execute
    self.error_handler.check_response(response)
  File "C:\Users\KADOUN\AppData\Roaming\Python\Python38\site-packages\selenium\webdriver\remote\errorhandler.py", line 242, in check_response
    raise exception_class(message, screen, stacktrace)
selenium.common.exceptions.SessionNotCreatedException: Message: session not created: This version of ChromeDriver only supports Chrome version 123
Current browser version is 125.0.6422.77 with binary path C:\Program Files (x86)\Google\Chrome\Application\chrome.exe

</pre>
                        </div>
                        <!--css div popup end-->
                    </div>
                </td>
            </tr>
            
        
        <tr class='errorClass' style="font-weight:bold;color:white;">
            <td><a href="javascript:showClassDetail('c5','2')">EW_Automation_Local_Deploy_PyCharm.fulltext_C.Test_Fulltext_C</a></td>
            <td>2</td>
            <td>0</td>
            <td>0</td>
            <td>2</td>
            <td>
                <button><a href="javascript:showClassDetail('c5','2')"
                           style="color:#660066;">Detail</a></button>
            </td>
        </tr>
            
            <tr id="ft5.1" class='none'>
                <td class='errorCase'>
                    <div class='testcase'>
                        <a class="popup_link" onfocus='this.blur();'
                           href="javascript:showTestDetail('div_ft5.1')">test_fulltext_naseptavac</a>
                    </div>
                </td>
                <td colspan='5' align='center'>
                    <div>
                        <!--css div popup start-->
                        <button>
                            <a class="popup_link" onfocus='this.blur();'
                               href="javascript:showTestDetail('div_ft5.1')" style="color:#660066;">
                                ERROR
                            </a></button>
                        <div id='div_ft5.1' class="popup_window">
                            <div style='text-align: right; color:red;cursor:pointer'>
                                <a onfocus='this.blur();'
                                   onclick="document.getElementById('div_ft5.1').style.display = 'none'; "
                                   style="color:red;">
                                    [x]</a>
                            </div>
                            <pre></pre>
                            <pre style="color: red;">Traceback (most recent call last):
  File "C:\Users\KADOUN\Desktop\Automatization_Project_Master_QA\EW_Automation_Local_Deploy_PyCharm\fulltext_C.py", line 20, in setUp
    setUp(self)
  File "C:\Users\KADOUN\Desktop\Automatization_Project_Master_QA\EW_Automation_Local_Deploy_PyCharm\to_import.py", line 43, in setUp
    self.driver = webdriver.Chrome(executable_path=chrome_driver_path)
  File "C:\Users\KADOUN\AppData\Roaming\Python\Python38\site-packages\selenium\webdriver\chrome\webdriver.py", line 76, in __init__
    RemoteWebDriver.__init__(
  File "C:\Users\KADOUN\AppData\Roaming\Python\Python38\site-packages\selenium\webdriver\remote\webdriver.py", line 157, in __init__
    self.start_session(capabilities, browser_profile)
  File "C:\Users\KADOUN\AppData\Roaming\Python\Python38\site-packages\selenium\webdriver\remote\webdriver.py", line 252, in start_session
    response = self.execute(Command.NEW_SESSION, parameters)
  File "C:\Users\KADOUN\AppData\Roaming\Python\Python38\site-packages\selenium\webdriver\remote\webdriver.py", line 321, in execute
    self.error_handler.check_response(response)
  File "C:\Users\KADOUN\AppData\Roaming\Python\Python38\site-packages\selenium\webdriver\remote\errorhandler.py", line 242, in check_response
    raise exception_class(message, screen, stacktrace)
selenium.common.exceptions.SessionNotCreatedException: Message: session not created: This version of ChromeDriver only supports Chrome version 123
Current browser version is 125.0.6422.77 with binary path C:\Program Files (x86)\Google\Chrome\Application\chrome.exe

</pre>
                        </div>
                        <!--css div popup end-->
                    </div>
                </td>
            </tr>
            
            <tr id="ft5.2" class='none'>
                <td class='errorCase'>
                    <div class='testcase'>
                        <a class="popup_link" onfocus='this.blur();'
                           href="javascript:showTestDetail('div_ft5.2')">test_fulltext_results_status_check</a>
                    </div>
                </td>
                <td colspan='5' align='center'>
                    <div>
                        <!--css div popup start-->
                        <button>
                            <a class="popup_link" onfocus='this.blur();'
                               href="javascript:showTestDetail('div_ft5.2')" style="color:#660066;">
                                ERROR
                            </a></button>
                        <div id='div_ft5.2' class="popup_window">
                            <div style='text-align: right; color:red;cursor:pointer'>
                                <a onfocus='this.blur();'
                                   onclick="document.getElementById('div_ft5.2').style.display = 'none'; "
                                   style="color:red;">
                                    [x]</a>
                            </div>
                            <pre></pre>
                            <pre style="color: red;">Traceback (most recent call last):
  File "C:\Users\KADOUN\Desktop\Automatization_Project_Master_QA\EW_Automation_Local_Deploy_PyCharm\fulltext_C.py", line 20, in setUp
    setUp(self)
  File "C:\Users\KADOUN\Desktop\Automatization_Project_Master_QA\EW_Automation_Local_Deploy_PyCharm\to_import.py", line 43, in setUp
    self.driver = webdriver.Chrome(executable_path=chrome_driver_path)
  File "C:\Users\KADOUN\AppData\Roaming\Python\Python38\site-packages\selenium\webdriver\chrome\webdriver.py", line 76, in __init__
    RemoteWebDriver.__init__(
  File "C:\Users\KADOUN\AppData\Roaming\Python\Python38\site-packages\selenium\webdriver\remote\webdriver.py", line 157, in __init__
    self.start_session(capabilities, browser_profile)
  File "C:\Users\KADOUN\AppData\Roaming\Python\Python38\site-packages\selenium\webdriver\remote\webdriver.py", line 252, in start_session
    response = self.execute(Command.NEW_SESSION, parameters)
  File "C:\Users\KADOUN\AppData\Roaming\Python\Python38\site-packages\selenium\webdriver\remote\webdriver.py", line 321, in execute
    self.error_handler.check_response(response)
  File "C:\Users\KADOUN\AppData\Roaming\Python\Python38\site-packages\selenium\webdriver\remote\errorhandler.py", line 242, in check_response
    raise exception_class(message, screen, stacktrace)
selenium.common.exceptions.SessionNotCreatedException: Message: session not created: This version of ChromeDriver only supports Chrome version 123
Current browser version is 125.0.6422.77 with binary path C:\Program Files (x86)\Google\Chrome\Application\chrome.exe

</pre>
                        </div>
                        <!--css div popup end-->
                    </div>
                </td>
            </tr>
            
        
        <tr class='errorClass' style="font-weight:bold;color:white;">
            <td><a href="javascript:showClassDetail('c6','1')">EW_Automation_Local_Deploy_PyCharm.groupsearch_D.Test_Groupsearch_D</a></td>
            <td>1</td>
            <td>0</td>
            <td>0</td>
            <td>1</td>
            <td>
                <button><a href="javascript:showClassDetail('c6','1')"
                           style="color:#660066;">Detail</a></button>
            </td>
        </tr>
            
            <tr id="ft6.1" class='none'>
                <td class='errorCase'>
                    <div class='testcase'>
                        <a class="popup_link" onfocus='this.blur();'
                           href="javascript:showTestDetail('div_ft6.1')">test_groupsearch_D</a>
                    </div>
                </td>
                <td colspan='5' align='center'>
                    <div>
                        <!--css div popup start-->
                        <button>
                            <a class="popup_link" onfocus='this.blur();'
                               href="javascript:showTestDetail('div_ft6.1')" style="color:#660066;">
                                ERROR
                            </a></button>
                        <div id='div_ft6.1' class="popup_window">
                            <div style='text-align: right; color:red;cursor:pointer'>
                                <a onfocus='this.blur();'
                                   onclick="document.getElementById('div_ft6.1').style.display = 'none'; "
                                   style="color:red;">
                                    [x]</a>
                            </div>
                            <pre></pre>
                            <pre style="color: red;">Traceback (most recent call last):
  File "C:\Users\KADOUN\Desktop\Automatization_Project_Master_QA\EW_Automation_Local_Deploy_PyCharm\groupsearch_D.py", line 14, in setUp
    setUp(self)
  File "C:\Users\KADOUN\Desktop\Automatization_Project_Master_QA\EW_Automation_Local_Deploy_PyCharm\to_import.py", line 43, in setUp
    self.driver = webdriver.Chrome(executable_path=chrome_driver_path)
  File "C:\Users\KADOUN\AppData\Roaming\Python\Python38\site-packages\selenium\webdriver\chrome\webdriver.py", line 76, in __init__
    RemoteWebDriver.__init__(
  File "C:\Users\KADOUN\AppData\Roaming\Python\Python38\site-packages\selenium\webdriver\remote\webdriver.py", line 157, in __init__
    self.start_session(capabilities, browser_profile)
  File "C:\Users\KADOUN\AppData\Roaming\Python\Python38\site-packages\selenium\webdriver\remote\webdriver.py", line 252, in start_session
    response = self.execute(Command.NEW_SESSION, parameters)
  File "C:\Users\KADOUN\AppData\Roaming\Python\Python38\site-packages\selenium\webdriver\remote\webdriver.py", line 321, in execute
    self.error_handler.check_response(response)
  File "C:\Users\KADOUN\AppData\Roaming\Python\Python38\site-packages\selenium\webdriver\remote\errorhandler.py", line 242, in check_response
    raise exception_class(message, screen, stacktrace)
selenium.common.exceptions.SessionNotCreatedException: Message: session not created: This version of ChromeDriver only supports Chrome version 123
Current browser version is 125.0.6422.77 with binary path C:\Program Files (x86)\Google\Chrome\Application\chrome.exe

</pre>
                        </div>
                        <!--css div popup end-->
                    </div>
                </td>
            </tr>
            
        
        <tr class='errorClass' style="font-weight:bold;color:white;">
            <td><a href="javascript:showClassDetail('c7','1')">EW_Automation_Local_Deploy_PyCharm.HP_D.TestHP_D</a></td>
            <td>1</td>
            <td>0</td>
            <td>0</td>
            <td>1</td>
            <td>
                <button><a href="javascript:showClassDetail('c7','1')"
                           style="color:#660066;">Detail</a></button>
            </td>
        </tr>
            
            <tr id="ft7.1" class='none'>
                <td class='errorCase'>
                    <div class='testcase'>
                        <a class="popup_link" onfocus='this.blur();'
                           href="javascript:showTestDetail('div_ft7.1')">test_homePage_D</a>
                    </div>
                </td>
                <td colspan='5' align='center'>
                    <div>
                        <!--css div popup start-->
                        <button>
                            <a class="popup_link" onfocus='this.blur();'
                               href="javascript:showTestDetail('div_ft7.1')" style="color:#660066;">
                                ERROR
                            </a></button>
                        <div id='div_ft7.1' class="popup_window">
                            <div style='text-align: right; color:red;cursor:pointer'>
                                <a onfocus='this.blur();'
                                   onclick="document.getElementById('div_ft7.1').style.display = 'none'; "
                                   style="color:red;">
                                    [x]</a>
                            </div>
                            <pre></pre>
                            <pre style="color: red;">Traceback (most recent call last):
  File "C:\Users\KADOUN\Desktop\Automatization_Project_Master_QA\EW_Automation_Local_Deploy_PyCharm\HP_D.py", line 11, in setUp
    setUp(self)
  File "C:\Users\KADOUN\Desktop\Automatization_Project_Master_QA\EW_Automation_Local_Deploy_PyCharm\to_import.py", line 43, in setUp
    self.driver = webdriver.Chrome(executable_path=chrome_driver_path)
  File "C:\Users\KADOUN\AppData\Roaming\Python\Python38\site-packages\selenium\webdriver\chrome\webdriver.py", line 76, in __init__
    RemoteWebDriver.__init__(
  File "C:\Users\KADOUN\AppData\Roaming\Python\Python38\site-packages\selenium\webdriver\remote\webdriver.py", line 157, in __init__
    self.start_session(capabilities, browser_profile)
  File "C:\Users\KADOUN\AppData\Roaming\Python\Python38\site-packages\selenium\webdriver\remote\webdriver.py", line 252, in start_session
    response = self.execute(Command.NEW_SESSION, parameters)
  File "C:\Users\KADOUN\AppData\Roaming\Python\Python38\site-packages\selenium\webdriver\remote\webdriver.py", line 321, in execute
    self.error_handler.check_response(response)
  File "C:\Users\KADOUN\AppData\Roaming\Python\Python38\site-packages\selenium\webdriver\remote\errorhandler.py", line 242, in check_response
    raise exception_class(message, screen, stacktrace)
selenium.common.exceptions.SessionNotCreatedException: Message: session not created: This version of ChromeDriver only supports Chrome version 123
Current browser version is 125.0.6422.77 with binary path C:\Program Files (x86)\Google\Chrome\Application\chrome.exe

</pre>
                        </div>
                        <!--css div popup end-->
                    </div>
                </td>
            </tr>
            
        
        <tr class='errorClass' style="font-weight:bold;color:white;">
            <td><a href="javascript:showClassDetail('c8','1')">EW_Automation_Local_Deploy_PyCharm.LM_D.TestLM_D</a></td>
            <td>1</td>
            <td>0</td>
            <td>0</td>
            <td>1</td>
            <td>
                <button><a href="javascript:showClassDetail('c8','1')"
                           style="color:#660066;">Detail</a></button>
            </td>
        </tr>
            
            <tr id="ft8.1" class='none'>
                <td class='errorCase'>
                    <div class='testcase'>
                        <a class="popup_link" onfocus='this.blur();'
                           href="javascript:showTestDetail('div_ft8.1')">test_lM_isDisplayed</a>
                    </div>
                </td>
                <td colspan='5' align='center'>
                    <div>
                        <!--css div popup start-->
                        <button>
                            <a class="popup_link" onfocus='this.blur();'
                               href="javascript:showTestDetail('div_ft8.1')" style="color:#660066;">
                                ERROR
                            </a></button>
                        <div id='div_ft8.1' class="popup_window">
                            <div style='text-align: right; color:red;cursor:pointer'>
                                <a onfocus='this.blur();'
                                   onclick="document.getElementById('div_ft8.1').style.display = 'none'; "
                                   style="color:red;">
                                    [x]</a>
                            </div>
                            <pre></pre>
                            <pre style="color: red;">Traceback (most recent call last):
  File "C:\Users\KADOUN\Desktop\Automatization_Project_Master_QA\EW_Automation_Local_Deploy_PyCharm\LM_D.py", line 11, in setUp
    setUp(self)
  File "C:\Users\KADOUN\Desktop\Automatization_Project_Master_QA\EW_Automation_Local_Deploy_PyCharm\to_import.py", line 43, in setUp
    self.driver = webdriver.Chrome(executable_path=chrome_driver_path)
  File "C:\Users\KADOUN\AppData\Roaming\Python\Python38\site-packages\selenium\webdriver\chrome\webdriver.py", line 76, in __init__
    RemoteWebDriver.__init__(
  File "C:\Users\KADOUN\AppData\Roaming\Python\Python38\site-packages\selenium\webdriver\remote\webdriver.py", line 157, in __init__
    self.start_session(capabilities, browser_profile)
  File "C:\Users\KADOUN\AppData\Roaming\Python\Python38\site-packages\selenium\webdriver\remote\webdriver.py", line 252, in start_session
    response = self.execute(Command.NEW_SESSION, parameters)
  File "C:\Users\KADOUN\AppData\Roaming\Python\Python38\site-packages\selenium\webdriver\remote\webdriver.py", line 321, in execute
    self.error_handler.check_response(response)
  File "C:\Users\KADOUN\AppData\Roaming\Python\Python38\site-packages\selenium\webdriver\remote\errorhandler.py", line 242, in check_response
    raise exception_class(message, screen, stacktrace)
selenium.common.exceptions.SessionNotCreatedException: Message: session not created: This version of ChromeDriver only supports Chrome version 123
Current browser version is 125.0.6422.77 with binary path C:\Program Files (x86)\Google\Chrome\Application\chrome.exe

</pre>
                        </div>
                        <!--css div popup end-->
                    </div>
                </td>
            </tr>
            
        
        <tr class='errorClass' style="font-weight:bold;color:white;">
            <td><a href="javascript:showClassDetail('c9','1')">EW_Automation_Local_Deploy_PyCharm.pobocky.TestPobocky_C</a></td>
            <td>1</td>
            <td>0</td>
            <td>0</td>
            <td>1</td>
            <td>
                <button><a href="javascript:showClassDetail('c9','1')"
                           style="color:#660066;">Detail</a></button>
            </td>
        </tr>
            
            <tr id="ft9.1" class='none'>
                <td class='errorCase'>
                    <div class='testcase'>
                        <a class="popup_link" onfocus='this.blur();'
                           href="javascript:showTestDetail('div_ft9.1')">test_pobocky_D</a>
                    </div>
                </td>
                <td colspan='5' align='center'>
                    <div>
                        <!--css div popup start-->
                        <button>
                            <a class="popup_link" onfocus='this.blur();'
                               href="javascript:showTestDetail('div_ft9.1')" style="color:#660066;">
                                ERROR
                            </a></button>
                        <div id='div_ft9.1' class="popup_window">
                            <div style='text-align: right; color:red;cursor:pointer'>
                                <a onfocus='this.blur();'
                                   onclick="document.getElementById('div_ft9.1').style.display = 'none'; "
                                   style="color:red;">
                                    [x]</a>
                            </div>
                            <pre></pre>
                            <pre style="color: red;">Traceback (most recent call last):
  File "C:\Users\KADOUN\Desktop\Automatization_Project_Master_QA\EW_Automation_Local_Deploy_PyCharm\pobocky.py", line 16, in setUp
    setUp(self)
  File "C:\Users\KADOUN\Desktop\Automatization_Project_Master_QA\EW_Automation_Local_Deploy_PyCharm\to_import.py", line 43, in setUp
    self.driver = webdriver.Chrome(executable_path=chrome_driver_path)
  File "C:\Users\KADOUN\AppData\Roaming\Python\Python38\site-packages\selenium\webdriver\chrome\webdriver.py", line 76, in __init__
    RemoteWebDriver.__init__(
  File "C:\Users\KADOUN\AppData\Roaming\Python\Python38\site-packages\selenium\webdriver\remote\webdriver.py", line 157, in __init__
    self.start_session(capabilities, browser_profile)
  File "C:\Users\KADOUN\AppData\Roaming\Python\Python38\site-packages\selenium\webdriver\remote\webdriver.py", line 252, in start_session
    response = self.execute(Command.NEW_SESSION, parameters)
  File "C:\Users\KADOUN\AppData\Roaming\Python\Python38\site-packages\selenium\webdriver\remote\webdriver.py", line 321, in execute
    self.error_handler.check_response(response)
  File "C:\Users\KADOUN\AppData\Roaming\Python\Python38\site-packages\selenium\webdriver\remote\errorhandler.py", line 242, in check_response
    raise exception_class(message, screen, stacktrace)
selenium.common.exceptions.SessionNotCreatedException: Message: session not created: This version of ChromeDriver only supports Chrome version 123
Current browser version is 125.0.6422.77 with binary path C:\Program Files (x86)\Google\Chrome\Application\chrome.exe

</pre>
                        </div>
                        <!--css div popup end-->
                    </div>
                </td>
            </tr>
            
        
        <tr class='errorClass' style="font-weight:bold;color:white;">
            <td><a href="javascript:showClassDetail('c10','6')">EW_Automation_Local_Deploy_PyCharm.poznavacky.TestPoznavacky_D</a></td>
            <td>6</td>
            <td>0</td>
            <td>0</td>
            <td>6</td>
            <td>
                <button><a href="javascript:showClassDetail('c10','6')"
                           style="color:#660066;">Detail</a></button>
            </td>
        </tr>
            
            <tr id="ft10.1" class='none'>
                <td class='errorCase'>
                    <div class='testcase'>
                        <a class="popup_link" onfocus='this.blur();'
                           href="javascript:showTestDetail('div_ft10.1')">test_poznavacky_okruzni_D</a>
                    </div>
                </td>
                <td colspan='5' align='center'>
                    <div>
                        <!--css div popup start-->
                        <button>
                            <a class="popup_link" onfocus='this.blur();'
                               href="javascript:showTestDetail('div_ft10.1')" style="color:#660066;">
                                ERROR
                            </a></button>
                        <div id='div_ft10.1' class="popup_window">
                            <div style='text-align: right; color:red;cursor:pointer'>
                                <a onfocus='this.blur();'
                                   onclick="document.getElementById('div_ft10.1').style.display = 'none'; "
                                   style="color:red;">
                                    [x]</a>
                            </div>
                            <pre></pre>
                            <pre style="color: red;">Traceback (most recent call last):
  File "C:\Users\KADOUN\Desktop\Automatization_Project_Master_QA\EW_Automation_Local_Deploy_PyCharm\poznavacky.py", line 12, in setUp
    setUp(self)
  File "C:\Users\KADOUN\Desktop\Automatization_Project_Master_QA\EW_Automation_Local_Deploy_PyCharm\to_import.py", line 43, in setUp
    self.driver = webdriver.Chrome(executable_path=chrome_driver_path)
  File "C:\Users\KADOUN\AppData\Roaming\Python\Python38\site-packages\selenium\webdriver\chrome\webdriver.py", line 76, in __init__
    RemoteWebDriver.__init__(
  File "C:\Users\KADOUN\AppData\Roaming\Python\Python38\site-packages\selenium\webdriver\remote\webdriver.py", line 157, in __init__
    self.start_session(capabilities, browser_profile)
  File "C:\Users\KADOUN\AppData\Roaming\Python\Python38\site-packages\selenium\webdriver\remote\webdriver.py", line 252, in start_session
    response = self.execute(Command.NEW_SESSION, parameters)
  File "C:\Users\KADOUN\AppData\Roaming\Python\Python38\site-packages\selenium\webdriver\remote\webdriver.py", line 321, in execute
    self.error_handler.check_response(response)
  File "C:\Users\KADOUN\AppData\Roaming\Python\Python38\site-packages\selenium\webdriver\remote\errorhandler.py", line 242, in check_response
    raise exception_class(message, screen, stacktrace)
selenium.common.exceptions.SessionNotCreatedException: Message: session not created: This version of ChromeDriver only supports Chrome version 123
Current browser version is 125.0.6422.77 with binary path C:\Program Files (x86)\Google\Chrome\Application\chrome.exe

</pre>
                        </div>
                        <!--css div popup end-->
                    </div>
                </td>
            </tr>
            
            <tr id="ft10.2" class='none'>
                <td class='errorCase'>
                    <div class='testcase'>
                        <a class="popup_link" onfocus='this.blur();'
                           href="javascript:showTestDetail('div_ft10.2')">test_poznavacky_vikendy_D</a>
                    </div>
                </td>
                <td colspan='5' align='center'>
                    <div>
                        <!--css div popup start-->
                        <button>
                            <a class="popup_link" onfocus='this.blur();'
                               href="javascript:showTestDetail('div_ft10.2')" style="color:#660066;">
                                ERROR
                            </a></button>
                        <div id='div_ft10.2' class="popup_window">
                            <div style='text-align: right; color:red;cursor:pointer'>
                                <a onfocus='this.blur();'
                                   onclick="document.getElementById('div_ft10.2').style.display = 'none'; "
                                   style="color:red;">
                                    [x]</a>
                            </div>
                            <pre></pre>
                            <pre style="color: red;">Traceback (most recent call last):
  File "C:\Users\KADOUN\Desktop\Automatization_Project_Master_QA\EW_Automation_Local_Deploy_PyCharm\poznavacky.py", line 12, in setUp
    setUp(self)
  File "C:\Users\KADOUN\Desktop\Automatization_Project_Master_QA\EW_Automation_Local_Deploy_PyCharm\to_import.py", line 43, in setUp
    self.driver = webdriver.Chrome(executable_path=chrome_driver_path)
  File "C:\Users\KADOUN\AppData\Roaming\Python\Python38\site-packages\selenium\webdriver\chrome\webdriver.py", line 76, in __init__
    RemoteWebDriver.__init__(
  File "C:\Users\KADOUN\AppData\Roaming\Python\Python38\site-packages\selenium\webdriver\remote\webdriver.py", line 157, in __init__
    self.start_session(capabilities, browser_profile)
  File "C:\Users\KADOUN\AppData\Roaming\Python\Python38\site-packages\selenium\webdriver\remote\webdriver.py", line 252, in start_session
    response = self.execute(Command.NEW_SESSION, parameters)
  File "C:\Users\KADOUN\AppData\Roaming\Python\Python38\site-packages\selenium\webdriver\remote\webdriver.py", line 321, in execute
    self.error_handler.check_response(response)
  File "C:\Users\KADOUN\AppData\Roaming\Python\Python38\site-packages\selenium\webdriver\remote\errorhandler.py", line 242, in check_response
    raise exception_class(message, screen, stacktrace)
selenium.common.exceptions.SessionNotCreatedException: Message: session not created: This version of ChromeDriver only supports Chrome version 123
Current browser version is 125.0.6422.77 with binary path C:\Program Files (x86)\Google\Chrome\Application\chrome.exe

</pre>
                        </div>
                        <!--css div popup end-->
                    </div>
                </td>
            </tr>
            
            <tr id="ft10.3" class='none'>
                <td class='errorCase'>
                    <div class='testcase'>
                        <a class="popup_link" onfocus='this.blur();'
                           href="javascript:showTestDetail('div_ft10.3')">test_poznavacky_rodiny_D</a>
                    </div>
                </td>
                <td colspan='5' align='center'>
                    <div>
                        <!--css div popup start-->
                        <button>
                            <a class="popup_link" onfocus='this.blur();'
                               href="javascript:showTestDetail('div_ft10.3')" style="color:#660066;">
                                ERROR
                            </a></button>
                        <div id='div_ft10.3' class="popup_window">
                            <div style='text-align: right; color:red;cursor:pointer'>
                                <a onfocus='this.blur();'
                                   onclick="document.getElementById('div_ft10.3').style.display = 'none'; "
                                   style="color:red;">
                                    [x]</a>
                            </div>
                            <pre></pre>
                            <pre style="color: red;">Traceback (most recent call last):
  File "C:\Users\KADOUN\Desktop\Automatization_Project_Master_QA\EW_Automation_Local_Deploy_PyCharm\poznavacky.py", line 12, in setUp
    setUp(self)
  File "C:\Users\KADOUN\Desktop\Automatization_Project_Master_QA\EW_Automation_Local_Deploy_PyCharm\to_import.py", line 43, in setUp
    self.driver = webdriver.Chrome(executable_path=chrome_driver_path)
  File "C:\Users\KADOUN\AppData\Roaming\Python\Python38\site-packages\selenium\webdriver\chrome\webdriver.py", line 76, in __init__
    RemoteWebDriver.__init__(
  File "C:\Users\KADOUN\AppData\Roaming\Python\Python38\site-packages\selenium\webdriver\remote\webdriver.py", line 157, in __init__
    self.start_session(capabilities, browser_profile)
  File "C:\Users\KADOUN\AppData\Roaming\Python\Python38\site-packages\selenium\webdriver\remote\webdriver.py", line 252, in start_session
    response = self.execute(Command.NEW_SESSION, parameters)
  File "C:\Users\KADOUN\AppData\Roaming\Python\Python38\site-packages\selenium\webdriver\remote\webdriver.py", line 321, in execute
    self.error_handler.check_response(response)
  File "C:\Users\KADOUN\AppData\Roaming\Python\Python38\site-packages\selenium\webdriver\remote\errorhandler.py", line 242, in check_response
    raise exception_class(message, screen, stacktrace)
selenium.common.exceptions.SessionNotCreatedException: Message: session not created: This version of ChromeDriver only supports Chrome version 123
Current browser version is 125.0.6422.77 with binary path C:\Program Files (x86)\Google\Chrome\Application\chrome.exe

</pre>
                        </div>
                        <!--css div popup end-->
                    </div>
                </td>
            </tr>
            
            <tr id="ft10.4" class='none'>
                <td class='errorCase'>
                    <div class='testcase'>
                        <a class="popup_link" onfocus='this.blur();'
                           href="javascript:showTestDetail('div_ft10.4')">test_poznavacky_zazitky_D</a>
                    </div>
                </td>
                <td colspan='5' align='center'>
                    <div>
                        <!--css div popup start-->
                        <button>
                            <a class="popup_link" onfocus='this.blur();'
                               href="javascript:showTestDetail('div_ft10.4')" style="color:#660066;">
                                ERROR
                            </a></button>
                        <div id='div_ft10.4' class="popup_window">
                            <div style='text-align: right; color:red;cursor:pointer'>
                                <a onfocus='this.blur();'
                                   onclick="document.getElementById('div_ft10.4').style.display = 'none'; "
                                   style="color:red;">
                                    [x]</a>
                            </div>
                            <pre></pre>
                            <pre style="color: red;">Traceback (most recent call last):
  File "C:\Users\KADOUN\Desktop\Automatization_Project_Master_QA\EW_Automation_Local_Deploy_PyCharm\poznavacky.py", line 12, in setUp
    setUp(self)
  File "C:\Users\KADOUN\Desktop\Automatization_Project_Master_QA\EW_Automation_Local_Deploy_PyCharm\to_import.py", line 43, in setUp
    self.driver = webdriver.Chrome(executable_path=chrome_driver_path)
  File "C:\Users\KADOUN\AppData\Roaming\Python\Python38\site-packages\selenium\webdriver\chrome\webdriver.py", line 76, in __init__
    RemoteWebDriver.__init__(
  File "C:\Users\KADOUN\AppData\Roaming\Python\Python38\site-packages\selenium\webdriver\remote\webdriver.py", line 157, in __init__
    self.start_session(capabilities, browser_profile)
  File "C:\Users\KADOUN\AppData\Roaming\Python\Python38\site-packages\selenium\webdriver\remote\webdriver.py", line 252, in start_session
    response = self.execute(Command.NEW_SESSION, parameters)
  File "C:\Users\KADOUN\AppData\Roaming\Python\Python38\site-packages\selenium\webdriver\remote\webdriver.py", line 321, in execute
    self.error_handler.check_response(response)
  File "C:\Users\KADOUN\AppData\Roaming\Python\Python38\site-packages\selenium\webdriver\remote\errorhandler.py", line 242, in check_response
    raise exception_class(message, screen, stacktrace)
selenium.common.exceptions.SessionNotCreatedException: Message: session not created: This version of ChromeDriver only supports Chrome version 123
Current browser version is 125.0.6422.77 with binary path C:\Program Files (x86)\Google\Chrome\Application\chrome.exe

</pre>
                        </div>
                        <!--css div popup end-->
                    </div>
                </td>
            </tr>
            
            <tr id="ft10.5" class='none'>
                <td class='errorCase'>
                    <div class='testcase'>
                        <a class="popup_link" onfocus='this.blur();'
                           href="javascript:showTestDetail('div_ft10.5')">test_poznavacky_all_URL_check</a>
                    </div>
                </td>
                <td colspan='5' align='center'>
                    <div>
                        <!--css div popup start-->
                        <button>
                            <a class="popup_link" onfocus='this.blur();'
                               href="javascript:showTestDetail('div_ft10.5')" style="color:#660066;">
                                ERROR
                            </a></button>
                        <div id='div_ft10.5' class="popup_window">
                            <div style='text-align: right; color:red;cursor:pointer'>
                                <a onfocus='this.blur();'
                                   onclick="document.getElementById('div_ft10.5').style.display = 'none'; "
                                   style="color:red;">
                                    [x]</a>
                            </div>
                            <pre></pre>
                            <pre style="color: red;">Traceback (most recent call last):
  File "C:\Users\KADOUN\Desktop\Automatization_Project_Master_QA\EW_Automation_Local_Deploy_PyCharm\poznavacky.py", line 12, in setUp
    setUp(self)
  File "C:\Users\KADOUN\Desktop\Automatization_Project_Master_QA\EW_Automation_Local_Deploy_PyCharm\to_import.py", line 43, in setUp
    self.driver = webdriver.Chrome(executable_path=chrome_driver_path)
  File "C:\Users\KADOUN\AppData\Roaming\Python\Python38\site-packages\selenium\webdriver\chrome\webdriver.py", line 76, in __init__
    RemoteWebDriver.__init__(
  File "C:\Users\KADOUN\AppData\Roaming\Python\Python38\site-packages\selenium\webdriver\remote\webdriver.py", line 157, in __init__
    self.start_session(capabilities, browser_profile)
  File "C:\Users\KADOUN\AppData\Roaming\Python\Python38\site-packages\selenium\webdriver\remote\webdriver.py", line 252, in start_session
    response = self.execute(Command.NEW_SESSION, parameters)
  File "C:\Users\KADOUN\AppData\Roaming\Python\Python38\site-packages\selenium\webdriver\remote\webdriver.py", line 321, in execute
    self.error_handler.check_response(response)
  File "C:\Users\KADOUN\AppData\Roaming\Python\Python38\site-packages\selenium\webdriver\remote\errorhandler.py", line 242, in check_response
    raise exception_class(message, screen, stacktrace)
selenium.common.exceptions.SessionNotCreatedException: Message: session not created: This version of ChromeDriver only supports Chrome version 123
Current browser version is 125.0.6422.77 with binary path C:\Program Files (x86)\Google\Chrome\Application\chrome.exe

</pre>
                        </div>
                        <!--css div popup end-->
                    </div>
                </td>
            </tr>
            
            <tr id="ft10.6" class='none'>
                <td class='errorCase'>
                    <div class='testcase'>
                        <a class="popup_link" onfocus='this.blur();'
                           href="javascript:showTestDetail('div_ft10.6')">test_poznavacky_C</a>
                    </div>
                </td>
                <td colspan='5' align='center'>
                    <div>
                        <!--css div popup start-->
                        <button>
                            <a class="popup_link" onfocus='this.blur();'
                               href="javascript:showTestDetail('div_ft10.6')" style="color:#660066;">
                                ERROR
                            </a></button>
                        <div id='div_ft10.6' class="popup_window">
                            <div style='text-align: right; color:red;cursor:pointer'>
                                <a onfocus='this.blur();'
                                   onclick="document.getElementById('div_ft10.6').style.display = 'none'; "
                                   style="color:red;">
                                    [x]</a>
                            </div>
                            <pre></pre>
                            <pre style="color: red;">Traceback (most recent call last):
  File "C:\Users\KADOUN\Desktop\Automatization_Project_Master_QA\EW_Automation_Local_Deploy_PyCharm\poznavacky.py", line 12, in setUp
    setUp(self)
  File "C:\Users\KADOUN\Desktop\Automatization_Project_Master_QA\EW_Automation_Local_Deploy_PyCharm\to_import.py", line 43, in setUp
    self.driver = webdriver.Chrome(executable_path=chrome_driver_path)
  File "C:\Users\KADOUN\AppData\Roaming\Python\Python38\site-packages\selenium\webdriver\chrome\webdriver.py", line 76, in __init__
    RemoteWebDriver.__init__(
  File "C:\Users\KADOUN\AppData\Roaming\Python\Python38\site-packages\selenium\webdriver\remote\webdriver.py", line 157, in __init__
    self.start_session(capabilities, browser_profile)
  File "C:\Users\KADOUN\AppData\Roaming\Python\Python38\site-packages\selenium\webdriver\remote\webdriver.py", line 252, in start_session
    response = self.execute(Command.NEW_SESSION, parameters)
  File "C:\Users\KADOUN\AppData\Roaming\Python\Python38\site-packages\selenium\webdriver\remote\webdriver.py", line 321, in execute
    self.error_handler.check_response(response)
  File "C:\Users\KADOUN\AppData\Roaming\Python\Python38\site-packages\selenium\webdriver\remote\errorhandler.py", line 242, in check_response
    raise exception_class(message, screen, stacktrace)
selenium.common.exceptions.SessionNotCreatedException: Message: session not created: This version of ChromeDriver only supports Chrome version 123
Current browser version is 125.0.6422.77 with binary path C:\Program Files (x86)\Google\Chrome\Application\chrome.exe

</pre>
                        </div>
                        <!--css div popup end-->
                    </div>
                </td>
            </tr>
            
        
        <tr class='errorClass' style="font-weight:bold;color:white;">
            <td><a href="javascript:showClassDetail('c11','1')">EW_Automation_Local_Deploy_PyCharm.SDO_D.TestSDO_D</a></td>
            <td>1</td>
            <td>0</td>
            <td>0</td>
            <td>1</td>
            <td>
                <button><a href="javascript:showClassDetail('c11','1')"
                           style="color:#660066;">Detail</a></button>
            </td>
        </tr>
            
            <tr id="ft11.1" class='none'>
                <td class='errorCase'>
                    <div class='testcase'>
                        <a class="popup_link" onfocus='this.blur();'
                           href="javascript:showTestDetail('div_ft11.1')">test_SDO_D</a>
                    </div>
                </td>
                <td colspan='5' align='center'>
                    <div>
                        <!--css div popup start-->
                        <button>
                            <a class="popup_link" onfocus='this.blur();'
                               href="javascript:showTestDetail('div_ft11.1')" style="color:#660066;">
                                ERROR
                            </a></button>
                        <div id='div_ft11.1' class="popup_window">
                            <div style='text-align: right; color:red;cursor:pointer'>
                                <a onfocus='this.blur();'
                                   onclick="document.getElementById('div_ft11.1').style.display = 'none'; "
                                   style="color:red;">
                                    [x]</a>
                            </div>
                            <pre></pre>
                            <pre style="color: red;">Traceback (most recent call last):
  File "C:\Users\KADOUN\Desktop\Automatization_Project_Master_QA\EW_Automation_Local_Deploy_PyCharm\SDO_D.py", line 8, in setUp
    setUp(self)
  File "C:\Users\KADOUN\Desktop\Automatization_Project_Master_QA\EW_Automation_Local_Deploy_PyCharm\to_import.py", line 43, in setUp
    self.driver = webdriver.Chrome(executable_path=chrome_driver_path)
  File "C:\Users\KADOUN\AppData\Roaming\Python\Python38\site-packages\selenium\webdriver\chrome\webdriver.py", line 76, in __init__
    RemoteWebDriver.__init__(
  File "C:\Users\KADOUN\AppData\Roaming\Python\Python38\site-packages\selenium\webdriver\remote\webdriver.py", line 157, in __init__
    self.start_session(capabilities, browser_profile)
  File "C:\Users\KADOUN\AppData\Roaming\Python\Python38\site-packages\selenium\webdriver\remote\webdriver.py", line 252, in start_session
    response = self.execute(Command.NEW_SESSION, parameters)
  File "C:\Users\KADOUN\AppData\Roaming\Python\Python38\site-packages\selenium\webdriver\remote\webdriver.py", line 321, in execute
    self.error_handler.check_response(response)
  File "C:\Users\KADOUN\AppData\Roaming\Python\Python38\site-packages\selenium\webdriver\remote\errorhandler.py", line 242, in check_response
    raise exception_class(message, screen, stacktrace)
selenium.common.exceptions.SessionNotCreatedException: Message: session not created: This version of ChromeDriver only supports Chrome version 123
Current browser version is 125.0.6422.77 with binary path C:\Program Files (x86)\Google\Chrome\Application\chrome.exe

</pre>
                        </div>
                        <!--css div popup end-->
                    </div>
                </td>
            </tr>
            
        
        <tr class='errorClass' style="font-weight:bold;color:white;">
            <td><a href="javascript:showClassDetail('c12','6')">EW_Automation_Local_Deploy_PyCharm.SRL_C.Test_SRL_C</a></td>
            <td>6</td>
            <td>0</td>
            <td>0</td>
            <td>6</td>
            <td>
                <button><a href="javascript:showClassDetail('c12','6')"
                           style="color:#660066;">Detail</a></button>
            </td>
        </tr>
            
            <tr id="ft12.1" class='none'>
                <td class='errorCase'>
                    <div class='testcase'>
                        <a class="popup_link" onfocus='this.blur();'
                           href="javascript:showTestDetail('div_ft12.1')">test_SRL_sort_cheapest</a>
                    </div>
                </td>
                <td colspan='5' align='center'>
                    <div>
                        <!--css div popup start-->
                        <button>
                            <a class="popup_link" onfocus='this.blur();'
                               href="javascript:showTestDetail('div_ft12.1')" style="color:#660066;">
                                ERROR
                            </a></button>
                        <div id='div_ft12.1' class="popup_window">
                            <div style='text-align: right; color:red;cursor:pointer'>
                                <a onfocus='this.blur();'
                                   onclick="document.getElementById('div_ft12.1').style.display = 'none'; "
                                   style="color:red;">
                                    [x]</a>
                            </div>
                            <pre></pre>
                            <pre style="color: red;">Traceback (most recent call last):
  File "C:\Users\KADOUN\Desktop\Automatization_Project_Master_QA\EW_Automation_Local_Deploy_PyCharm\SRL_C.py", line 19, in setUp
    setUp(self)
  File "C:\Users\KADOUN\Desktop\Automatization_Project_Master_QA\EW_Automation_Local_Deploy_PyCharm\to_import.py", line 43, in setUp
    self.driver = webdriver.Chrome(executable_path=chrome_driver_path)
  File "C:\Users\KADOUN\AppData\Roaming\Python\Python38\site-packages\selenium\webdriver\chrome\webdriver.py", line 76, in __init__
    RemoteWebDriver.__init__(
  File "C:\Users\KADOUN\AppData\Roaming\Python\Python38\site-packages\selenium\webdriver\remote\webdriver.py", line 157, in __init__
    self.start_session(capabilities, browser_profile)
  File "C:\Users\KADOUN\AppData\Roaming\Python\Python38\site-packages\selenium\webdriver\remote\webdriver.py", line 252, in start_session
    response = self.execute(Command.NEW_SESSION, parameters)
  File "C:\Users\KADOUN\AppData\Roaming\Python\Python38\site-packages\selenium\webdriver\remote\webdriver.py", line 321, in execute
    self.error_handler.check_response(response)
  File "C:\Users\KADOUN\AppData\Roaming\Python\Python38\site-packages\selenium\webdriver\remote\errorhandler.py", line 242, in check_response
    raise exception_class(message, screen, stacktrace)
selenium.common.exceptions.SessionNotCreatedException: Message: session not created: This version of ChromeDriver only supports Chrome version 123
Current browser version is 125.0.6422.77 with binary path C:\Program Files (x86)\Google\Chrome\Application\chrome.exe

</pre>
                        </div>
                        <!--css div popup end-->
                    </div>
                </td>
            </tr>
            
            <tr id="ft12.2" class='none'>
                <td class='errorCase'>
                    <div class='testcase'>
                        <a class="popup_link" onfocus='this.blur();'
                           href="javascript:showTestDetail('div_ft12.2')">test_SRL_sort_expensive</a>
                    </div>
                </td>
                <td colspan='5' align='center'>
                    <div>
                        <!--css div popup start-->
                        <button>
                            <a class="popup_link" onfocus='this.blur();'
                               href="javascript:showTestDetail('div_ft12.2')" style="color:#660066;">
                                ERROR
                            </a></button>
                        <div id='div_ft12.2' class="popup_window">
                            <div style='text-align: right; color:red;cursor:pointer'>
                                <a onfocus='this.blur();'
                                   onclick="document.getElementById('div_ft12.2').style.display = 'none'; "
                                   style="color:red;">
                                    [x]</a>
                            </div>
                            <pre></pre>
                            <pre style="color: red;">Traceback (most recent call last):
  File "C:\Users\KADOUN\Desktop\Automatization_Project_Master_QA\EW_Automation_Local_Deploy_PyCharm\SRL_C.py", line 19, in setUp
    setUp(self)
  File "C:\Users\KADOUN\Desktop\Automatization_Project_Master_QA\EW_Automation_Local_Deploy_PyCharm\to_import.py", line 43, in setUp
    self.driver = webdriver.Chrome(executable_path=chrome_driver_path)
  File "C:\Users\KADOUN\AppData\Roaming\Python\Python38\site-packages\selenium\webdriver\chrome\webdriver.py", line 76, in __init__
    RemoteWebDriver.__init__(
  File "C:\Users\KADOUN\AppData\Roaming\Python\Python38\site-packages\selenium\webdriver\remote\webdriver.py", line 157, in __init__
    self.start_session(capabilities, browser_profile)
  File "C:\Users\KADOUN\AppData\Roaming\Python\Python38\site-packages\selenium\webdriver\remote\webdriver.py", line 252, in start_session
    response = self.execute(Command.NEW_SESSION, parameters)
  File "C:\Users\KADOUN\AppData\Roaming\Python\Python38\site-packages\selenium\webdriver\remote\webdriver.py", line 321, in execute
    self.error_handler.check_response(response)
  File "C:\Users\KADOUN\AppData\Roaming\Python\Python38\site-packages\selenium\webdriver\remote\errorhandler.py", line 242, in check_response
    raise exception_class(message, screen, stacktrace)
selenium.common.exceptions.SessionNotCreatedException: Message: session not created: This version of ChromeDriver only supports Chrome version 123
Current browser version is 125.0.6422.77 with binary path C:\Program Files (x86)\Google\Chrome\Application\chrome.exe

</pre>
                        </div>
                        <!--css div popup end-->
                    </div>
                </td>
            </tr>
            
            <tr id="ft12.3" class='none'>
                <td class='errorCase'>
                    <div class='testcase'>
                        <a class="popup_link" onfocus='this.blur();'
                           href="javascript:showTestDetail('div_ft12.3')">test_SRL_map</a>
                    </div>
                </td>
                <td colspan='5' align='center'>
                    <div>
                        <!--css div popup start-->
                        <button>
                            <a class="popup_link" onfocus='this.blur();'
                               href="javascript:showTestDetail('div_ft12.3')" style="color:#660066;">
                                ERROR
                            </a></button>
                        <div id='div_ft12.3' class="popup_window">
                            <div style='text-align: right; color:red;cursor:pointer'>
                                <a onfocus='this.blur();'
                                   onclick="document.getElementById('div_ft12.3').style.display = 'none'; "
                                   style="color:red;">
                                    [x]</a>
                            </div>
                            <pre></pre>
                            <pre style="color: red;">Traceback (most recent call last):
  File "C:\Users\KADOUN\Desktop\Automatization_Project_Master_QA\EW_Automation_Local_Deploy_PyCharm\SRL_C.py", line 19, in setUp
    setUp(self)
  File "C:\Users\KADOUN\Desktop\Automatization_Project_Master_QA\EW_Automation_Local_Deploy_PyCharm\to_import.py", line 43, in setUp
    self.driver = webdriver.Chrome(executable_path=chrome_driver_path)
  File "C:\Users\KADOUN\AppData\Roaming\Python\Python38\site-packages\selenium\webdriver\chrome\webdriver.py", line 76, in __init__
    RemoteWebDriver.__init__(
  File "C:\Users\KADOUN\AppData\Roaming\Python\Python38\site-packages\selenium\webdriver\remote\webdriver.py", line 157, in __init__
    self.start_session(capabilities, browser_profile)
  File "C:\Users\KADOUN\AppData\Roaming\Python\Python38\site-packages\selenium\webdriver\remote\webdriver.py", line 252, in start_session
    response = self.execute(Command.NEW_SESSION, parameters)
  File "C:\Users\KADOUN\AppData\Roaming\Python\Python38\site-packages\selenium\webdriver\remote\webdriver.py", line 321, in execute
    self.error_handler.check_response(response)
  File "C:\Users\KADOUN\AppData\Roaming\Python\Python38\site-packages\selenium\webdriver\remote\errorhandler.py", line 242, in check_response
    raise exception_class(message, screen, stacktrace)
selenium.common.exceptions.SessionNotCreatedException: Message: session not created: This version of ChromeDriver only supports Chrome version 123
Current browser version is 125.0.6422.77 with binary path C:\Program Files (x86)\Google\Chrome\Application\chrome.exe

</pre>
                        </div>
                        <!--css div popup end-->
                    </div>
                </td>
            </tr>
            
            <tr id="ft12.4" class='none'>
                <td class='errorCase'>
                    <div class='testcase'>
                        <a class="popup_link" onfocus='this.blur();'
                           href="javascript:showTestDetail('div_ft12.4')">test_SRL_filtr_strava</a>
                    </div>
                </td>
                <td colspan='5' align='center'>
                    <div>
                        <!--css div popup start-->
                        <button>
                            <a class="popup_link" onfocus='this.blur();'
                               href="javascript:showTestDetail('div_ft12.4')" style="color:#660066;">
                                ERROR
                            </a></button>
                        <div id='div_ft12.4' class="popup_window">
                            <div style='text-align: right; color:red;cursor:pointer'>
                                <a onfocus='this.blur();'
                                   onclick="document.getElementById('div_ft12.4').style.display = 'none'; "
                                   style="color:red;">
                                    [x]</a>
                            </div>
                            <pre></pre>
                            <pre style="color: red;">Traceback (most recent call last):
  File "C:\Users\KADOUN\Desktop\Automatization_Project_Master_QA\EW_Automation_Local_Deploy_PyCharm\SRL_C.py", line 19, in setUp
    setUp(self)
  File "C:\Users\KADOUN\Desktop\Automatization_Project_Master_QA\EW_Automation_Local_Deploy_PyCharm\to_import.py", line 43, in setUp
    self.driver = webdriver.Chrome(executable_path=chrome_driver_path)
  File "C:\Users\KADOUN\AppData\Roaming\Python\Python38\site-packages\selenium\webdriver\chrome\webdriver.py", line 76, in __init__
    RemoteWebDriver.__init__(
  File "C:\Users\KADOUN\AppData\Roaming\Python\Python38\site-packages\selenium\webdriver\remote\webdriver.py", line 157, in __init__
    self.start_session(capabilities, browser_profile)
  File "C:\Users\KADOUN\AppData\Roaming\Python\Python38\site-packages\selenium\webdriver\remote\webdriver.py", line 252, in start_session
    response = self.execute(Command.NEW_SESSION, parameters)
  File "C:\Users\KADOUN\AppData\Roaming\Python\Python38\site-packages\selenium\webdriver\remote\webdriver.py", line 321, in execute
    self.error_handler.check_response(response)
  File "C:\Users\KADOUN\AppData\Roaming\Python\Python38\site-packages\selenium\webdriver\remote\errorhandler.py", line 242, in check_response
    raise exception_class(message, screen, stacktrace)
selenium.common.exceptions.SessionNotCreatedException: Message: session not created: This version of ChromeDriver only supports Chrome version 123
Current browser version is 125.0.6422.77 with binary path C:\Program Files (x86)\Google\Chrome\Application\chrome.exe

</pre>
                        </div>
                        <!--css div popup end-->
                    </div>
                </td>
            </tr>
            
            <tr id="ft12.5" class='none'>
                <td class='errorCase'>
                    <div class='testcase'>
                        <a class="popup_link" onfocus='this.blur();'
                           href="javascript:showTestDetail('div_ft12.5')">test_srl_C</a>
                    </div>
                </td>
                <td colspan='5' align='center'>
                    <div>
                        <!--css div popup start-->
                        <button>
                            <a class="popup_link" onfocus='this.blur();'
                               href="javascript:showTestDetail('div_ft12.5')" style="color:#660066;">
                                ERROR
                            </a></button>
                        <div id='div_ft12.5' class="popup_window">
                            <div style='text-align: right; color:red;cursor:pointer'>
                                <a onfocus='this.blur();'
                                   onclick="document.getElementById('div_ft12.5').style.display = 'none'; "
                                   style="color:red;">
                                    [x]</a>
                            </div>
                            <pre></pre>
                            <pre style="color: red;">Traceback (most recent call last):
  File "C:\Users\KADOUN\Desktop\Automatization_Project_Master_QA\EW_Automation_Local_Deploy_PyCharm\SRL_C.py", line 19, in setUp
    setUp(self)
  File "C:\Users\KADOUN\Desktop\Automatization_Project_Master_QA\EW_Automation_Local_Deploy_PyCharm\to_import.py", line 43, in setUp
    self.driver = webdriver.Chrome(executable_path=chrome_driver_path)
  File "C:\Users\KADOUN\AppData\Roaming\Python\Python38\site-packages\selenium\webdriver\chrome\webdriver.py", line 76, in __init__
    RemoteWebDriver.__init__(
  File "C:\Users\KADOUN\AppData\Roaming\Python\Python38\site-packages\selenium\webdriver\remote\webdriver.py", line 157, in __init__
    self.start_session(capabilities, browser_profile)
  File "C:\Users\KADOUN\AppData\Roaming\Python\Python38\site-packages\selenium\webdriver\remote\webdriver.py", line 252, in start_session
    response = self.execute(Command.NEW_SESSION, parameters)
  File "C:\Users\KADOUN\AppData\Roaming\Python\Python38\site-packages\selenium\webdriver\remote\webdriver.py", line 321, in execute
    self.error_handler.check_response(response)
  File "C:\Users\KADOUN\AppData\Roaming\Python\Python38\site-packages\selenium\webdriver\remote\errorhandler.py", line 242, in check_response
    raise exception_class(message, screen, stacktrace)
selenium.common.exceptions.SessionNotCreatedException: Message: session not created: This version of ChromeDriver only supports Chrome version 123
Current browser version is 125.0.6422.77 with binary path C:\Program Files (x86)\Google\Chrome\Application\chrome.exe

</pre>
                        </div>
                        <!--css div popup end-->
                    </div>
                </td>
            </tr>
            
            <tr id="ft12.6" class='none'>
                <td class='errorCase'>
                    <div class='testcase'>
                        <a class="popup_link" onfocus='this.blur();'
                           href="javascript:showTestDetail('div_ft12.6')">test_SRL_kuba_srl_D_R</a>
                    </div>
                </td>
                <td colspan='5' align='center'>
                    <div>
                        <!--css div popup start-->
                        <button>
                            <a class="popup_link" onfocus='this.blur();'
                               href="javascript:showTestDetail('div_ft12.6')" style="color:#660066;">
                                ERROR
                            </a></button>
                        <div id='div_ft12.6' class="popup_window">
                            <div style='text-align: right; color:red;cursor:pointer'>
                                <a onfocus='this.blur();'
                                   onclick="document.getElementById('div_ft12.6').style.display = 'none'; "
                                   style="color:red;">
                                    [x]</a>
                            </div>
                            <pre></pre>
                            <pre style="color: red;">Traceback (most recent call last):
  File "C:\Users\KADOUN\Desktop\Automatization_Project_Master_QA\EW_Automation_Local_Deploy_PyCharm\SRL_C.py", line 19, in setUp
    setUp(self)
  File "C:\Users\KADOUN\Desktop\Automatization_Project_Master_QA\EW_Automation_Local_Deploy_PyCharm\to_import.py", line 43, in setUp
    self.driver = webdriver.Chrome(executable_path=chrome_driver_path)
  File "C:\Users\KADOUN\AppData\Roaming\Python\Python38\site-packages\selenium\webdriver\chrome\webdriver.py", line 76, in __init__
    RemoteWebDriver.__init__(
  File "C:\Users\KADOUN\AppData\Roaming\Python\Python38\site-packages\selenium\webdriver\remote\webdriver.py", line 157, in __init__
    self.start_session(capabilities, browser_profile)
  File "C:\Users\KADOUN\AppData\Roaming\Python\Python38\site-packages\selenium\webdriver\remote\webdriver.py", line 252, in start_session
    response = self.execute(Command.NEW_SESSION, parameters)
  File "C:\Users\KADOUN\AppData\Roaming\Python\Python38\site-packages\selenium\webdriver\remote\webdriver.py", line 321, in execute
    self.error_handler.check_response(response)
  File "C:\Users\KADOUN\AppData\Roaming\Python\Python38\site-packages\selenium\webdriver\remote\errorhandler.py", line 242, in check_response
    raise exception_class(message, screen, stacktrace)
selenium.common.exceptions.SessionNotCreatedException: Message: session not created: This version of ChromeDriver only supports Chrome version 123
Current browser version is 125.0.6422.77 with binary path C:\Program Files (x86)\Google\Chrome\Application\chrome.exe

</pre>
                        </div>
                        <!--css div popup end-->
                    </div>
                </td>
            </tr>
            
        
        <tr class='errorClass' style="font-weight:bold;color:white;">
            <td><a href="javascript:showClassDetail('c13','1')">EW_Automation_Local_Deploy_PyCharm.SRL_D.TestSRL_D</a></td>
            <td>1</td>
            <td>0</td>
            <td>0</td>
            <td>1</td>
            <td>
                <button><a href="javascript:showClassDetail('c13','1')"
                           style="color:#660066;">Detail</a></button>
            </td>
        </tr>
            
            <tr id="ft13.1" class='none'>
                <td class='errorCase'>
                    <div class='testcase'>
                        <a class="popup_link" onfocus='this.blur();'
                           href="javascript:showTestDetail('div_ft13.1')">test_SRL_D</a>
                    </div>
                </td>
                <td colspan='5' align='center'>
                    <div>
                        <!--css div popup start-->
                        <button>
                            <a class="popup_link" onfocus='this.blur();'
                               href="javascript:showTestDetail('div_ft13.1')" style="color:#660066;">
                                ERROR
                            </a></button>
                        <div id='div_ft13.1' class="popup_window">
                            <div style='text-align: right; color:red;cursor:pointer'>
                                <a onfocus='this.blur();'
                                   onclick="document.getElementById('div_ft13.1').style.display = 'none'; "
                                   style="color:red;">
                                    [x]</a>
                            </div>
                            <pre></pre>
                            <pre style="color: red;">Traceback (most recent call last):
  File "C:\Users\KADOUN\Desktop\Automatization_Project_Master_QA\EW_Automation_Local_Deploy_PyCharm\SRL_D.py", line 108, in setUp
    setUp(self)
  File "C:\Users\KADOUN\Desktop\Automatization_Project_Master_QA\EW_Automation_Local_Deploy_PyCharm\to_import.py", line 43, in setUp
    self.driver = webdriver.Chrome(executable_path=chrome_driver_path)
  File "C:\Users\KADOUN\AppData\Roaming\Python\Python38\site-packages\selenium\webdriver\chrome\webdriver.py", line 76, in __init__
    RemoteWebDriver.__init__(
  File "C:\Users\KADOUN\AppData\Roaming\Python\Python38\site-packages\selenium\webdriver\remote\webdriver.py", line 157, in __init__
    self.start_session(capabilities, browser_profile)
  File "C:\Users\KADOUN\AppData\Roaming\Python\Python38\site-packages\selenium\webdriver\remote\webdriver.py", line 252, in start_session
    response = self.execute(Command.NEW_SESSION, parameters)
  File "C:\Users\KADOUN\AppData\Roaming\Python\Python38\site-packages\selenium\webdriver\remote\webdriver.py", line 321, in execute
    self.error_handler.check_response(response)
  File "C:\Users\KADOUN\AppData\Roaming\Python\Python38\site-packages\selenium\webdriver\remote\errorhandler.py", line 242, in check_response
    raise exception_class(message, screen, stacktrace)
selenium.common.exceptions.SessionNotCreatedException: Message: session not created: This version of ChromeDriver only supports Chrome version 123
Current browser version is 125.0.6422.77 with binary path C:\Program Files (x86)\Google\Chrome\Application\chrome.exe

</pre>
                        </div>
                        <!--css div popup end-->
                    </div>
                </td>
            </tr>
            
        
        <tr class='errorClass' style="font-weight:bold;color:white;">
            <td><a href="javascript:showClassDetail('c14','9')">EW_Automation_Local_Deploy_PyCharm.HP_C.Test_HP_C</a></td>
            <td>9</td>
            <td>0</td>
            <td>0</td>
            <td>9</td>
            <td>
                <button><a href="javascript:showClassDetail('c14','9')"
                           style="color:#660066;">Detail</a></button>
            </td>
        </tr>
            
            <tr id="ft14.1" class='none'>
                <td class='errorCase'>
                    <div class='testcase'>
                        <a class="popup_link" onfocus='this.blur();'
                           href="javascript:showTestDetail('div_ft14.1')">test_HP_bannery_check</a>
                    </div>
                </td>
                <td colspan='5' align='center'>
                    <div>
                        <!--css div popup start-->
                        <button>
                            <a class="popup_link" onfocus='this.blur();'
                               href="javascript:showTestDetail('div_ft14.1')" style="color:#660066;">
                                ERROR
                            </a></button>
                        <div id='div_ft14.1' class="popup_window">
                            <div style='text-align: right; color:red;cursor:pointer'>
                                <a onfocus='this.blur();'
                                   onclick="document.getElementById('div_ft14.1').style.display = 'none'; "
                                   style="color:red;">
                                    [x]</a>
                            </div>
                            <pre></pre>
                            <pre style="color: red;">Traceback (most recent call last):
  File "C:\Users\KADOUN\Desktop\Automatization_Project_Master_QA\EW_Automation_Local_Deploy_PyCharm\HP_C.py", line 61, in setUp
    setUp(self)
  File "C:\Users\KADOUN\Desktop\Automatization_Project_Master_QA\EW_Automation_Local_Deploy_PyCharm\to_import.py", line 43, in setUp
    self.driver = webdriver.Chrome(executable_path=chrome_driver_path)
  File "C:\Users\KADOUN\AppData\Roaming\Python\Python38\site-packages\selenium\webdriver\chrome\webdriver.py", line 76, in __init__
    RemoteWebDriver.__init__(
  File "C:\Users\KADOUN\AppData\Roaming\Python\Python38\site-packages\selenium\webdriver\remote\webdriver.py", line 157, in __init__
    self.start_session(capabilities, browser_profile)
  File "C:\Users\KADOUN\AppData\Roaming\Python\Python38\site-packages\selenium\webdriver\remote\webdriver.py", line 252, in start_session
    response = self.execute(Command.NEW_SESSION, parameters)
  File "C:\Users\KADOUN\AppData\Roaming\Python\Python38\site-packages\selenium\webdriver\remote\webdriver.py", line 321, in execute
    self.error_handler.check_response(response)
  File "C:\Users\KADOUN\AppData\Roaming\Python\Python38\site-packages\selenium\webdriver\remote\errorhandler.py", line 242, in check_response
    raise exception_class(message, screen, stacktrace)
selenium.common.exceptions.SessionNotCreatedException: Message: session not created: This version of ChromeDriver only supports Chrome version 123
Current browser version is 125.0.6422.77 with binary path C:\Program Files (x86)\Google\Chrome\Application\chrome.exe

</pre>
                        </div>
                        <!--css div popup end-->
                    </div>
                </td>
            </tr>
            
            <tr id="ft14.2" class='none'>
                <td class='errorCase'>
                    <div class='testcase'>
                        <a class="popup_link" onfocus='this.blur();'
                           href="javascript:showTestDetail('div_ft14.2')">test_HP_top_nabidka_status</a>
                    </div>
                </td>
                <td colspan='5' align='center'>
                    <div>
                        <!--css div popup start-->
                        <button>
                            <a class="popup_link" onfocus='this.blur();'
                               href="javascript:showTestDetail('div_ft14.2')" style="color:#660066;">
                                ERROR
                            </a></button>
                        <div id='div_ft14.2' class="popup_window">
                            <div style='text-align: right; color:red;cursor:pointer'>
                                <a onfocus='this.blur();'
                                   onclick="document.getElementById('div_ft14.2').style.display = 'none'; "
                                   style="color:red;">
                                    [x]</a>
                            </div>
                            <pre></pre>
                            <pre style="color: red;">Traceback (most recent call last):
  File "C:\Users\KADOUN\Desktop\Automatization_Project_Master_QA\EW_Automation_Local_Deploy_PyCharm\HP_C.py", line 61, in setUp
    setUp(self)
  File "C:\Users\KADOUN\Desktop\Automatization_Project_Master_QA\EW_Automation_Local_Deploy_PyCharm\to_import.py", line 43, in setUp
    self.driver = webdriver.Chrome(executable_path=chrome_driver_path)
  File "C:\Users\KADOUN\AppData\Roaming\Python\Python38\site-packages\selenium\webdriver\chrome\webdriver.py", line 76, in __init__
    RemoteWebDriver.__init__(
  File "C:\Users\KADOUN\AppData\Roaming\Python\Python38\site-packages\selenium\webdriver\remote\webdriver.py", line 157, in __init__
    self.start_session(capabilities, browser_profile)
  File "C:\Users\KADOUN\AppData\Roaming\Python\Python38\site-packages\selenium\webdriver\remote\webdriver.py", line 252, in start_session
    response = self.execute(Command.NEW_SESSION, parameters)
  File "C:\Users\KADOUN\AppData\Roaming\Python\Python38\site-packages\selenium\webdriver\remote\webdriver.py", line 321, in execute
    self.error_handler.check_response(response)
  File "C:\Users\KADOUN\AppData\Roaming\Python\Python38\site-packages\selenium\webdriver\remote\errorhandler.py", line 242, in check_response
    raise exception_class(message, screen, stacktrace)
selenium.common.exceptions.SessionNotCreatedException: Message: session not created: This version of ChromeDriver only supports Chrome version 123
Current browser version is 125.0.6422.77 with binary path C:\Program Files (x86)\Google\Chrome\Application\chrome.exe

</pre>
                        </div>
                        <!--css div popup end-->
                    </div>
                </td>
            </tr>
            
            <tr id="ft14.3" class='none'>
                <td class='errorCase'>
                    <div class='testcase'>
                        <a class="popup_link" onfocus='this.blur();'
                           href="javascript:showTestDetail('div_ft14.3')">test_HP_zlutak_to_SRL_pobyt</a>
                    </div>
                </td>
                <td colspan='5' align='center'>
                    <div>
                        <!--css div popup start-->
                        <button>
                            <a class="popup_link" onfocus='this.blur();'
                               href="javascript:showTestDetail('div_ft14.3')" style="color:#660066;">
                                ERROR
                            </a></button>
                        <div id='div_ft14.3' class="popup_window">
                            <div style='text-align: right; color:red;cursor:pointer'>
                                <a onfocus='this.blur();'
                                   onclick="document.getElementById('div_ft14.3').style.display = 'none'; "
                                   style="color:red;">
                                    [x]</a>
                            </div>
                            <pre></pre>
                            <pre style="color: red;">Traceback (most recent call last):
  File "C:\Users\KADOUN\Desktop\Automatization_Project_Master_QA\EW_Automation_Local_Deploy_PyCharm\HP_C.py", line 61, in setUp
    setUp(self)
  File "C:\Users\KADOUN\Desktop\Automatization_Project_Master_QA\EW_Automation_Local_Deploy_PyCharm\to_import.py", line 43, in setUp
    self.driver = webdriver.Chrome(executable_path=chrome_driver_path)
  File "C:\Users\KADOUN\AppData\Roaming\Python\Python38\site-packages\selenium\webdriver\chrome\webdriver.py", line 76, in __init__
    RemoteWebDriver.__init__(
  File "C:\Users\KADOUN\AppData\Roaming\Python\Python38\site-packages\selenium\webdriver\remote\webdriver.py", line 157, in __init__
    self.start_session(capabilities, browser_profile)
  File "C:\Users\KADOUN\AppData\Roaming\Python\Python38\site-packages\selenium\webdriver\remote\webdriver.py", line 252, in start_session
    response = self.execute(Command.NEW_SESSION, parameters)
  File "C:\Users\KADOUN\AppData\Roaming\Python\Python38\site-packages\selenium\webdriver\remote\webdriver.py", line 321, in execute
    self.error_handler.check_response(response)
  File "C:\Users\KADOUN\AppData\Roaming\Python\Python38\site-packages\selenium\webdriver\remote\errorhandler.py", line 242, in check_response
    raise exception_class(message, screen, stacktrace)
selenium.common.exceptions.SessionNotCreatedException: Message: session not created: This version of ChromeDriver only supports Chrome version 123
Current browser version is 125.0.6422.77 with binary path C:\Program Files (x86)\Google\Chrome\Application\chrome.exe

</pre>
                        </div>
                        <!--css div popup end-->
                    </div>
                </td>
            </tr>
            
            <tr id="ft14.4" class='none'>
                <td class='errorCase'>
                    <div class='testcase'>
                        <a class="popup_link" onfocus='this.blur();'
                           href="javascript:showTestDetail('div_ft14.4')">test_HP_zlutak_to_SRL_poznavacky</a>
                    </div>
                </td>
                <td colspan='5' align='center'>
                    <div>
                        <!--css div popup start-->
                        <button>
                            <a class="popup_link" onfocus='this.blur();'
                               href="javascript:showTestDetail('div_ft14.4')" style="color:#660066;">
                                ERROR
                            </a></button>
                        <div id='div_ft14.4' class="popup_window">
                            <div style='text-align: right; color:red;cursor:pointer'>
                                <a onfocus='this.blur();'
                                   onclick="document.getElementById('div_ft14.4').style.display = 'none'; "
                                   style="color:red;">
                                    [x]</a>
                            </div>
                            <pre></pre>
                            <pre style="color: red;">Traceback (most recent call last):
  File "C:\Users\KADOUN\Desktop\Automatization_Project_Master_QA\EW_Automation_Local_Deploy_PyCharm\HP_C.py", line 61, in setUp
    setUp(self)
  File "C:\Users\KADOUN\Desktop\Automatization_Project_Master_QA\EW_Automation_Local_Deploy_PyCharm\to_import.py", line 43, in setUp
    self.driver = webdriver.Chrome(executable_path=chrome_driver_path)
  File "C:\Users\KADOUN\AppData\Roaming\Python\Python38\site-packages\selenium\webdriver\chrome\webdriver.py", line 76, in __init__
    RemoteWebDriver.__init__(
  File "C:\Users\KADOUN\AppData\Roaming\Python\Python38\site-packages\selenium\webdriver\remote\webdriver.py", line 157, in __init__
    self.start_session(capabilities, browser_profile)
  File "C:\Users\KADOUN\AppData\Roaming\Python\Python38\site-packages\selenium\webdriver\remote\webdriver.py", line 252, in start_session
    response = self.execute(Command.NEW_SESSION, parameters)
  File "C:\Users\KADOUN\AppData\Roaming\Python\Python38\site-packages\selenium\webdriver\remote\webdriver.py", line 321, in execute
    self.error_handler.check_response(response)
  File "C:\Users\KADOUN\AppData\Roaming\Python\Python38\site-packages\selenium\webdriver\remote\errorhandler.py", line 242, in check_response
    raise exception_class(message, screen, stacktrace)
selenium.common.exceptions.SessionNotCreatedException: Message: session not created: This version of ChromeDriver only supports Chrome version 123
Current browser version is 125.0.6422.77 with binary path C:\Program Files (x86)\Google\Chrome\Application\chrome.exe

</pre>
                        </div>
                        <!--css div popup end-->
                    </div>
                </td>
            </tr>
            
            <tr id="ft14.5" class='none'>
                <td class='errorCase'>
                    <div class='testcase'>
                        <a class="popup_link" onfocus='this.blur();'
                           href="javascript:showTestDetail('div_ft14.5')">test_HP_zlutak_to_SRL_lyze</a>
                    </div>
                </td>
                <td colspan='5' align='center'>
                    <div>
                        <!--css div popup start-->
                        <button>
                            <a class="popup_link" onfocus='this.blur();'
                               href="javascript:showTestDetail('div_ft14.5')" style="color:#660066;">
                                ERROR
                            </a></button>
                        <div id='div_ft14.5' class="popup_window">
                            <div style='text-align: right; color:red;cursor:pointer'>
                                <a onfocus='this.blur();'
                                   onclick="document.getElementById('div_ft14.5').style.display = 'none'; "
                                   style="color:red;">
                                    [x]</a>
                            </div>
                            <pre></pre>
                            <pre style="color: red;">Traceback (most recent call last):
  File "C:\Users\KADOUN\Desktop\Automatization_Project_Master_QA\EW_Automation_Local_Deploy_PyCharm\HP_C.py", line 61, in setUp
    setUp(self)
  File "C:\Users\KADOUN\Desktop\Automatization_Project_Master_QA\EW_Automation_Local_Deploy_PyCharm\to_import.py", line 43, in setUp
    self.driver = webdriver.Chrome(executable_path=chrome_driver_path)
  File "C:\Users\KADOUN\AppData\Roaming\Python\Python38\site-packages\selenium\webdriver\chrome\webdriver.py", line 76, in __init__
    RemoteWebDriver.__init__(
  File "C:\Users\KADOUN\AppData\Roaming\Python\Python38\site-packages\selenium\webdriver\remote\webdriver.py", line 157, in __init__
    self.start_session(capabilities, browser_profile)
  File "C:\Users\KADOUN\AppData\Roaming\Python\Python38\site-packages\selenium\webdriver\remote\webdriver.py", line 252, in start_session
    response = self.execute(Command.NEW_SESSION, parameters)
  File "C:\Users\KADOUN\AppData\Roaming\Python\Python38\site-packages\selenium\webdriver\remote\webdriver.py", line 321, in execute
    self.error_handler.check_response(response)
  File "C:\Users\KADOUN\AppData\Roaming\Python\Python38\site-packages\selenium\webdriver\remote\errorhandler.py", line 242, in check_response
    raise exception_class(message, screen, stacktrace)
selenium.common.exceptions.SessionNotCreatedException: Message: session not created: This version of ChromeDriver only supports Chrome version 123
Current browser version is 125.0.6422.77 with binary path C:\Program Files (x86)\Google\Chrome\Application\chrome.exe

</pre>
                        </div>
                        <!--css div popup end-->
                    </div>
                </td>
            </tr>
            
            <tr id="ft14.6" class='none'>
                <td class='errorCase'>
                    <div class='testcase'>
                        <a class="popup_link" onfocus='this.blur();'
                           href="javascript:showTestDetail('div_ft14.6')">test_HP_zlutak_to_groupsearch_pobyt</a>
                    </div>
                </td>
                <td colspan='5' align='center'>
                    <div>
                        <!--css div popup start-->
                        <button>
                            <a class="popup_link" onfocus='this.blur();'
                               href="javascript:showTestDetail('div_ft14.6')" style="color:#660066;">
                                ERROR
                            </a></button>
                        <div id='div_ft14.6' class="popup_window">
                            <div style='text-align: right; color:red;cursor:pointer'>
                                <a onfocus='this.blur();'
                                   onclick="document.getElementById('div_ft14.6').style.display = 'none'; "
                                   style="color:red;">
                                    [x]</a>
                            </div>
                            <pre></pre>
                            <pre style="color: red;">Traceback (most recent call last):
  File "C:\Users\KADOUN\Desktop\Automatization_Project_Master_QA\EW_Automation_Local_Deploy_PyCharm\HP_C.py", line 61, in setUp
    setUp(self)
  File "C:\Users\KADOUN\Desktop\Automatization_Project_Master_QA\EW_Automation_Local_Deploy_PyCharm\to_import.py", line 43, in setUp
    self.driver = webdriver.Chrome(executable_path=chrome_driver_path)
  File "C:\Users\KADOUN\AppData\Roaming\Python\Python38\site-packages\selenium\webdriver\chrome\webdriver.py", line 76, in __init__
    RemoteWebDriver.__init__(
  File "C:\Users\KADOUN\AppData\Roaming\Python\Python38\site-packages\selenium\webdriver\remote\webdriver.py", line 157, in __init__
    self.start_session(capabilities, browser_profile)
  File "C:\Users\KADOUN\AppData\Roaming\Python\Python38\site-packages\selenium\webdriver\remote\webdriver.py", line 252, in start_session
    response = self.execute(Command.NEW_SESSION, parameters)
  File "C:\Users\KADOUN\AppData\Roaming\Python\Python38\site-packages\selenium\webdriver\remote\webdriver.py", line 321, in execute
    self.error_handler.check_response(response)
  File "C:\Users\KADOUN\AppData\Roaming\Python\Python38\site-packages\selenium\webdriver\remote\errorhandler.py", line 242, in check_response
    raise exception_class(message, screen, stacktrace)
selenium.common.exceptions.SessionNotCreatedException: Message: session not created: This version of ChromeDriver only supports Chrome version 123
Current browser version is 125.0.6422.77 with binary path C:\Program Files (x86)\Google\Chrome\Application\chrome.exe

</pre>
                        </div>
                        <!--css div popup end-->
                    </div>
                </td>
            </tr>
            
            <tr id="ft14.7" class='none'>
                <td class='errorCase'>
                    <div class='testcase'>
                        <a class="popup_link" onfocus='this.blur();'
                           href="javascript:showTestDetail('div_ft14.7')">test_HP_zlutak_to_groupsearch_poznavacky</a>
                    </div>
                </td>
                <td colspan='5' align='center'>
                    <div>
                        <!--css div popup start-->
                        <button>
                            <a class="popup_link" onfocus='this.blur();'
                               href="javascript:showTestDetail('div_ft14.7')" style="color:#660066;">
                                ERROR
                            </a></button>
                        <div id='div_ft14.7' class="popup_window">
                            <div style='text-align: right; color:red;cursor:pointer'>
                                <a onfocus='this.blur();'
                                   onclick="document.getElementById('div_ft14.7').style.display = 'none'; "
                                   style="color:red;">
                                    [x]</a>
                            </div>
                            <pre></pre>
                            <pre style="color: red;">Traceback (most recent call last):
  File "C:\Users\KADOUN\Desktop\Automatization_Project_Master_QA\EW_Automation_Local_Deploy_PyCharm\HP_C.py", line 61, in setUp
    setUp(self)
  File "C:\Users\KADOUN\Desktop\Automatization_Project_Master_QA\EW_Automation_Local_Deploy_PyCharm\to_import.py", line 43, in setUp
    self.driver = webdriver.Chrome(executable_path=chrome_driver_path)
  File "C:\Users\KADOUN\AppData\Roaming\Python\Python38\site-packages\selenium\webdriver\chrome\webdriver.py", line 76, in __init__
    RemoteWebDriver.__init__(
  File "C:\Users\KADOUN\AppData\Roaming\Python\Python38\site-packages\selenium\webdriver\remote\webdriver.py", line 157, in __init__
    self.start_session(capabilities, browser_profile)
  File "C:\Users\KADOUN\AppData\Roaming\Python\Python38\site-packages\selenium\webdriver\remote\webdriver.py", line 252, in start_session
    response = self.execute(Command.NEW_SESSION, parameters)
  File "C:\Users\KADOUN\AppData\Roaming\Python\Python38\site-packages\selenium\webdriver\remote\webdriver.py", line 321, in execute
    self.error_handler.check_response(response)
  File "C:\Users\KADOUN\AppData\Roaming\Python\Python38\site-packages\selenium\webdriver\remote\errorhandler.py", line 242, in check_response
    raise exception_class(message, screen, stacktrace)
selenium.common.exceptions.SessionNotCreatedException: Message: session not created: This version of ChromeDriver only supports Chrome version 123
Current browser version is 125.0.6422.77 with binary path C:\Program Files (x86)\Google\Chrome\Application\chrome.exe

</pre>
                        </div>
                        <!--css div popup end-->
                    </div>
                </td>
            </tr>
            
            <tr id="ft14.8" class='none'>
                <td class='errorCase'>
                    <div class='testcase'>
                        <a class="popup_link" onfocus='this.blur();'
                           href="javascript:showTestDetail('div_ft14.8')">test_HP_zlutak_to_SRL_letenky</a>
                    </div>
                </td>
                <td colspan='5' align='center'>
                    <div>
                        <!--css div popup start-->
                        <button>
                            <a class="popup_link" onfocus='this.blur();'
                               href="javascript:showTestDetail('div_ft14.8')" style="color:#660066;">
                                ERROR
                            </a></button>
                        <div id='div_ft14.8' class="popup_window">
                            <div style='text-align: right; color:red;cursor:pointer'>
                                <a onfocus='this.blur();'
                                   onclick="document.getElementById('div_ft14.8').style.display = 'none'; "
                                   style="color:red;">
                                    [x]</a>
                            </div>
                            <pre></pre>
                            <pre style="color: red;">Traceback (most recent call last):
  File "C:\Users\KADOUN\Desktop\Automatization_Project_Master_QA\EW_Automation_Local_Deploy_PyCharm\HP_C.py", line 61, in setUp
    setUp(self)
  File "C:\Users\KADOUN\Desktop\Automatization_Project_Master_QA\EW_Automation_Local_Deploy_PyCharm\to_import.py", line 43, in setUp
    self.driver = webdriver.Chrome(executable_path=chrome_driver_path)
  File "C:\Users\KADOUN\AppData\Roaming\Python\Python38\site-packages\selenium\webdriver\chrome\webdriver.py", line 76, in __init__
    RemoteWebDriver.__init__(
  File "C:\Users\KADOUN\AppData\Roaming\Python\Python38\site-packages\selenium\webdriver\remote\webdriver.py", line 157, in __init__
    self.start_session(capabilities, browser_profile)
  File "C:\Users\KADOUN\AppData\Roaming\Python\Python38\site-packages\selenium\webdriver\remote\webdriver.py", line 252, in start_session
    response = self.execute(Command.NEW_SESSION, parameters)
  File "C:\Users\KADOUN\AppData\Roaming\Python\Python38\site-packages\selenium\webdriver\remote\webdriver.py", line 321, in execute
    self.error_handler.check_response(response)
  File "C:\Users\KADOUN\AppData\Roaming\Python\Python38\site-packages\selenium\webdriver\remote\errorhandler.py", line 242, in check_response
    raise exception_class(message, screen, stacktrace)
selenium.common.exceptions.SessionNotCreatedException: Message: session not created: This version of ChromeDriver only supports Chrome version 123
Current browser version is 125.0.6422.77 with binary path C:\Program Files (x86)\Google\Chrome\Application\chrome.exe

</pre>
                        </div>
                        <!--css div popup end-->
                    </div>
                </td>
            </tr>
            
            <tr id="ft14.9" class='none'>
                <td class='errorCase'>
                    <div class='testcase'>
                        <a class="popup_link" onfocus='this.blur();'
                           href="javascript:showTestDetail('div_ft14.9')">test_HP_zlutak_to_groupsearch_letenky</a>
                    </div>
                </td>
                <td colspan='5' align='center'>
                    <div>
                        <!--css div popup start-->
                        <button>
                            <a class="popup_link" onfocus='this.blur();'
                               href="javascript:showTestDetail('div_ft14.9')" style="color:#660066;">
                                ERROR
                            </a></button>
                        <div id='div_ft14.9' class="popup_window">
                            <div style='text-align: right; color:red;cursor:pointer'>
                                <a onfocus='this.blur();'
                                   onclick="document.getElementById('div_ft14.9').style.display = 'none'; "
                                   style="color:red;">
                                    [x]</a>
                            </div>
                            <pre></pre>
                            <pre style="color: red;">Traceback (most recent call last):
  File "C:\Users\KADOUN\Desktop\Automatization_Project_Master_QA\EW_Automation_Local_Deploy_PyCharm\HP_C.py", line 61, in setUp
    setUp(self)
  File "C:\Users\KADOUN\Desktop\Automatization_Project_Master_QA\EW_Automation_Local_Deploy_PyCharm\to_import.py", line 43, in setUp
    self.driver = webdriver.Chrome(executable_path=chrome_driver_path)
  File "C:\Users\KADOUN\AppData\Roaming\Python\Python38\site-packages\selenium\webdriver\chrome\webdriver.py", line 76, in __init__
    RemoteWebDriver.__init__(
  File "C:\Users\KADOUN\AppData\Roaming\Python\Python38\site-packages\selenium\webdriver\remote\webdriver.py", line 157, in __init__
    self.start_session(capabilities, browser_profile)
  File "C:\Users\KADOUN\AppData\Roaming\Python\Python38\site-packages\selenium\webdriver\remote\webdriver.py", line 252, in start_session
    response = self.execute(Command.NEW_SESSION, parameters)
  File "C:\Users\KADOUN\AppData\Roaming\Python\Python38\site-packages\selenium\webdriver\remote\webdriver.py", line 321, in execute
    self.error_handler.check_response(response)
  File "C:\Users\KADOUN\AppData\Roaming\Python\Python38\site-packages\selenium\webdriver\remote\errorhandler.py", line 242, in check_response
    raise exception_class(message, screen, stacktrace)
selenium.common.exceptions.SessionNotCreatedException: Message: session not created: This version of ChromeDriver only supports Chrome version 123
Current browser version is 125.0.6422.77 with binary path C:\Program Files (x86)\Google\Chrome\Application\chrome.exe

</pre>
                        </div>
                        <!--css div popup end-->
                    </div>
                </td>
            </tr>
            
        
        <tr class='errorClass' style="font-weight:bold;color:white;">
            <td><a href="javascript:showClassDetail('c15','1')">EW_Automation_Local_Deploy_PyCharm.SRL_results_comparer.Test_SRL_C_comparer</a></td>
            <td>1</td>
            <td>0</td>
            <td>0</td>
            <td>1</td>
            <td>
                <button><a href="javascript:showClassDetail('c15','1')"
                           style="color:#660066;">Detail</a></button>
            </td>
        </tr>
            
            <tr id="ft15.1" class='none'>
                <td class='errorCase'>
                    <div class='testcase'>
                        <a class="popup_link" onfocus='this.blur();'
                           href="javascript:showTestDetail('div_ft15.1')">test_SRL_number_of_results_comparer</a>
                    </div>
                </td>
                <td colspan='5' align='center'>
                    <div>
                        <!--css div popup start-->
                        <button>
                            <a class="popup_link" onfocus='this.blur();'
                               href="javascript:showTestDetail('div_ft15.1')" style="color:#660066;">
                                ERROR
                            </a></button>
                        <div id='div_ft15.1' class="popup_window">
                            <div style='text-align: right; color:red;cursor:pointer'>
                                <a onfocus='this.blur();'
                                   onclick="document.getElementById('div_ft15.1').style.display = 'none'; "
                                   style="color:red;">
                                    [x]</a>
                            </div>
                            <pre></pre>
                            <pre style="color: red;">Traceback (most recent call last):
  File "C:\Users\KADOUN\Desktop\Automatization_Project_Master_QA\EW_Automation_Local_Deploy_PyCharm\SRL_results_comparer.py", line 85, in setUp
    setUp(self)
  File "C:\Users\KADOUN\Desktop\Automatization_Project_Master_QA\EW_Automation_Local_Deploy_PyCharm\to_import.py", line 43, in setUp
    self.driver = webdriver.Chrome(executable_path=chrome_driver_path)
  File "C:\Users\KADOUN\AppData\Roaming\Python\Python38\site-packages\selenium\webdriver\chrome\webdriver.py", line 76, in __init__
    RemoteWebDriver.__init__(
  File "C:\Users\KADOUN\AppData\Roaming\Python\Python38\site-packages\selenium\webdriver\remote\webdriver.py", line 157, in __init__
    self.start_session(capabilities, browser_profile)
  File "C:\Users\KADOUN\AppData\Roaming\Python\Python38\site-packages\selenium\webdriver\remote\webdriver.py", line 252, in start_session
    response = self.execute(Command.NEW_SESSION, parameters)
  File "C:\Users\KADOUN\AppData\Roaming\Python\Python38\site-packages\selenium\webdriver\remote\webdriver.py", line 321, in execute
    self.error_handler.check_response(response)
  File "C:\Users\KADOUN\AppData\Roaming\Python\Python38\site-packages\selenium\webdriver\remote\errorhandler.py", line 242, in check_response
    raise exception_class(message, screen, stacktrace)
selenium.common.exceptions.SessionNotCreatedException: Message: session not created: This version of ChromeDriver only supports Chrome version 123
Current browser version is 125.0.6422.77 with binary path C:\Program Files (x86)\Google\Chrome\Application\chrome.exe

</pre>
                        </div>
                        <!--css div popup end-->
                    </div>
                </td>
            </tr>
            
        
        <tr class='errorClass' style="font-weight:bold;color:white;">
            <td><a href="javascript:showClassDetail('c16','3')">EW_Automation_Local_Deploy_PyCharm.darkove_poukazy.Test_darkove_poukazy</a></td>
            <td>3</td>
            <td>0</td>
            <td>0</td>
            <td>3</td>
            <td>
                <button><a href="javascript:showClassDetail('c16','3')"
                           style="color:#660066;">Detail</a></button>
            </td>
        </tr>
            
            <tr id="ft16.1" class='none'>
                <td class='errorCase'>
                    <div class='testcase'>
                        <a class="popup_link" onfocus='this.blur();'
                           href="javascript:showTestDetail('div_ft16.1')">test_darkove_poukazy_motivy</a>
                    </div>
                </td>
                <td colspan='5' align='center'>
                    <div>
                        <!--css div popup start-->
                        <button>
                            <a class="popup_link" onfocus='this.blur();'
                               href="javascript:showTestDetail('div_ft16.1')" style="color:#660066;">
                                ERROR
                            </a></button>
                        <div id='div_ft16.1' class="popup_window">
                            <div style='text-align: right; color:red;cursor:pointer'>
                                <a onfocus='this.blur();'
                                   onclick="document.getElementById('div_ft16.1').style.display = 'none'; "
                                   style="color:red;">
                                    [x]</a>
                            </div>
                            <pre></pre>
                            <pre style="color: red;">Traceback (most recent call last):
  File "C:\Users\KADOUN\Desktop\Automatization_Project_Master_QA\EW_Automation_Local_Deploy_PyCharm\darkove_poukazy.py", line 35, in setUp
    setUp(self)
  File "C:\Users\KADOUN\Desktop\Automatization_Project_Master_QA\EW_Automation_Local_Deploy_PyCharm\to_import.py", line 43, in setUp
    self.driver = webdriver.Chrome(executable_path=chrome_driver_path)
  File "C:\Users\KADOUN\AppData\Roaming\Python\Python38\site-packages\selenium\webdriver\chrome\webdriver.py", line 76, in __init__
    RemoteWebDriver.__init__(
  File "C:\Users\KADOUN\AppData\Roaming\Python\Python38\site-packages\selenium\webdriver\remote\webdriver.py", line 157, in __init__
    self.start_session(capabilities, browser_profile)
  File "C:\Users\KADOUN\AppData\Roaming\Python\Python38\site-packages\selenium\webdriver\remote\webdriver.py", line 252, in start_session
    response = self.execute(Command.NEW_SESSION, parameters)
  File "C:\Users\KADOUN\AppData\Roaming\Python\Python38\site-packages\selenium\webdriver\remote\webdriver.py", line 321, in execute
    self.error_handler.check_response(response)
  File "C:\Users\KADOUN\AppData\Roaming\Python\Python38\site-packages\selenium\webdriver\remote\errorhandler.py", line 242, in check_response
    raise exception_class(message, screen, stacktrace)
selenium.common.exceptions.SessionNotCreatedException: Message: session not created: This version of ChromeDriver only supports Chrome version 123
Current browser version is 125.0.6422.77 with binary path C:\Program Files (x86)\Google\Chrome\Application\chrome.exe

</pre>
                        </div>
                        <!--css div popup end-->
                    </div>
                </td>
            </tr>
            
            <tr id="ft16.2" class='none'>
                <td class='errorCase'>
                    <div class='testcase'>
                        <a class="popup_link" onfocus='this.blur();'
                           href="javascript:showTestDetail('div_ft16.2')">test_darkove_poukazy_castka_venovani</a>
                    </div>
                </td>
                <td colspan='5' align='center'>
                    <div>
                        <!--css div popup start-->
                        <button>
                            <a class="popup_link" onfocus='this.blur();'
                               href="javascript:showTestDetail('div_ft16.2')" style="color:#660066;">
                                ERROR
                            </a></button>
                        <div id='div_ft16.2' class="popup_window">
                            <div style='text-align: right; color:red;cursor:pointer'>
                                <a onfocus='this.blur();'
                                   onclick="document.getElementById('div_ft16.2').style.display = 'none'; "
                                   style="color:red;">
                                    [x]</a>
                            </div>
                            <pre></pre>
                            <pre style="color: red;">Traceback (most recent call last):
  File "C:\Users\KADOUN\Desktop\Automatization_Project_Master_QA\EW_Automation_Local_Deploy_PyCharm\darkove_poukazy.py", line 35, in setUp
    setUp(self)
  File "C:\Users\KADOUN\Desktop\Automatization_Project_Master_QA\EW_Automation_Local_Deploy_PyCharm\to_import.py", line 43, in setUp
    self.driver = webdriver.Chrome(executable_path=chrome_driver_path)
  File "C:\Users\KADOUN\AppData\Roaming\Python\Python38\site-packages\selenium\webdriver\chrome\webdriver.py", line 76, in __init__
    RemoteWebDriver.__init__(
  File "C:\Users\KADOUN\AppData\Roaming\Python\Python38\site-packages\selenium\webdriver\remote\webdriver.py", line 157, in __init__
    self.start_session(capabilities, browser_profile)
  File "C:\Users\KADOUN\AppData\Roaming\Python\Python38\site-packages\selenium\webdriver\remote\webdriver.py", line 252, in start_session
    response = self.execute(Command.NEW_SESSION, parameters)
  File "C:\Users\KADOUN\AppData\Roaming\Python\Python38\site-packages\selenium\webdriver\remote\webdriver.py", line 321, in execute
    self.error_handler.check_response(response)
  File "C:\Users\KADOUN\AppData\Roaming\Python\Python38\site-packages\selenium\webdriver\remote\errorhandler.py", line 242, in check_response
    raise exception_class(message, screen, stacktrace)
selenium.common.exceptions.SessionNotCreatedException: Message: session not created: This version of ChromeDriver only supports Chrome version 123
Current browser version is 125.0.6422.77 with binary path C:\Program Files (x86)\Google\Chrome\Application\chrome.exe

</pre>
                        </div>
                        <!--css div popup end-->
                    </div>
                </td>
            </tr>
            
            <tr id="ft16.3" class='none'>
                <td class='errorCase'>
                    <div class='testcase'>
                        <a class="popup_link" onfocus='this.blur();'
                           href="javascript:showTestDetail('div_ft16.3')">test_darkove_poukazy_purchase</a>
                    </div>
                </td>
                <td colspan='5' align='center'>
                    <div>
                        <!--css div popup start-->
                        <button>
                            <a class="popup_link" onfocus='this.blur();'
                               href="javascript:showTestDetail('div_ft16.3')" style="color:#660066;">
                                ERROR
                            </a></button>
                        <div id='div_ft16.3' class="popup_window">
                            <div style='text-align: right; color:red;cursor:pointer'>
                                <a onfocus='this.blur();'
                                   onclick="document.getElementById('div_ft16.3').style.display = 'none'; "
                                   style="color:red;">
                                    [x]</a>
                            </div>
                            <pre></pre>
                            <pre style="color: red;">Traceback (most recent call last):
  File "C:\Users\KADOUN\Desktop\Automatization_Project_Master_QA\EW_Automation_Local_Deploy_PyCharm\darkove_poukazy.py", line 35, in setUp
    setUp(self)
  File "C:\Users\KADOUN\Desktop\Automatization_Project_Master_QA\EW_Automation_Local_Deploy_PyCharm\to_import.py", line 43, in setUp
    self.driver = webdriver.Chrome(executable_path=chrome_driver_path)
  File "C:\Users\KADOUN\AppData\Roaming\Python\Python38\site-packages\selenium\webdriver\chrome\webdriver.py", line 76, in __init__
    RemoteWebDriver.__init__(
  File "C:\Users\KADOUN\AppData\Roaming\Python\Python38\site-packages\selenium\webdriver\remote\webdriver.py", line 157, in __init__
    self.start_session(capabilities, browser_profile)
  File "C:\Users\KADOUN\AppData\Roaming\Python\Python38\site-packages\selenium\webdriver\remote\webdriver.py", line 252, in start_session
    response = self.execute(Command.NEW_SESSION, parameters)
  File "C:\Users\KADOUN\AppData\Roaming\Python\Python38\site-packages\selenium\webdriver\remote\webdriver.py", line 321, in execute
    self.error_handler.check_response(response)
  File "C:\Users\KADOUN\AppData\Roaming\Python\Python38\site-packages\selenium\webdriver\remote\errorhandler.py", line 242, in check_response
    raise exception_class(message, screen, stacktrace)
selenium.common.exceptions.SessionNotCreatedException: Message: session not created: This version of ChromeDriver only supports Chrome version 123
Current browser version is 125.0.6422.77 with binary path C:\Program Files (x86)\Google\Chrome\Application\chrome.exe

</pre>
                        </div>
                        <!--css div popup end-->
                    </div>
                </td>
            </tr>
            
        

        <tr id='total_row'>
            <td>Total</td>
            <td>41</td>
            <td>0</td>
            <td>0</td>
            <td>41</td>
            <td>&nbsp;</td>
        </tr>
    </table>
</div>
<br><br>
<div id='ending'><b>Time Elapsed: </b>0:02:25.565262</div>
</body>
</html>